<?xml version="1.0" encoding="UTF-8"?>
<robot generator="Robot 6.1 (Python 3.10.12 on linux)" generated="20240111 16:04:08.344" rpa="false" schemaversion="4">
<suite id="s1" name="robot Assignment" source="/home/lakshman_k/rftest/robot_Assignment">
<suite id="s1-s1" name="Assignment1" source="/home/lakshman_k/rftest/robot_Assignment/assignment1">
<suite id="s1-s1-s1" name="Click On First Link" source="/home/lakshman_k/rftest/robot_Assignment/assignment1/click_on_first_link.robot">
<kw name="Browser Setup" library="common-function" type="SETUP">
<kw name="Evaluate" library="BuiltIn">
<var>${dc}</var>
<arg>sys.modules['selenium.webdriver'].DesiredCapabilities()</arg>
<arg>sys, selenium.webdriver</arg>
<doc>Evaluates the given expression in Python and returns the result.</doc>
<msg timestamp="20240111 16:04:08.501" level="INFO">${dc} = &lt;selenium.webdriver.common.desired_capabilities.DesiredCapabilities object at 0x7f0afdb92b60&gt;</msg>
<status status="PASS" starttime="20240111 16:04:08.501" endtime="20240111 16:04:08.501"/>
</kw>
<kw name="Evaluate" library="BuiltIn">
<var>${chrome_options}</var>
<arg>sys.modules['selenium.webdriver'].ChromeOptions()</arg>
<arg>sys, selenium.webdriver</arg>
<doc>Evaluates the given expression in Python and returns the result.</doc>
<msg timestamp="20240111 16:04:08.502" level="INFO">${chrome_options} = &lt;selenium.webdriver.chrome.options.Options object at 0x7f0afdb92cb0&gt;</msg>
<status status="PASS" starttime="20240111 16:04:08.502" endtime="20240111 16:04:08.502"/>
</kw>
<kw name="Call Method" library="BuiltIn">
<arg>${chrome_options}</arg>
<arg>add_argument</arg>
<arg>--enable-notifications</arg>
<doc>Calls the named method of the given object with the provided arguments.</doc>
<status status="PASS" starttime="20240111 16:04:08.502" endtime="20240111 16:04:08.502"/>
</kw>
<kw name="Call Method" library="BuiltIn">
<arg>${chrome_options}</arg>
<arg>add_argument</arg>
<arg>--window-size\=1360,768</arg>
<doc>Calls the named method of the given object with the provided arguments.</doc>
<status status="PASS" starttime="20240111 16:04:08.502" endtime="20240111 16:04:08.502"/>
</kw>
<kw name="Call Method" library="BuiltIn">
<arg>${chrome_options}</arg>
<arg>add_argument</arg>
<arg>--start-maximized</arg>
<doc>Calls the named method of the given object with the provided arguments.</doc>
<status status="PASS" starttime="20240111 16:04:08.502" endtime="20240111 16:04:08.502"/>
</kw>
<kw name="Call Method" library="BuiltIn">
<arg>${chrome_options}</arg>
<arg>add_argument</arg>
<arg>--allow-insecure-localhost</arg>
<doc>Calls the named method of the given object with the provided arguments.</doc>
<status status="PASS" starttime="20240111 16:04:08.503" endtime="20240111 16:04:08.503"/>
</kw>
<kw name="Call Method" library="BuiltIn">
<arg>${chrome_options}</arg>
<arg>add_argument</arg>
<arg>--ignore-certificate-errors</arg>
<doc>Calls the named method of the given object with the provided arguments.</doc>
<status status="PASS" starttime="20240111 16:04:08.503" endtime="20240111 16:04:08.503"/>
</kw>
<kw name="Call Method" library="BuiltIn">
<arg>${chrome_options}</arg>
<arg>add_argument</arg>
<arg>--no-sandbox</arg>
<doc>Calls the named method of the given object with the provided arguments.</doc>
<status status="PASS" starttime="20240111 16:04:08.503" endtime="20240111 16:04:08.503"/>
</kw>
<kw name="Call Method" library="BuiltIn">
<arg>${chrome_options}</arg>
<arg>add_argument</arg>
<arg>--disable-dev-shm-usage</arg>
<doc>Calls the named method of the given object with the provided arguments.</doc>
<status status="PASS" starttime="20240111 16:04:08.503" endtime="20240111 16:04:08.503"/>
</kw>
<kw name="Call Method" library="BuiltIn">
<var>${dc}</var>
<arg>${chrome_options}</arg>
<arg>to_capabilities</arg>
<doc>Calls the named method of the given object with the provided arguments.</doc>
<msg timestamp="20240111 16:04:08.503" level="INFO">${dc} = {'browserName': 'chrome', 'pageLoadStrategy': 'normal', 'goog:chromeOptions': {'extensions': [], 'args': ['--enable-notifications', '--window-size=1360,768', '--start-maximized', '--allow-insecure-loc...</msg>
<status status="PASS" starttime="20240111 16:04:08.503" endtime="20240111 16:04:08.503"/>
</kw>
<kw name="Create Dictionary" library="BuiltIn">
<var>${selenoid_args}</var>
<arg>enableVNC=${True}</arg>
<arg>name=${SUITE NAME}</arg>
<doc>Creates and returns a dictionary based on the given ``items``.</doc>
<msg timestamp="20240111 16:04:08.504" level="INFO">${selenoid_args} = {'enableVNC': True, 'name': 'robot Assignment.Assignment1.Click On First Link'}</msg>
<status status="PASS" starttime="20240111 16:04:08.504" endtime="20240111 16:04:08.504"/>
</kw>
<kw name="Set To Dictionary" library="Collections">
<arg>${dc}</arg>
<arg>selenoid:options</arg>
<arg>${selenoid_args}</arg>
<doc>Adds the given ``key_value_pairs`` and/or ``items`` to the ``dictionary``.</doc>
<status status="PASS" starttime="20240111 16:04:08.504" endtime="20240111 16:04:08.504"/>
</kw>
<kw name="Log" library="BuiltIn">
<arg>${dc}</arg>
<doc>Logs the given message with the given level.</doc>
<msg timestamp="20240111 16:04:08.505" level="INFO">{'browserName': 'chrome', 'pageLoadStrategy': 'normal', 'goog:chromeOptions': {'extensions': [], 'args': ['--enable-notifications', '--window-size=1360,768', '--start-maximized', '--allow-insecure-localhost', '--ignore-certificate-errors', '--no-sandbox', '--disable-dev-shm-usage']}, 'selenoid:options': {'enableVNC': True, 'name': 'robot Assignment.Assignment1.Click On First Link'}}</msg>
<status status="PASS" starttime="20240111 16:04:08.504" endtime="20240111 16:04:08.505"/>
</kw>
<kw name="Create Webdriver" library="SeleniumLibrary">
<arg>Remote</arg>
<arg>command_executor=http://${hub_url}:4444/wd/hub</arg>
<arg>desired_capabilities=${dc}</arg>
<doc>Creates an instance of Selenium WebDriver.</doc>
<msg timestamp="20240111 16:04:08.505" level="INFO">Creating an instance of the Remote WebDriver.</msg>
<status status="PASS" starttime="20240111 16:04:08.505" endtime="20240111 16:04:09.420"/>
</kw>
<kw name="Set Selenium Speed" library="SeleniumLibrary">
<arg>0.1</arg>
<doc>Sets the delay that is waited after each Selenium command.</doc>
<status status="PASS" starttime="20240111 16:04:09.421" endtime="20240111 16:04:09.421"/>
</kw>
<kw name="Run Keyword And Ignore Error" library="BuiltIn">
<arg>Maximize Browser Window</arg>
<doc>Runs the given keyword with the given arguments and ignores possible error.</doc>
<kw name="Maximize Browser Window" library="SeleniumLibrary">
<doc>Maximizes current browser window.</doc>
<status status="PASS" starttime="20240111 16:04:09.421" endtime="20240111 16:04:09.625"/>
</kw>
<status status="PASS" starttime="20240111 16:04:09.421" endtime="20240111 16:04:09.626"/>
</kw>
<status status="PASS" starttime="20240111 16:04:08.501" endtime="20240111 16:04:09.626"/>
</kw>
<test id="s1-s1-s1-t1" name="Assert First Link On Google Search" line="13">
<kw name="Go To" library="SeleniumLibrary">
<arg>${URL}</arg>
<doc>Navigates the current browser window to the provided ``url``.</doc>
<msg timestamp="20240111 16:04:09.627" level="INFO">Opening url 'https://www.google.com/'</msg>
<status status="PASS" starttime="20240111 16:04:09.627" endtime="20240111 16:04:12.348"/>
</kw>
<kw name="Input Text" library="SeleniumLibrary">
<arg>xpath=//textarea[@title='Search']</arg>
<arg>${TextToEnter}</arg>
<doc>Types the given ``text`` into the text field identified by ``locator``.</doc>
<msg timestamp="20240111 16:04:12.350" level="INFO">Typing text 'ai will take over the world' into text field 'xpath=//textarea[@title='Search']'.</msg>
<status status="PASS" starttime="20240111 16:04:12.348" endtime="20240111 16:04:12.827"/>
</kw>
<kw name="Wait And Click">
<arg>xpath=//div[@role = 'presentation']//li[@role = 'presentation'][1]</arg>
<kw name="Wait Until Element Is Visible" library="SeleniumLibrary">
<arg>${locator}</arg>
<doc>Waits until the element ``locator`` is visible.</doc>
<status status="PASS" starttime="20240111 16:04:12.828" endtime="20240111 16:04:13.398"/>
</kw>
<kw name="Click Element" library="SeleniumLibrary">
<arg>${locator}</arg>
<doc>Click the element identified by ``locator``.</doc>
<msg timestamp="20240111 16:04:13.399" level="INFO">Clicking element 'xpath=//div[@role = 'presentation']//li[@role = 'presentation'][1]'.</msg>
<status status="PASS" starttime="20240111 16:04:13.398" endtime="20240111 16:04:13.898"/>
</kw>
<status status="PASS" starttime="20240111 16:04:12.828" endtime="20240111 16:04:13.899"/>
</kw>
<kw name="Wait And Click">
<arg>xpath=(//*[@id='Odp5De']//a)[1]</arg>
<kw name="Wait Until Element Is Visible" library="SeleniumLibrary">
<arg>${locator}</arg>
<doc>Waits until the element ``locator`` is visible.</doc>
<status status="PASS" starttime="20240111 16:04:13.900" endtime="20240111 16:04:18.620"/>
</kw>
<kw name="Click Element" library="SeleniumLibrary">
<arg>${locator}</arg>
<doc>Click the element identified by ``locator``.</doc>
<msg timestamp="20240111 16:04:18.621" level="INFO">Clicking element 'xpath=(//*[@id='Odp5De']//a)[1]'.</msg>
<status status="PASS" starttime="20240111 16:04:18.620" endtime="20240111 16:04:20.281"/>
</kw>
<status status="PASS" starttime="20240111 16:04:13.899" endtime="20240111 16:04:20.281"/>
</kw>
<kw name="Get Location" library="SeleniumLibrary">
<var>${current_browser_link}</var>
<doc>Returns the current browser window URL.</doc>
<msg timestamp="20240111 16:04:20.390" level="INFO">${current_browser_link} = https://www.techbusinessnews.com.au/opinion/could-artificial-intelligence-take-over-the-world/</msg>
<status status="PASS" starttime="20240111 16:04:20.281" endtime="20240111 16:04:20.390"/>
</kw>
<kw name="Should Contain" library="BuiltIn">
<arg>${current_browser_link}</arg>
<arg>https://www.techbusinessnews.com.au/opinion/could-artificial-intelligence-take-over-the-world</arg>
<doc>Fails if ``container`` does not contain ``item`` one or more times.</doc>
<status status="PASS" starttime="20240111 16:04:20.390" endtime="20240111 16:04:20.391"/>
</kw>
<kw name="Get Title" library="SeleniumLibrary">
<var>${link_title}</var>
<doc>Returns the title of the current page.</doc>
<msg timestamp="20240111 16:04:20.511" level="INFO">${link_title} = Will AI - Artificial Intelligence Take Over The World? - Tech Business News</msg>
<status status="PASS" starttime="20240111 16:04:20.391" endtime="20240111 16:04:20.511"/>
</kw>
<kw name="Should Contain" library="BuiltIn">
<arg>${link_title}</arg>
<arg>Will AI - Artificial Intelligence Take Over The World? - Tech Business News</arg>
<doc>Fails if ``container`` does not contain ``item`` one or more times.</doc>
<status status="PASS" starttime="20240111 16:04:20.512" endtime="20240111 16:04:20.512"/>
</kw>
<kw name="Close Browser" library="SeleniumLibrary">
<doc>Closes the current browser.</doc>
<status status="PASS" starttime="20240111 16:04:20.512" endtime="20240111 16:04:20.666"/>
</kw>
<status status="PASS" starttime="20240111 16:04:09.626" endtime="20240111 16:04:20.666"/>
</test>
<status status="PASS" starttime="20240111 16:04:08.359" endtime="20240111 16:04:20.667"/>
</suite>
<status status="PASS" starttime="20240111 16:04:08.357" endtime="20240111 16:04:20.669"/>
</suite>
<suite id="s1-s2" name="Assignment2" source="/home/lakshman_k/rftest/robot_Assignment/assignment2">
<suite id="s1-s2-s1" name="Read And Populate From Xls" source="/home/lakshman_k/rftest/robot_Assignment/assignment2/read_and_populate_from_xls.robot">
<kw name="Browser Setup" library="common-function" type="SETUP">
<kw name="Evaluate" library="BuiltIn">
<var>${dc}</var>
<arg>sys.modules['selenium.webdriver'].DesiredCapabilities()</arg>
<arg>sys, selenium.webdriver</arg>
<doc>Evaluates the given expression in Python and returns the result.</doc>
<msg timestamp="20240111 16:04:20.828" level="INFO">${dc} = &lt;selenium.webdriver.common.desired_capabilities.DesiredCapabilities object at 0x7f0afc838490&gt;</msg>
<status status="PASS" starttime="20240111 16:04:20.827" endtime="20240111 16:04:20.828"/>
</kw>
<kw name="Evaluate" library="BuiltIn">
<var>${chrome_options}</var>
<arg>sys.modules['selenium.webdriver'].ChromeOptions()</arg>
<arg>sys, selenium.webdriver</arg>
<doc>Evaluates the given expression in Python and returns the result.</doc>
<msg timestamp="20240111 16:04:20.828" level="INFO">${chrome_options} = &lt;selenium.webdriver.chrome.options.Options object at 0x7f0afc8385e0&gt;</msg>
<status status="PASS" starttime="20240111 16:04:20.828" endtime="20240111 16:04:20.828"/>
</kw>
<kw name="Call Method" library="BuiltIn">
<arg>${chrome_options}</arg>
<arg>add_argument</arg>
<arg>--enable-notifications</arg>
<doc>Calls the named method of the given object with the provided arguments.</doc>
<status status="PASS" starttime="20240111 16:04:20.828" endtime="20240111 16:04:20.828"/>
</kw>
<kw name="Call Method" library="BuiltIn">
<arg>${chrome_options}</arg>
<arg>add_argument</arg>
<arg>--window-size\=1360,768</arg>
<doc>Calls the named method of the given object with the provided arguments.</doc>
<status status="PASS" starttime="20240111 16:04:20.828" endtime="20240111 16:04:20.828"/>
</kw>
<kw name="Call Method" library="BuiltIn">
<arg>${chrome_options}</arg>
<arg>add_argument</arg>
<arg>--start-maximized</arg>
<doc>Calls the named method of the given object with the provided arguments.</doc>
<status status="PASS" starttime="20240111 16:04:20.829" endtime="20240111 16:04:20.829"/>
</kw>
<kw name="Call Method" library="BuiltIn">
<arg>${chrome_options}</arg>
<arg>add_argument</arg>
<arg>--allow-insecure-localhost</arg>
<doc>Calls the named method of the given object with the provided arguments.</doc>
<status status="PASS" starttime="20240111 16:04:20.829" endtime="20240111 16:04:20.829"/>
</kw>
<kw name="Call Method" library="BuiltIn">
<arg>${chrome_options}</arg>
<arg>add_argument</arg>
<arg>--ignore-certificate-errors</arg>
<doc>Calls the named method of the given object with the provided arguments.</doc>
<status status="PASS" starttime="20240111 16:04:20.829" endtime="20240111 16:04:20.829"/>
</kw>
<kw name="Call Method" library="BuiltIn">
<arg>${chrome_options}</arg>
<arg>add_argument</arg>
<arg>--no-sandbox</arg>
<doc>Calls the named method of the given object with the provided arguments.</doc>
<status status="PASS" starttime="20240111 16:04:20.829" endtime="20240111 16:04:20.829"/>
</kw>
<kw name="Call Method" library="BuiltIn">
<arg>${chrome_options}</arg>
<arg>add_argument</arg>
<arg>--disable-dev-shm-usage</arg>
<doc>Calls the named method of the given object with the provided arguments.</doc>
<status status="PASS" starttime="20240111 16:04:20.829" endtime="20240111 16:04:20.829"/>
</kw>
<kw name="Call Method" library="BuiltIn">
<var>${dc}</var>
<arg>${chrome_options}</arg>
<arg>to_capabilities</arg>
<doc>Calls the named method of the given object with the provided arguments.</doc>
<msg timestamp="20240111 16:04:20.829" level="INFO">${dc} = {'browserName': 'chrome', 'pageLoadStrategy': 'normal', 'goog:chromeOptions': {'extensions': [], 'args': ['--enable-notifications', '--window-size=1360,768', '--start-maximized', '--allow-insecure-loc...</msg>
<status status="PASS" starttime="20240111 16:04:20.829" endtime="20240111 16:04:20.829"/>
</kw>
<kw name="Create Dictionary" library="BuiltIn">
<var>${selenoid_args}</var>
<arg>enableVNC=${True}</arg>
<arg>name=${SUITE NAME}</arg>
<doc>Creates and returns a dictionary based on the given ``items``.</doc>
<msg timestamp="20240111 16:04:20.830" level="INFO">${selenoid_args} = {'enableVNC': True, 'name': 'robot Assignment.Assignment2.Read And Populate From Xls'}</msg>
<status status="PASS" starttime="20240111 16:04:20.829" endtime="20240111 16:04:20.830"/>
</kw>
<kw name="Set To Dictionary" library="Collections">
<arg>${dc}</arg>
<arg>selenoid:options</arg>
<arg>${selenoid_args}</arg>
<doc>Adds the given ``key_value_pairs`` and/or ``items`` to the ``dictionary``.</doc>
<status status="PASS" starttime="20240111 16:04:20.830" endtime="20240111 16:04:20.830"/>
</kw>
<kw name="Log" library="BuiltIn">
<arg>${dc}</arg>
<doc>Logs the given message with the given level.</doc>
<msg timestamp="20240111 16:04:20.830" level="INFO">{'browserName': 'chrome', 'pageLoadStrategy': 'normal', 'goog:chromeOptions': {'extensions': [], 'args': ['--enable-notifications', '--window-size=1360,768', '--start-maximized', '--allow-insecure-localhost', '--ignore-certificate-errors', '--no-sandbox', '--disable-dev-shm-usage']}, 'selenoid:options': {'enableVNC': True, 'name': 'robot Assignment.Assignment2.Read And Populate From Xls'}}</msg>
<status status="PASS" starttime="20240111 16:04:20.830" endtime="20240111 16:04:20.830"/>
</kw>
<kw name="Create Webdriver" library="SeleniumLibrary">
<arg>Remote</arg>
<arg>command_executor=http://${hub_url}:4444/wd/hub</arg>
<arg>desired_capabilities=${dc}</arg>
<doc>Creates an instance of Selenium WebDriver.</doc>
<msg timestamp="20240111 16:04:20.830" level="INFO">Creating an instance of the Remote WebDriver.</msg>
<status status="PASS" starttime="20240111 16:04:20.830" endtime="20240111 16:04:21.717"/>
</kw>
<kw name="Set Selenium Speed" library="SeleniumLibrary">
<arg>0.1</arg>
<doc>Sets the delay that is waited after each Selenium command.</doc>
<status status="PASS" starttime="20240111 16:04:21.717" endtime="20240111 16:04:21.718"/>
</kw>
<kw name="Run Keyword And Ignore Error" library="BuiltIn">
<arg>Maximize Browser Window</arg>
<doc>Runs the given keyword with the given arguments and ignores possible error.</doc>
<kw name="Maximize Browser Window" library="SeleniumLibrary">
<doc>Maximizes current browser window.</doc>
<status status="PASS" starttime="20240111 16:04:21.718" endtime="20240111 16:04:21.925"/>
</kw>
<status status="PASS" starttime="20240111 16:04:21.718" endtime="20240111 16:04:21.925"/>
</kw>
<status status="PASS" starttime="20240111 16:04:20.827" endtime="20240111 16:04:21.926"/>
</kw>
<test id="s1-s2-s1-t1" name="Enter Employee Details" line="14">
<kw name="Start Browser">
<kw name="Go To" library="SeleniumLibrary">
<arg>${URL}</arg>
<doc>Navigates the current browser window to the provided ``url``.</doc>
<msg timestamp="20240111 16:04:21.928" level="INFO">Opening url 'https://rpachallenge.com/'</msg>
<status status="PASS" starttime="20240111 16:04:21.928" endtime="20240111 16:04:25.866"/>
</kw>
<kw name="Maximize Browser Window" library="SeleniumLibrary">
<doc>Maximizes current browser window.</doc>
<status status="PASS" starttime="20240111 16:04:25.867" endtime="20240111 16:04:25.973"/>
</kw>
<kw name="Scroll Element Into View" library="SeleniumLibrary">
<arg>xpath=//button[text()='Start']</arg>
<doc>Scrolls the element identified by ``locator`` into view.</doc>
<status status="PASS" starttime="20240111 16:04:25.974" endtime="20240111 16:04:26.477"/>
</kw>
<kw name="Click Button" library="SeleniumLibrary">
<arg>xpath=//button[text()='Start']</arg>
<doc>Clicks the button identified by ``locator``.</doc>
<msg timestamp="20240111 16:04:26.478" level="INFO">Clicking button 'xpath=//button[text()='Start']'.</msg>
<status status="PASS" starttime="20240111 16:04:26.477" endtime="20240111 16:04:27.087"/>
</kw>
<status status="PASS" starttime="20240111 16:04:21.927" endtime="20240111 16:04:27.087"/>
</kw>
<for flavor="IN RANGE">
<var>${index}</var>
<value>2</value>
<value>12</value>
<iter>
<var name="${index}">2</var>
<kw name="Read Excel Row" library="get_row_data">
<var>@{output}</var>
<arg>${file_path}</arg>
<arg>${sheet_name}</arg>
<arg>${index}</arg>
<msg timestamp="20240111 16:04:27.172" level="INFO">Row Data: ['John', 'Smith', 'IT Solutions', 'Analyst', '98 North Road', 'jsmith@itsolutions.co.uk', 40716543298]</msg>
<msg timestamp="20240111 16:04:27.172" level="INFO">@{output} = [ John | Smith | IT Solutions | Analyst | 98 North Road | jsmith@itsolutions.co.uk | 40716543298 ]</msg>
<status status="PASS" starttime="20240111 16:04:27.088" endtime="20240111 16:04:27.172"/>
</kw>
<kw name="Fill Form Website">
<arg>${output[0]}</arg>
<arg>${output[1]}</arg>
<arg>${output[2]}</arg>
<arg>${output[3]}</arg>
<arg>${output[4]}</arg>
<arg>${output[5]}</arg>
<arg>${output[6]}</arg>
<kw name="Input Text" library="SeleniumLibrary">
<arg>xpath=//input[@ng-reflect-name='labelFirstName']</arg>
<arg>${first_name}</arg>
<doc>Types the given ``text`` into the text field identified by ``locator``.</doc>
<msg timestamp="20240111 16:04:27.175" level="INFO">Typing text 'John' into text field 'xpath=//input[@ng-reflect-name='labelFirstName']'.</msg>
<status status="PASS" starttime="20240111 16:04:27.175" endtime="20240111 16:04:27.601"/>
</kw>
<kw name="Input Text" library="SeleniumLibrary">
<arg>xpath=//input[@ng-reflect-name='labelLastName']</arg>
<arg>${last_name}</arg>
<doc>Types the given ``text`` into the text field identified by ``locator``.</doc>
<msg timestamp="20240111 16:04:27.602" level="INFO">Typing text 'Smith' into text field 'xpath=//input[@ng-reflect-name='labelLastName']'.</msg>
<status status="PASS" starttime="20240111 16:04:27.601" endtime="20240111 16:04:28.016"/>
</kw>
<kw name="Input Text" library="SeleniumLibrary">
<arg>xpath=//input[@ng-reflect-name='labelCompanyName']</arg>
<arg>${company_name}</arg>
<doc>Types the given ``text`` into the text field identified by ``locator``.</doc>
<msg timestamp="20240111 16:04:28.017" level="INFO">Typing text 'IT Solutions' into text field 'xpath=//input[@ng-reflect-name='labelCompanyName']'.</msg>
<status status="PASS" starttime="20240111 16:04:28.016" endtime="20240111 16:04:28.436"/>
</kw>
<kw name="Input Text" library="SeleniumLibrary">
<arg>xpath=//input[@ng-reflect-name='labelRole']</arg>
<arg>${role}</arg>
<doc>Types the given ``text`` into the text field identified by ``locator``.</doc>
<msg timestamp="20240111 16:04:28.438" level="INFO">Typing text 'Analyst' into text field 'xpath=//input[@ng-reflect-name='labelRole']'.</msg>
<status status="PASS" starttime="20240111 16:04:28.437" endtime="20240111 16:04:28.853"/>
</kw>
<kw name="Input Text" library="SeleniumLibrary">
<arg>xpath=//input[@ng-reflect-name='labelAddress']</arg>
<arg>${address}</arg>
<doc>Types the given ``text`` into the text field identified by ``locator``.</doc>
<msg timestamp="20240111 16:04:28.854" level="INFO">Typing text '98 North Road' into text field 'xpath=//input[@ng-reflect-name='labelAddress']'.</msg>
<status status="PASS" starttime="20240111 16:04:28.853" endtime="20240111 16:04:29.286"/>
</kw>
<kw name="Input Text" library="SeleniumLibrary">
<arg>xpath=//input[@ng-reflect-name='labelEmail']</arg>
<arg>${email}</arg>
<doc>Types the given ``text`` into the text field identified by ``locator``.</doc>
<msg timestamp="20240111 16:04:29.287" level="INFO">Typing text 'jsmith@itsolutions.co.uk' into text field 'xpath=//input[@ng-reflect-name='labelEmail']'.</msg>
<status status="PASS" starttime="20240111 16:04:29.286" endtime="20240111 16:04:29.736"/>
</kw>
<kw name="Input Text" library="SeleniumLibrary">
<arg>xpath=//input[@ng-reflect-name='labelPhone']</arg>
<arg>${phone_number}</arg>
<doc>Types the given ``text`` into the text field identified by ``locator``.</doc>
<msg timestamp="20240111 16:04:29.738" level="INFO">Typing text '40716543298' into text field 'xpath=//input[@ng-reflect-name='labelPhone']'.</msg>
<status status="PASS" starttime="20240111 16:04:29.736" endtime="20240111 16:04:30.159"/>
</kw>
<kw name="Click Element" library="SeleniumLibrary">
<arg>xpath=//input[@value='Submit']</arg>
<doc>Click the element identified by ``locator``.</doc>
<msg timestamp="20240111 16:04:30.160" level="INFO">Clicking element 'xpath=//input[@value='Submit']'.</msg>
<status status="PASS" starttime="20240111 16:04:30.159" endtime="20240111 16:04:30.439"/>
</kw>
<status status="PASS" starttime="20240111 16:04:27.173" endtime="20240111 16:04:30.439"/>
</kw>
<status status="PASS" starttime="20240111 16:04:27.088" endtime="20240111 16:04:30.439"/>
</iter>
<iter>
<var name="${index}">3</var>
<kw name="Read Excel Row" library="get_row_data">
<var>@{output}</var>
<arg>${file_path}</arg>
<arg>${sheet_name}</arg>
<arg>${index}</arg>
<msg timestamp="20240111 16:04:30.514" level="INFO">Row Data: ['Jane', 'Dorsey', 'MediCare', 'Medical Engineer', '11 Crown Street', 'jdorsey@mc.com', 40791345621]</msg>
<msg timestamp="20240111 16:04:30.514" level="INFO">@{output} = [ Jane | Dorsey | MediCare | Medical Engineer | 11 Crown Street | jdorsey@mc.com | 40791345621 ]</msg>
<status status="PASS" starttime="20240111 16:04:30.440" endtime="20240111 16:04:30.515"/>
</kw>
<kw name="Fill Form Website">
<arg>${output[0]}</arg>
<arg>${output[1]}</arg>
<arg>${output[2]}</arg>
<arg>${output[3]}</arg>
<arg>${output[4]}</arg>
<arg>${output[5]}</arg>
<arg>${output[6]}</arg>
<kw name="Input Text" library="SeleniumLibrary">
<arg>xpath=//input[@ng-reflect-name='labelFirstName']</arg>
<arg>${first_name}</arg>
<doc>Types the given ``text`` into the text field identified by ``locator``.</doc>
<msg timestamp="20240111 16:04:30.517" level="INFO">Typing text 'Jane' into text field 'xpath=//input[@ng-reflect-name='labelFirstName']'.</msg>
<status status="PASS" starttime="20240111 16:04:30.517" endtime="20240111 16:04:30.911"/>
</kw>
<kw name="Input Text" library="SeleniumLibrary">
<arg>xpath=//input[@ng-reflect-name='labelLastName']</arg>
<arg>${last_name}</arg>
<doc>Types the given ``text`` into the text field identified by ``locator``.</doc>
<msg timestamp="20240111 16:04:30.912" level="INFO">Typing text 'Dorsey' into text field 'xpath=//input[@ng-reflect-name='labelLastName']'.</msg>
<status status="PASS" starttime="20240111 16:04:30.911" endtime="20240111 16:04:31.317"/>
</kw>
<kw name="Input Text" library="SeleniumLibrary">
<arg>xpath=//input[@ng-reflect-name='labelCompanyName']</arg>
<arg>${company_name}</arg>
<doc>Types the given ``text`` into the text field identified by ``locator``.</doc>
<msg timestamp="20240111 16:04:31.318" level="INFO">Typing text 'MediCare' into text field 'xpath=//input[@ng-reflect-name='labelCompanyName']'.</msg>
<status status="PASS" starttime="20240111 16:04:31.317" endtime="20240111 16:04:31.732"/>
</kw>
<kw name="Input Text" library="SeleniumLibrary">
<arg>xpath=//input[@ng-reflect-name='labelRole']</arg>
<arg>${role}</arg>
<doc>Types the given ``text`` into the text field identified by ``locator``.</doc>
<msg timestamp="20240111 16:04:31.733" level="INFO">Typing text 'Medical Engineer' into text field 'xpath=//input[@ng-reflect-name='labelRole']'.</msg>
<status status="PASS" starttime="20240111 16:04:31.733" endtime="20240111 16:04:32.150"/>
</kw>
<kw name="Input Text" library="SeleniumLibrary">
<arg>xpath=//input[@ng-reflect-name='labelAddress']</arg>
<arg>${address}</arg>
<doc>Types the given ``text`` into the text field identified by ``locator``.</doc>
<msg timestamp="20240111 16:04:32.151" level="INFO">Typing text '11 Crown Street' into text field 'xpath=//input[@ng-reflect-name='labelAddress']'.</msg>
<status status="PASS" starttime="20240111 16:04:32.150" endtime="20240111 16:04:32.565"/>
</kw>
<kw name="Input Text" library="SeleniumLibrary">
<arg>xpath=//input[@ng-reflect-name='labelEmail']</arg>
<arg>${email}</arg>
<doc>Types the given ``text`` into the text field identified by ``locator``.</doc>
<msg timestamp="20240111 16:04:32.566" level="INFO">Typing text 'jdorsey@mc.com' into text field 'xpath=//input[@ng-reflect-name='labelEmail']'.</msg>
<status status="PASS" starttime="20240111 16:04:32.565" endtime="20240111 16:04:32.981"/>
</kw>
<kw name="Input Text" library="SeleniumLibrary">
<arg>xpath=//input[@ng-reflect-name='labelPhone']</arg>
<arg>${phone_number}</arg>
<doc>Types the given ``text`` into the text field identified by ``locator``.</doc>
<msg timestamp="20240111 16:04:32.982" level="INFO">Typing text '40791345621' into text field 'xpath=//input[@ng-reflect-name='labelPhone']'.</msg>
<status status="PASS" starttime="20240111 16:04:32.981" endtime="20240111 16:04:33.401"/>
</kw>
<kw name="Click Element" library="SeleniumLibrary">
<arg>xpath=//input[@value='Submit']</arg>
<doc>Click the element identified by ``locator``.</doc>
<msg timestamp="20240111 16:04:33.402" level="INFO">Clicking element 'xpath=//input[@value='Submit']'.</msg>
<status status="PASS" starttime="20240111 16:04:33.401" endtime="20240111 16:04:33.678"/>
</kw>
<status status="PASS" starttime="20240111 16:04:30.515" endtime="20240111 16:04:33.678"/>
</kw>
<status status="PASS" starttime="20240111 16:04:30.439" endtime="20240111 16:04:33.678"/>
</iter>
<iter>
<var name="${index}">4</var>
<kw name="Read Excel Row" library="get_row_data">
<var>@{output}</var>
<arg>${file_path}</arg>
<arg>${sheet_name}</arg>
<arg>${index}</arg>
<msg timestamp="20240111 16:04:33.785" level="INFO">Row Data: ['Albert', 'Kipling', 'Waterfront', 'Accountant', '22 Guild Street', 'kipling@waterfront.com', 40735416854]</msg>
<msg timestamp="20240111 16:04:33.785" level="INFO">@{output} = [ Albert | Kipling | Waterfront | Accountant | 22 Guild Street | kipling@waterfront.com | 40735416854 ]</msg>
<status status="PASS" starttime="20240111 16:04:33.678" endtime="20240111 16:04:33.785"/>
</kw>
<kw name="Fill Form Website">
<arg>${output[0]}</arg>
<arg>${output[1]}</arg>
<arg>${output[2]}</arg>
<arg>${output[3]}</arg>
<arg>${output[4]}</arg>
<arg>${output[5]}</arg>
<arg>${output[6]}</arg>
<kw name="Input Text" library="SeleniumLibrary">
<arg>xpath=//input[@ng-reflect-name='labelFirstName']</arg>
<arg>${first_name}</arg>
<doc>Types the given ``text`` into the text field identified by ``locator``.</doc>
<msg timestamp="20240111 16:04:33.788" level="INFO">Typing text 'Albert' into text field 'xpath=//input[@ng-reflect-name='labelFirstName']'.</msg>
<status status="PASS" starttime="20240111 16:04:33.787" endtime="20240111 16:04:34.185"/>
</kw>
<kw name="Input Text" library="SeleniumLibrary">
<arg>xpath=//input[@ng-reflect-name='labelLastName']</arg>
<arg>${last_name}</arg>
<doc>Types the given ``text`` into the text field identified by ``locator``.</doc>
<msg timestamp="20240111 16:04:34.187" level="INFO">Typing text 'Kipling' into text field 'xpath=//input[@ng-reflect-name='labelLastName']'.</msg>
<status status="PASS" starttime="20240111 16:04:34.186" endtime="20240111 16:04:34.593"/>
</kw>
<kw name="Input Text" library="SeleniumLibrary">
<arg>xpath=//input[@ng-reflect-name='labelCompanyName']</arg>
<arg>${company_name}</arg>
<doc>Types the given ``text`` into the text field identified by ``locator``.</doc>
<msg timestamp="20240111 16:04:34.595" level="INFO">Typing text 'Waterfront' into text field 'xpath=//input[@ng-reflect-name='labelCompanyName']'.</msg>
<status status="PASS" starttime="20240111 16:04:34.593" endtime="20240111 16:04:34.986"/>
</kw>
<kw name="Input Text" library="SeleniumLibrary">
<arg>xpath=//input[@ng-reflect-name='labelRole']</arg>
<arg>${role}</arg>
<doc>Types the given ``text`` into the text field identified by ``locator``.</doc>
<msg timestamp="20240111 16:04:34.987" level="INFO">Typing text 'Accountant' into text field 'xpath=//input[@ng-reflect-name='labelRole']'.</msg>
<status status="PASS" starttime="20240111 16:04:34.986" endtime="20240111 16:04:35.371"/>
</kw>
<kw name="Input Text" library="SeleniumLibrary">
<arg>xpath=//input[@ng-reflect-name='labelAddress']</arg>
<arg>${address}</arg>
<doc>Types the given ``text`` into the text field identified by ``locator``.</doc>
<msg timestamp="20240111 16:04:35.372" level="INFO">Typing text '22 Guild Street' into text field 'xpath=//input[@ng-reflect-name='labelAddress']'.</msg>
<status status="PASS" starttime="20240111 16:04:35.372" endtime="20240111 16:04:35.757"/>
</kw>
<kw name="Input Text" library="SeleniumLibrary">
<arg>xpath=//input[@ng-reflect-name='labelEmail']</arg>
<arg>${email}</arg>
<doc>Types the given ``text`` into the text field identified by ``locator``.</doc>
<msg timestamp="20240111 16:04:35.758" level="INFO">Typing text 'kipling@waterfront.com' into text field 'xpath=//input[@ng-reflect-name='labelEmail']'.</msg>
<status status="PASS" starttime="20240111 16:04:35.758" endtime="20240111 16:04:36.167"/>
</kw>
<kw name="Input Text" library="SeleniumLibrary">
<arg>xpath=//input[@ng-reflect-name='labelPhone']</arg>
<arg>${phone_number}</arg>
<doc>Types the given ``text`` into the text field identified by ``locator``.</doc>
<msg timestamp="20240111 16:04:36.167" level="INFO">Typing text '40735416854' into text field 'xpath=//input[@ng-reflect-name='labelPhone']'.</msg>
<status status="PASS" starttime="20240111 16:04:36.167" endtime="20240111 16:04:36.548"/>
</kw>
<kw name="Click Element" library="SeleniumLibrary">
<arg>xpath=//input[@value='Submit']</arg>
<doc>Click the element identified by ``locator``.</doc>
<msg timestamp="20240111 16:04:36.549" level="INFO">Clicking element 'xpath=//input[@value='Submit']'.</msg>
<status status="PASS" starttime="20240111 16:04:36.549" endtime="20240111 16:04:36.807"/>
</kw>
<status status="PASS" starttime="20240111 16:04:33.785" endtime="20240111 16:04:36.807"/>
</kw>
<status status="PASS" starttime="20240111 16:04:33.678" endtime="20240111 16:04:36.807"/>
</iter>
<iter>
<var name="${index}">5</var>
<kw name="Read Excel Row" library="get_row_data">
<var>@{output}</var>
<arg>${file_path}</arg>
<arg>${sheet_name}</arg>
<arg>${index}</arg>
<msg timestamp="20240111 16:04:36.902" level="INFO">Row Data: ['Michael', 'Robertson', 'MediCare', 'IT Specialist', '17 Farburn Terrace', 'mrobertson@mc.com', 40733652145]</msg>
<msg timestamp="20240111 16:04:36.903" level="INFO">@{output} = [ Michael | Robertson | MediCare | IT Specialist | 17 Farburn Terrace | mrobertson@mc.com | 40733652145 ]</msg>
<status status="PASS" starttime="20240111 16:04:36.807" endtime="20240111 16:04:36.903"/>
</kw>
<kw name="Fill Form Website">
<arg>${output[0]}</arg>
<arg>${output[1]}</arg>
<arg>${output[2]}</arg>
<arg>${output[3]}</arg>
<arg>${output[4]}</arg>
<arg>${output[5]}</arg>
<arg>${output[6]}</arg>
<kw name="Input Text" library="SeleniumLibrary">
<arg>xpath=//input[@ng-reflect-name='labelFirstName']</arg>
<arg>${first_name}</arg>
<doc>Types the given ``text`` into the text field identified by ``locator``.</doc>
<msg timestamp="20240111 16:04:36.906" level="INFO">Typing text 'Michael' into text field 'xpath=//input[@ng-reflect-name='labelFirstName']'.</msg>
<status status="PASS" starttime="20240111 16:04:36.906" endtime="20240111 16:04:37.301"/>
</kw>
<kw name="Input Text" library="SeleniumLibrary">
<arg>xpath=//input[@ng-reflect-name='labelLastName']</arg>
<arg>${last_name}</arg>
<doc>Types the given ``text`` into the text field identified by ``locator``.</doc>
<msg timestamp="20240111 16:04:37.302" level="INFO">Typing text 'Robertson' into text field 'xpath=//input[@ng-reflect-name='labelLastName']'.</msg>
<status status="PASS" starttime="20240111 16:04:37.301" endtime="20240111 16:04:37.694"/>
</kw>
<kw name="Input Text" library="SeleniumLibrary">
<arg>xpath=//input[@ng-reflect-name='labelCompanyName']</arg>
<arg>${company_name}</arg>
<doc>Types the given ``text`` into the text field identified by ``locator``.</doc>
<msg timestamp="20240111 16:04:37.694" level="INFO">Typing text 'MediCare' into text field 'xpath=//input[@ng-reflect-name='labelCompanyName']'.</msg>
<status status="PASS" starttime="20240111 16:04:37.694" endtime="20240111 16:04:38.080"/>
</kw>
<kw name="Input Text" library="SeleniumLibrary">
<arg>xpath=//input[@ng-reflect-name='labelRole']</arg>
<arg>${role}</arg>
<doc>Types the given ``text`` into the text field identified by ``locator``.</doc>
<msg timestamp="20240111 16:04:38.081" level="INFO">Typing text 'IT Specialist' into text field 'xpath=//input[@ng-reflect-name='labelRole']'.</msg>
<status status="PASS" starttime="20240111 16:04:38.081" endtime="20240111 16:04:38.485"/>
</kw>
<kw name="Input Text" library="SeleniumLibrary">
<arg>xpath=//input[@ng-reflect-name='labelAddress']</arg>
<arg>${address}</arg>
<doc>Types the given ``text`` into the text field identified by ``locator``.</doc>
<msg timestamp="20240111 16:04:38.486" level="INFO">Typing text '17 Farburn Terrace' into text field 'xpath=//input[@ng-reflect-name='labelAddress']'.</msg>
<status status="PASS" starttime="20240111 16:04:38.485" endtime="20240111 16:04:38.912"/>
</kw>
<kw name="Input Text" library="SeleniumLibrary">
<arg>xpath=//input[@ng-reflect-name='labelEmail']</arg>
<arg>${email}</arg>
<doc>Types the given ``text`` into the text field identified by ``locator``.</doc>
<msg timestamp="20240111 16:04:38.913" level="INFO">Typing text 'mrobertson@mc.com' into text field 'xpath=//input[@ng-reflect-name='labelEmail']'.</msg>
<status status="PASS" starttime="20240111 16:04:38.912" endtime="20240111 16:04:39.317"/>
</kw>
<kw name="Input Text" library="SeleniumLibrary">
<arg>xpath=//input[@ng-reflect-name='labelPhone']</arg>
<arg>${phone_number}</arg>
<doc>Types the given ``text`` into the text field identified by ``locator``.</doc>
<msg timestamp="20240111 16:04:39.317" level="INFO">Typing text '40733652145' into text field 'xpath=//input[@ng-reflect-name='labelPhone']'.</msg>
<status status="PASS" starttime="20240111 16:04:39.317" endtime="20240111 16:04:39.709"/>
</kw>
<kw name="Click Element" library="SeleniumLibrary">
<arg>xpath=//input[@value='Submit']</arg>
<doc>Click the element identified by ``locator``.</doc>
<msg timestamp="20240111 16:04:39.709" level="INFO">Clicking element 'xpath=//input[@value='Submit']'.</msg>
<status status="PASS" starttime="20240111 16:04:39.709" endtime="20240111 16:04:39.959"/>
</kw>
<status status="PASS" starttime="20240111 16:04:36.903" endtime="20240111 16:04:39.959"/>
</kw>
<status status="PASS" starttime="20240111 16:04:36.807" endtime="20240111 16:04:39.959"/>
</iter>
<iter>
<var name="${index}">6</var>
<kw name="Read Excel Row" library="get_row_data">
<var>@{output}</var>
<arg>${file_path}</arg>
<arg>${sheet_name}</arg>
<arg>${index}</arg>
<msg timestamp="20240111 16:04:40.042" level="INFO">Row Data: ['Doug', 'Derrick', 'Timepath Inc.', 'Analyst', '99 Shire Oak Road', 'dderrick@timepath.co.uk', 40799885412]</msg>
<msg timestamp="20240111 16:04:40.042" level="INFO">@{output} = [ Doug | Derrick | Timepath Inc. | Analyst | 99 Shire Oak Road | dderrick@timepath.co.uk | 40799885412 ]</msg>
<status status="PASS" starttime="20240111 16:04:39.959" endtime="20240111 16:04:40.042"/>
</kw>
<kw name="Fill Form Website">
<arg>${output[0]}</arg>
<arg>${output[1]}</arg>
<arg>${output[2]}</arg>
<arg>${output[3]}</arg>
<arg>${output[4]}</arg>
<arg>${output[5]}</arg>
<arg>${output[6]}</arg>
<kw name="Input Text" library="SeleniumLibrary">
<arg>xpath=//input[@ng-reflect-name='labelFirstName']</arg>
<arg>${first_name}</arg>
<doc>Types the given ``text`` into the text field identified by ``locator``.</doc>
<msg timestamp="20240111 16:04:40.046" level="INFO">Typing text 'Doug' into text field 'xpath=//input[@ng-reflect-name='labelFirstName']'.</msg>
<status status="PASS" starttime="20240111 16:04:40.045" endtime="20240111 16:04:40.433"/>
</kw>
<kw name="Input Text" library="SeleniumLibrary">
<arg>xpath=//input[@ng-reflect-name='labelLastName']</arg>
<arg>${last_name}</arg>
<doc>Types the given ``text`` into the text field identified by ``locator``.</doc>
<msg timestamp="20240111 16:04:40.434" level="INFO">Typing text 'Derrick' into text field 'xpath=//input[@ng-reflect-name='labelLastName']'.</msg>
<status status="PASS" starttime="20240111 16:04:40.433" endtime="20240111 16:04:40.820"/>
</kw>
<kw name="Input Text" library="SeleniumLibrary">
<arg>xpath=//input[@ng-reflect-name='labelCompanyName']</arg>
<arg>${company_name}</arg>
<doc>Types the given ``text`` into the text field identified by ``locator``.</doc>
<msg timestamp="20240111 16:04:40.821" level="INFO">Typing text 'Timepath Inc.' into text field 'xpath=//input[@ng-reflect-name='labelCompanyName']'.</msg>
<status status="PASS" starttime="20240111 16:04:40.820" endtime="20240111 16:04:41.214"/>
</kw>
<kw name="Input Text" library="SeleniumLibrary">
<arg>xpath=//input[@ng-reflect-name='labelRole']</arg>
<arg>${role}</arg>
<doc>Types the given ``text`` into the text field identified by ``locator``.</doc>
<msg timestamp="20240111 16:04:41.215" level="INFO">Typing text 'Analyst' into text field 'xpath=//input[@ng-reflect-name='labelRole']'.</msg>
<status status="PASS" starttime="20240111 16:04:41.214" endtime="20240111 16:04:41.607"/>
</kw>
<kw name="Input Text" library="SeleniumLibrary">
<arg>xpath=//input[@ng-reflect-name='labelAddress']</arg>
<arg>${address}</arg>
<doc>Types the given ``text`` into the text field identified by ``locator``.</doc>
<msg timestamp="20240111 16:04:41.608" level="INFO">Typing text '99 Shire Oak Road' into text field 'xpath=//input[@ng-reflect-name='labelAddress']'.</msg>
<status status="PASS" starttime="20240111 16:04:41.607" endtime="20240111 16:04:42.015"/>
</kw>
<kw name="Input Text" library="SeleniumLibrary">
<arg>xpath=//input[@ng-reflect-name='labelEmail']</arg>
<arg>${email}</arg>
<doc>Types the given ``text`` into the text field identified by ``locator``.</doc>
<msg timestamp="20240111 16:04:42.016" level="INFO">Typing text 'dderrick@timepath.co.uk' into text field 'xpath=//input[@ng-reflect-name='labelEmail']'.</msg>
<status status="PASS" starttime="20240111 16:04:42.015" endtime="20240111 16:04:42.425"/>
</kw>
<kw name="Input Text" library="SeleniumLibrary">
<arg>xpath=//input[@ng-reflect-name='labelPhone']</arg>
<arg>${phone_number}</arg>
<doc>Types the given ``text`` into the text field identified by ``locator``.</doc>
<msg timestamp="20240111 16:04:42.426" level="INFO">Typing text '40799885412' into text field 'xpath=//input[@ng-reflect-name='labelPhone']'.</msg>
<status status="PASS" starttime="20240111 16:04:42.425" endtime="20240111 16:04:42.833"/>
</kw>
<kw name="Click Element" library="SeleniumLibrary">
<arg>xpath=//input[@value='Submit']</arg>
<doc>Click the element identified by ``locator``.</doc>
<msg timestamp="20240111 16:04:42.833" level="INFO">Clicking element 'xpath=//input[@value='Submit']'.</msg>
<status status="PASS" starttime="20240111 16:04:42.833" endtime="20240111 16:04:43.102"/>
</kw>
<status status="PASS" starttime="20240111 16:04:40.043" endtime="20240111 16:04:43.103"/>
</kw>
<status status="PASS" starttime="20240111 16:04:39.959" endtime="20240111 16:04:43.103"/>
</iter>
<iter>
<var name="${index}">7</var>
<kw name="Read Excel Row" library="get_row_data">
<var>@{output}</var>
<arg>${file_path}</arg>
<arg>${sheet_name}</arg>
<arg>${index}</arg>
<msg timestamp="20240111 16:04:43.233" level="INFO">Row Data: ['Jessie', 'Marlowe', 'Aperture Inc.', 'Scientist', '27 Cheshire Street', 'jmarlowe@aperture.us', 40733154268]</msg>
<msg timestamp="20240111 16:04:43.233" level="INFO">@{output} = [ Jessie | Marlowe | Aperture Inc. | Scientist | 27 Cheshire Street | jmarlowe@aperture.us | 40733154268 ]</msg>
<status status="PASS" starttime="20240111 16:04:43.103" endtime="20240111 16:04:43.233"/>
</kw>
<kw name="Fill Form Website">
<arg>${output[0]}</arg>
<arg>${output[1]}</arg>
<arg>${output[2]}</arg>
<arg>${output[3]}</arg>
<arg>${output[4]}</arg>
<arg>${output[5]}</arg>
<arg>${output[6]}</arg>
<kw name="Input Text" library="SeleniumLibrary">
<arg>xpath=//input[@ng-reflect-name='labelFirstName']</arg>
<arg>${first_name}</arg>
<doc>Types the given ``text`` into the text field identified by ``locator``.</doc>
<msg timestamp="20240111 16:04:43.236" level="INFO">Typing text 'Jessie' into text field 'xpath=//input[@ng-reflect-name='labelFirstName']'.</msg>
<status status="PASS" starttime="20240111 16:04:43.235" endtime="20240111 16:04:43.620"/>
</kw>
<kw name="Input Text" library="SeleniumLibrary">
<arg>xpath=//input[@ng-reflect-name='labelLastName']</arg>
<arg>${last_name}</arg>
<doc>Types the given ``text`` into the text field identified by ``locator``.</doc>
<msg timestamp="20240111 16:04:43.621" level="INFO">Typing text 'Marlowe' into text field 'xpath=//input[@ng-reflect-name='labelLastName']'.</msg>
<status status="PASS" starttime="20240111 16:04:43.620" endtime="20240111 16:04:44.010"/>
</kw>
<kw name="Input Text" library="SeleniumLibrary">
<arg>xpath=//input[@ng-reflect-name='labelCompanyName']</arg>
<arg>${company_name}</arg>
<doc>Types the given ``text`` into the text field identified by ``locator``.</doc>
<msg timestamp="20240111 16:04:44.012" level="INFO">Typing text 'Aperture Inc.' into text field 'xpath=//input[@ng-reflect-name='labelCompanyName']'.</msg>
<status status="PASS" starttime="20240111 16:04:44.010" endtime="20240111 16:04:44.405"/>
</kw>
<kw name="Input Text" library="SeleniumLibrary">
<arg>xpath=//input[@ng-reflect-name='labelRole']</arg>
<arg>${role}</arg>
<doc>Types the given ``text`` into the text field identified by ``locator``.</doc>
<msg timestamp="20240111 16:04:44.407" level="INFO">Typing text 'Scientist' into text field 'xpath=//input[@ng-reflect-name='labelRole']'.</msg>
<status status="PASS" starttime="20240111 16:04:44.406" endtime="20240111 16:04:44.801"/>
</kw>
<kw name="Input Text" library="SeleniumLibrary">
<arg>xpath=//input[@ng-reflect-name='labelAddress']</arg>
<arg>${address}</arg>
<doc>Types the given ``text`` into the text field identified by ``locator``.</doc>
<msg timestamp="20240111 16:04:44.802" level="INFO">Typing text '27 Cheshire Street' into text field 'xpath=//input[@ng-reflect-name='labelAddress']'.</msg>
<status status="PASS" starttime="20240111 16:04:44.801" endtime="20240111 16:04:45.201"/>
</kw>
<kw name="Input Text" library="SeleniumLibrary">
<arg>xpath=//input[@ng-reflect-name='labelEmail']</arg>
<arg>${email}</arg>
<doc>Types the given ``text`` into the text field identified by ``locator``.</doc>
<msg timestamp="20240111 16:04:45.202" level="INFO">Typing text 'jmarlowe@aperture.us' into text field 'xpath=//input[@ng-reflect-name='labelEmail']'.</msg>
<status status="PASS" starttime="20240111 16:04:45.202" endtime="20240111 16:04:45.608"/>
</kw>
<kw name="Input Text" library="SeleniumLibrary">
<arg>xpath=//input[@ng-reflect-name='labelPhone']</arg>
<arg>${phone_number}</arg>
<doc>Types the given ``text`` into the text field identified by ``locator``.</doc>
<msg timestamp="20240111 16:04:45.609" level="INFO">Typing text '40733154268' into text field 'xpath=//input[@ng-reflect-name='labelPhone']'.</msg>
<status status="PASS" starttime="20240111 16:04:45.608" endtime="20240111 16:04:46.002"/>
</kw>
<kw name="Click Element" library="SeleniumLibrary">
<arg>xpath=//input[@value='Submit']</arg>
<doc>Click the element identified by ``locator``.</doc>
<msg timestamp="20240111 16:04:46.004" level="INFO">Clicking element 'xpath=//input[@value='Submit']'.</msg>
<status status="PASS" starttime="20240111 16:04:46.003" endtime="20240111 16:04:46.256"/>
</kw>
<status status="PASS" starttime="20240111 16:04:43.233" endtime="20240111 16:04:46.257"/>
</kw>
<status status="PASS" starttime="20240111 16:04:43.103" endtime="20240111 16:04:46.257"/>
</iter>
<iter>
<var name="${index}">8</var>
<kw name="Read Excel Row" library="get_row_data">
<var>@{output}</var>
<arg>${file_path}</arg>
<arg>${sheet_name}</arg>
<arg>${index}</arg>
<msg timestamp="20240111 16:04:46.366" level="INFO">Row Data: ['Stan', 'Hamm', 'Sugarwell', 'Advisor', '10 Dam Road', 'shamm@sugarwell.org', 40712462257]</msg>
<msg timestamp="20240111 16:04:46.366" level="INFO">@{output} = [ Stan | Hamm | Sugarwell | Advisor | 10 Dam Road | shamm@sugarwell.org | 40712462257 ]</msg>
<status status="PASS" starttime="20240111 16:04:46.257" endtime="20240111 16:04:46.366"/>
</kw>
<kw name="Fill Form Website">
<arg>${output[0]}</arg>
<arg>${output[1]}</arg>
<arg>${output[2]}</arg>
<arg>${output[3]}</arg>
<arg>${output[4]}</arg>
<arg>${output[5]}</arg>
<arg>${output[6]}</arg>
<kw name="Input Text" library="SeleniumLibrary">
<arg>xpath=//input[@ng-reflect-name='labelFirstName']</arg>
<arg>${first_name}</arg>
<doc>Types the given ``text`` into the text field identified by ``locator``.</doc>
<msg timestamp="20240111 16:04:46.373" level="INFO">Typing text 'Stan' into text field 'xpath=//input[@ng-reflect-name='labelFirstName']'.</msg>
<status status="PASS" starttime="20240111 16:04:46.372" endtime="20240111 16:04:46.751"/>
</kw>
<kw name="Input Text" library="SeleniumLibrary">
<arg>xpath=//input[@ng-reflect-name='labelLastName']</arg>
<arg>${last_name}</arg>
<doc>Types the given ``text`` into the text field identified by ``locator``.</doc>
<msg timestamp="20240111 16:04:46.752" level="INFO">Typing text 'Hamm' into text field 'xpath=//input[@ng-reflect-name='labelLastName']'.</msg>
<status status="PASS" starttime="20240111 16:04:46.751" endtime="20240111 16:04:47.139"/>
</kw>
<kw name="Input Text" library="SeleniumLibrary">
<arg>xpath=//input[@ng-reflect-name='labelCompanyName']</arg>
<arg>${company_name}</arg>
<doc>Types the given ``text`` into the text field identified by ``locator``.</doc>
<msg timestamp="20240111 16:04:47.140" level="INFO">Typing text 'Sugarwell' into text field 'xpath=//input[@ng-reflect-name='labelCompanyName']'.</msg>
<status status="PASS" starttime="20240111 16:04:47.139" endtime="20240111 16:04:47.528"/>
</kw>
<kw name="Input Text" library="SeleniumLibrary">
<arg>xpath=//input[@ng-reflect-name='labelRole']</arg>
<arg>${role}</arg>
<doc>Types the given ``text`` into the text field identified by ``locator``.</doc>
<msg timestamp="20240111 16:04:47.529" level="INFO">Typing text 'Advisor' into text field 'xpath=//input[@ng-reflect-name='labelRole']'.</msg>
<status status="PASS" starttime="20240111 16:04:47.528" endtime="20240111 16:04:47.913"/>
</kw>
<kw name="Input Text" library="SeleniumLibrary">
<arg>xpath=//input[@ng-reflect-name='labelAddress']</arg>
<arg>${address}</arg>
<doc>Types the given ``text`` into the text field identified by ``locator``.</doc>
<msg timestamp="20240111 16:04:47.914" level="INFO">Typing text '10 Dam Road' into text field 'xpath=//input[@ng-reflect-name='labelAddress']'.</msg>
<status status="PASS" starttime="20240111 16:04:47.914" endtime="20240111 16:04:48.320"/>
</kw>
<kw name="Input Text" library="SeleniumLibrary">
<arg>xpath=//input[@ng-reflect-name='labelEmail']</arg>
<arg>${email}</arg>
<doc>Types the given ``text`` into the text field identified by ``locator``.</doc>
<msg timestamp="20240111 16:04:48.320" level="INFO">Typing text 'shamm@sugarwell.org' into text field 'xpath=//input[@ng-reflect-name='labelEmail']'.</msg>
<status status="PASS" starttime="20240111 16:04:48.320" endtime="20240111 16:04:48.721"/>
</kw>
<kw name="Input Text" library="SeleniumLibrary">
<arg>xpath=//input[@ng-reflect-name='labelPhone']</arg>
<arg>${phone_number}</arg>
<doc>Types the given ``text`` into the text field identified by ``locator``.</doc>
<msg timestamp="20240111 16:04:48.722" level="INFO">Typing text '40712462257' into text field 'xpath=//input[@ng-reflect-name='labelPhone']'.</msg>
<status status="PASS" starttime="20240111 16:04:48.721" endtime="20240111 16:04:49.109"/>
</kw>
<kw name="Click Element" library="SeleniumLibrary">
<arg>xpath=//input[@value='Submit']</arg>
<doc>Click the element identified by ``locator``.</doc>
<msg timestamp="20240111 16:04:49.110" level="INFO">Clicking element 'xpath=//input[@value='Submit']'.</msg>
<status status="PASS" starttime="20240111 16:04:49.109" endtime="20240111 16:04:49.366"/>
</kw>
<status status="PASS" starttime="20240111 16:04:46.367" endtime="20240111 16:04:49.366"/>
</kw>
<status status="PASS" starttime="20240111 16:04:46.257" endtime="20240111 16:04:49.366"/>
</iter>
<iter>
<var name="${index}">9</var>
<kw name="Read Excel Row" library="get_row_data">
<var>@{output}</var>
<arg>${file_path}</arg>
<arg>${sheet_name}</arg>
<arg>${index}</arg>
<msg timestamp="20240111 16:04:49.475" level="INFO">Row Data: ['Michelle', 'Norton', 'Aperture Inc.', 'Scientist', '13 White Rabbit Street', 'mnorton@aperture.us', 40731254562]</msg>
<msg timestamp="20240111 16:04:49.475" level="INFO">@{output} = [ Michelle | Norton | Aperture Inc. | Scientist | 13 White Rabbit Street | mnorton@aperture.us | 40731254562 ]</msg>
<status status="PASS" starttime="20240111 16:04:49.367" endtime="20240111 16:04:49.475"/>
</kw>
<kw name="Fill Form Website">
<arg>${output[0]}</arg>
<arg>${output[1]}</arg>
<arg>${output[2]}</arg>
<arg>${output[3]}</arg>
<arg>${output[4]}</arg>
<arg>${output[5]}</arg>
<arg>${output[6]}</arg>
<kw name="Input Text" library="SeleniumLibrary">
<arg>xpath=//input[@ng-reflect-name='labelFirstName']</arg>
<arg>${first_name}</arg>
<doc>Types the given ``text`` into the text field identified by ``locator``.</doc>
<msg timestamp="20240111 16:04:49.478" level="INFO">Typing text 'Michelle' into text field 'xpath=//input[@ng-reflect-name='labelFirstName']'.</msg>
<status status="PASS" starttime="20240111 16:04:49.478" endtime="20240111 16:04:49.869"/>
</kw>
<kw name="Input Text" library="SeleniumLibrary">
<arg>xpath=//input[@ng-reflect-name='labelLastName']</arg>
<arg>${last_name}</arg>
<doc>Types the given ``text`` into the text field identified by ``locator``.</doc>
<msg timestamp="20240111 16:04:49.870" level="INFO">Typing text 'Norton' into text field 'xpath=//input[@ng-reflect-name='labelLastName']'.</msg>
<status status="PASS" starttime="20240111 16:04:49.870" endtime="20240111 16:04:50.254"/>
</kw>
<kw name="Input Text" library="SeleniumLibrary">
<arg>xpath=//input[@ng-reflect-name='labelCompanyName']</arg>
<arg>${company_name}</arg>
<doc>Types the given ``text`` into the text field identified by ``locator``.</doc>
<msg timestamp="20240111 16:04:50.255" level="INFO">Typing text 'Aperture Inc.' into text field 'xpath=//input[@ng-reflect-name='labelCompanyName']'.</msg>
<status status="PASS" starttime="20240111 16:04:50.254" endtime="20240111 16:04:50.657"/>
</kw>
<kw name="Input Text" library="SeleniumLibrary">
<arg>xpath=//input[@ng-reflect-name='labelRole']</arg>
<arg>${role}</arg>
<doc>Types the given ``text`` into the text field identified by ``locator``.</doc>
<msg timestamp="20240111 16:04:50.658" level="INFO">Typing text 'Scientist' into text field 'xpath=//input[@ng-reflect-name='labelRole']'.</msg>
<status status="PASS" starttime="20240111 16:04:50.657" endtime="20240111 16:04:51.047"/>
</kw>
<kw name="Input Text" library="SeleniumLibrary">
<arg>xpath=//input[@ng-reflect-name='labelAddress']</arg>
<arg>${address}</arg>
<doc>Types the given ``text`` into the text field identified by ``locator``.</doc>
<msg timestamp="20240111 16:04:51.048" level="INFO">Typing text '13 White Rabbit Street' into text field 'xpath=//input[@ng-reflect-name='labelAddress']'.</msg>
<status status="PASS" starttime="20240111 16:04:51.048" endtime="20240111 16:04:51.450"/>
</kw>
<kw name="Input Text" library="SeleniumLibrary">
<arg>xpath=//input[@ng-reflect-name='labelEmail']</arg>
<arg>${email}</arg>
<doc>Types the given ``text`` into the text field identified by ``locator``.</doc>
<msg timestamp="20240111 16:04:51.451" level="INFO">Typing text 'mnorton@aperture.us' into text field 'xpath=//input[@ng-reflect-name='labelEmail']'.</msg>
<status status="PASS" starttime="20240111 16:04:51.450" endtime="20240111 16:04:51.859"/>
</kw>
<kw name="Input Text" library="SeleniumLibrary">
<arg>xpath=//input[@ng-reflect-name='labelPhone']</arg>
<arg>${phone_number}</arg>
<doc>Types the given ``text`` into the text field identified by ``locator``.</doc>
<msg timestamp="20240111 16:04:51.860" level="INFO">Typing text '40731254562' into text field 'xpath=//input[@ng-reflect-name='labelPhone']'.</msg>
<status status="PASS" starttime="20240111 16:04:51.859" endtime="20240111 16:04:52.261"/>
</kw>
<kw name="Click Element" library="SeleniumLibrary">
<arg>xpath=//input[@value='Submit']</arg>
<doc>Click the element identified by ``locator``.</doc>
<msg timestamp="20240111 16:04:52.262" level="INFO">Clicking element 'xpath=//input[@value='Submit']'.</msg>
<status status="PASS" starttime="20240111 16:04:52.261" endtime="20240111 16:04:52.526"/>
</kw>
<status status="PASS" starttime="20240111 16:04:49.475" endtime="20240111 16:04:52.527"/>
</kw>
<status status="PASS" starttime="20240111 16:04:49.367" endtime="20240111 16:04:52.527"/>
</iter>
<iter>
<var name="${index}">10</var>
<kw name="Read Excel Row" library="get_row_data">
<var>@{output}</var>
<arg>${file_path}</arg>
<arg>${sheet_name}</arg>
<arg>${index}</arg>
<msg timestamp="20240111 16:04:52.610" level="INFO">Row Data: ['Stacy', 'Shelby', 'TechDev', 'HR Manager', '19 Pineapple Boulevard', 'sshelby@techdev.com', 40741785214]</msg>
<msg timestamp="20240111 16:04:52.610" level="INFO">@{output} = [ Stacy | Shelby | TechDev | HR Manager | 19 Pineapple Boulevard | sshelby@techdev.com | 40741785214 ]</msg>
<status status="PASS" starttime="20240111 16:04:52.527" endtime="20240111 16:04:52.610"/>
</kw>
<kw name="Fill Form Website">
<arg>${output[0]}</arg>
<arg>${output[1]}</arg>
<arg>${output[2]}</arg>
<arg>${output[3]}</arg>
<arg>${output[4]}</arg>
<arg>${output[5]}</arg>
<arg>${output[6]}</arg>
<kw name="Input Text" library="SeleniumLibrary">
<arg>xpath=//input[@ng-reflect-name='labelFirstName']</arg>
<arg>${first_name}</arg>
<doc>Types the given ``text`` into the text field identified by ``locator``.</doc>
<msg timestamp="20240111 16:04:52.613" level="INFO">Typing text 'Stacy' into text field 'xpath=//input[@ng-reflect-name='labelFirstName']'.</msg>
<status status="PASS" starttime="20240111 16:04:52.613" endtime="20240111 16:04:52.992"/>
</kw>
<kw name="Input Text" library="SeleniumLibrary">
<arg>xpath=//input[@ng-reflect-name='labelLastName']</arg>
<arg>${last_name}</arg>
<doc>Types the given ``text`` into the text field identified by ``locator``.</doc>
<msg timestamp="20240111 16:04:52.992" level="INFO">Typing text 'Shelby' into text field 'xpath=//input[@ng-reflect-name='labelLastName']'.</msg>
<status status="PASS" starttime="20240111 16:04:52.992" endtime="20240111 16:04:53.377"/>
</kw>
<kw name="Input Text" library="SeleniumLibrary">
<arg>xpath=//input[@ng-reflect-name='labelCompanyName']</arg>
<arg>${company_name}</arg>
<doc>Types the given ``text`` into the text field identified by ``locator``.</doc>
<msg timestamp="20240111 16:04:53.378" level="INFO">Typing text 'TechDev' into text field 'xpath=//input[@ng-reflect-name='labelCompanyName']'.</msg>
<status status="PASS" starttime="20240111 16:04:53.378" endtime="20240111 16:04:53.762"/>
</kw>
<kw name="Input Text" library="SeleniumLibrary">
<arg>xpath=//input[@ng-reflect-name='labelRole']</arg>
<arg>${role}</arg>
<doc>Types the given ``text`` into the text field identified by ``locator``.</doc>
<msg timestamp="20240111 16:04:53.763" level="INFO">Typing text 'HR Manager' into text field 'xpath=//input[@ng-reflect-name='labelRole']'.</msg>
<status status="PASS" starttime="20240111 16:04:53.762" endtime="20240111 16:04:54.166"/>
</kw>
<kw name="Input Text" library="SeleniumLibrary">
<arg>xpath=//input[@ng-reflect-name='labelAddress']</arg>
<arg>${address}</arg>
<doc>Types the given ``text`` into the text field identified by ``locator``.</doc>
<msg timestamp="20240111 16:04:54.167" level="INFO">Typing text '19 Pineapple Boulevard' into text field 'xpath=//input[@ng-reflect-name='labelAddress']'.</msg>
<status status="PASS" starttime="20240111 16:04:54.166" endtime="20240111 16:04:54.575"/>
</kw>
<kw name="Input Text" library="SeleniumLibrary">
<arg>xpath=//input[@ng-reflect-name='labelEmail']</arg>
<arg>${email}</arg>
<doc>Types the given ``text`` into the text field identified by ``locator``.</doc>
<msg timestamp="20240111 16:04:54.576" level="INFO">Typing text 'sshelby@techdev.com' into text field 'xpath=//input[@ng-reflect-name='labelEmail']'.</msg>
<status status="PASS" starttime="20240111 16:04:54.575" endtime="20240111 16:04:54.968"/>
</kw>
<kw name="Input Text" library="SeleniumLibrary">
<arg>xpath=//input[@ng-reflect-name='labelPhone']</arg>
<arg>${phone_number}</arg>
<doc>Types the given ``text`` into the text field identified by ``locator``.</doc>
<msg timestamp="20240111 16:04:54.970" level="INFO">Typing text '40741785214' into text field 'xpath=//input[@ng-reflect-name='labelPhone']'.</msg>
<status status="PASS" starttime="20240111 16:04:54.969" endtime="20240111 16:04:55.376"/>
</kw>
<kw name="Click Element" library="SeleniumLibrary">
<arg>xpath=//input[@value='Submit']</arg>
<doc>Click the element identified by ``locator``.</doc>
<msg timestamp="20240111 16:04:55.378" level="INFO">Clicking element 'xpath=//input[@value='Submit']'.</msg>
<status status="PASS" starttime="20240111 16:04:55.376" endtime="20240111 16:04:55.642"/>
</kw>
<status status="PASS" starttime="20240111 16:04:52.610" endtime="20240111 16:04:55.642"/>
</kw>
<status status="PASS" starttime="20240111 16:04:52.527" endtime="20240111 16:04:55.642"/>
</iter>
<iter>
<var name="${index}">11</var>
<kw name="Read Excel Row" library="get_row_data">
<var>@{output}</var>
<arg>${file_path}</arg>
<arg>${sheet_name}</arg>
<arg>${index}</arg>
<msg timestamp="20240111 16:04:55.757" level="INFO">Row Data: ['Lara', 'Palmer', 'Timepath Inc.', 'Programmer', '87 Orange Street', 'lpalmer@timepath.co.uk', 40731653845]</msg>
<msg timestamp="20240111 16:04:55.757" level="INFO">@{output} = [ Lara | Palmer | Timepath Inc. | Programmer | 87 Orange Street | lpalmer@timepath.co.uk | 40731653845 ]</msg>
<status status="PASS" starttime="20240111 16:04:55.643" endtime="20240111 16:04:55.757"/>
</kw>
<kw name="Fill Form Website">
<arg>${output[0]}</arg>
<arg>${output[1]}</arg>
<arg>${output[2]}</arg>
<arg>${output[3]}</arg>
<arg>${output[4]}</arg>
<arg>${output[5]}</arg>
<arg>${output[6]}</arg>
<kw name="Input Text" library="SeleniumLibrary">
<arg>xpath=//input[@ng-reflect-name='labelFirstName']</arg>
<arg>${first_name}</arg>
<doc>Types the given ``text`` into the text field identified by ``locator``.</doc>
<msg timestamp="20240111 16:04:55.759" level="INFO">Typing text 'Lara' into text field 'xpath=//input[@ng-reflect-name='labelFirstName']'.</msg>
<status status="PASS" starttime="20240111 16:04:55.759" endtime="20240111 16:04:56.172"/>
</kw>
<kw name="Input Text" library="SeleniumLibrary">
<arg>xpath=//input[@ng-reflect-name='labelLastName']</arg>
<arg>${last_name}</arg>
<doc>Types the given ``text`` into the text field identified by ``locator``.</doc>
<msg timestamp="20240111 16:04:56.173" level="INFO">Typing text 'Palmer' into text field 'xpath=//input[@ng-reflect-name='labelLastName']'.</msg>
<status status="PASS" starttime="20240111 16:04:56.172" endtime="20240111 16:04:56.575"/>
</kw>
<kw name="Input Text" library="SeleniumLibrary">
<arg>xpath=//input[@ng-reflect-name='labelCompanyName']</arg>
<arg>${company_name}</arg>
<doc>Types the given ``text`` into the text field identified by ``locator``.</doc>
<msg timestamp="20240111 16:04:56.576" level="INFO">Typing text 'Timepath Inc.' into text field 'xpath=//input[@ng-reflect-name='labelCompanyName']'.</msg>
<status status="PASS" starttime="20240111 16:04:56.575" endtime="20240111 16:04:56.999"/>
</kw>
<kw name="Input Text" library="SeleniumLibrary">
<arg>xpath=//input[@ng-reflect-name='labelRole']</arg>
<arg>${role}</arg>
<doc>Types the given ``text`` into the text field identified by ``locator``.</doc>
<msg timestamp="20240111 16:04:57.000" level="INFO">Typing text 'Programmer' into text field 'xpath=//input[@ng-reflect-name='labelRole']'.</msg>
<status status="PASS" starttime="20240111 16:04:56.999" endtime="20240111 16:04:57.401"/>
</kw>
<kw name="Input Text" library="SeleniumLibrary">
<arg>xpath=//input[@ng-reflect-name='labelAddress']</arg>
<arg>${address}</arg>
<doc>Types the given ``text`` into the text field identified by ``locator``.</doc>
<msg timestamp="20240111 16:04:57.402" level="INFO">Typing text '87 Orange Street' into text field 'xpath=//input[@ng-reflect-name='labelAddress']'.</msg>
<status status="PASS" starttime="20240111 16:04:57.401" endtime="20240111 16:04:57.824"/>
</kw>
<kw name="Input Text" library="SeleniumLibrary">
<arg>xpath=//input[@ng-reflect-name='labelEmail']</arg>
<arg>${email}</arg>
<doc>Types the given ``text`` into the text field identified by ``locator``.</doc>
<msg timestamp="20240111 16:04:57.825" level="INFO">Typing text 'lpalmer@timepath.co.uk' into text field 'xpath=//input[@ng-reflect-name='labelEmail']'.</msg>
<status status="PASS" starttime="20240111 16:04:57.824" endtime="20240111 16:04:58.229"/>
</kw>
<kw name="Input Text" library="SeleniumLibrary">
<arg>xpath=//input[@ng-reflect-name='labelPhone']</arg>
<arg>${phone_number}</arg>
<doc>Types the given ``text`` into the text field identified by ``locator``.</doc>
<msg timestamp="20240111 16:04:58.230" level="INFO">Typing text '40731653845' into text field 'xpath=//input[@ng-reflect-name='labelPhone']'.</msg>
<status status="PASS" starttime="20240111 16:04:58.229" endtime="20240111 16:04:58.626"/>
</kw>
<kw name="Click Element" library="SeleniumLibrary">
<arg>xpath=//input[@value='Submit']</arg>
<doc>Click the element identified by ``locator``.</doc>
<msg timestamp="20240111 16:04:58.626" level="INFO">Clicking element 'xpath=//input[@value='Submit']'.</msg>
<status status="PASS" starttime="20240111 16:04:58.626" endtime="20240111 16:04:58.886"/>
</kw>
<status status="PASS" starttime="20240111 16:04:55.757" endtime="20240111 16:04:58.886"/>
</kw>
<status status="PASS" starttime="20240111 16:04:55.643" endtime="20240111 16:04:58.886"/>
</iter>
<status status="PASS" starttime="20240111 16:04:27.087" endtime="20240111 16:04:58.886"/>
</for>
<status status="PASS" starttime="20240111 16:04:21.926" endtime="20240111 16:04:58.886"/>
</test>
<status status="PASS" starttime="20240111 16:04:20.674" endtime="20240111 16:04:58.887"/>
</suite>
<status status="PASS" starttime="20240111 16:04:20.670" endtime="20240111 16:04:58.888"/>
</suite>
<suite id="s1-s3" name="Assignment3" source="/home/lakshman_k/rftest/robot_Assignment/assignment3">
<suite id="s1-s3-s1" name="Add Remove Elements" source="/home/lakshman_k/rftest/robot_Assignment/assignment3/Add_Remove_Elements.robot">
<kw name="Browser Setup" library="common-function" type="SETUP">
<kw name="Evaluate" library="BuiltIn">
<var>${dc}</var>
<arg>sys.modules['selenium.webdriver'].DesiredCapabilities()</arg>
<arg>sys, selenium.webdriver</arg>
<doc>Evaluates the given expression in Python and returns the result.</doc>
<msg timestamp="20240111 16:04:58.896" level="INFO">${dc} = &lt;selenium.webdriver.common.desired_capabilities.DesiredCapabilities object at 0x7f0afc8feb60&gt;</msg>
<status status="PASS" starttime="20240111 16:04:58.896" endtime="20240111 16:04:58.896"/>
</kw>
<kw name="Evaluate" library="BuiltIn">
<var>${chrome_options}</var>
<arg>sys.modules['selenium.webdriver'].ChromeOptions()</arg>
<arg>sys, selenium.webdriver</arg>
<doc>Evaluates the given expression in Python and returns the result.</doc>
<msg timestamp="20240111 16:04:58.896" level="INFO">${chrome_options} = &lt;selenium.webdriver.chrome.options.Options object at 0x7f0afc70b190&gt;</msg>
<status status="PASS" starttime="20240111 16:04:58.896" endtime="20240111 16:04:58.896"/>
</kw>
<kw name="Call Method" library="BuiltIn">
<arg>${chrome_options}</arg>
<arg>add_argument</arg>
<arg>--enable-notifications</arg>
<doc>Calls the named method of the given object with the provided arguments.</doc>
<status status="PASS" starttime="20240111 16:04:58.897" endtime="20240111 16:04:58.897"/>
</kw>
<kw name="Call Method" library="BuiltIn">
<arg>${chrome_options}</arg>
<arg>add_argument</arg>
<arg>--window-size\=1360,768</arg>
<doc>Calls the named method of the given object with the provided arguments.</doc>
<status status="PASS" starttime="20240111 16:04:58.897" endtime="20240111 16:04:58.897"/>
</kw>
<kw name="Call Method" library="BuiltIn">
<arg>${chrome_options}</arg>
<arg>add_argument</arg>
<arg>--start-maximized</arg>
<doc>Calls the named method of the given object with the provided arguments.</doc>
<status status="PASS" starttime="20240111 16:04:58.897" endtime="20240111 16:04:58.897"/>
</kw>
<kw name="Call Method" library="BuiltIn">
<arg>${chrome_options}</arg>
<arg>add_argument</arg>
<arg>--allow-insecure-localhost</arg>
<doc>Calls the named method of the given object with the provided arguments.</doc>
<status status="PASS" starttime="20240111 16:04:58.897" endtime="20240111 16:04:58.897"/>
</kw>
<kw name="Call Method" library="BuiltIn">
<arg>${chrome_options}</arg>
<arg>add_argument</arg>
<arg>--ignore-certificate-errors</arg>
<doc>Calls the named method of the given object with the provided arguments.</doc>
<status status="PASS" starttime="20240111 16:04:58.898" endtime="20240111 16:04:58.898"/>
</kw>
<kw name="Call Method" library="BuiltIn">
<arg>${chrome_options}</arg>
<arg>add_argument</arg>
<arg>--no-sandbox</arg>
<doc>Calls the named method of the given object with the provided arguments.</doc>
<status status="PASS" starttime="20240111 16:04:58.898" endtime="20240111 16:04:58.898"/>
</kw>
<kw name="Call Method" library="BuiltIn">
<arg>${chrome_options}</arg>
<arg>add_argument</arg>
<arg>--disable-dev-shm-usage</arg>
<doc>Calls the named method of the given object with the provided arguments.</doc>
<status status="PASS" starttime="20240111 16:04:58.898" endtime="20240111 16:04:58.898"/>
</kw>
<kw name="Call Method" library="BuiltIn">
<var>${dc}</var>
<arg>${chrome_options}</arg>
<arg>to_capabilities</arg>
<doc>Calls the named method of the given object with the provided arguments.</doc>
<msg timestamp="20240111 16:04:58.899" level="INFO">${dc} = {'browserName': 'chrome', 'pageLoadStrategy': 'normal', 'goog:chromeOptions': {'extensions': [], 'args': ['--enable-notifications', '--window-size=1360,768', '--start-maximized', '--allow-insecure-loc...</msg>
<status status="PASS" starttime="20240111 16:04:58.898" endtime="20240111 16:04:58.899"/>
</kw>
<kw name="Create Dictionary" library="BuiltIn">
<var>${selenoid_args}</var>
<arg>enableVNC=${True}</arg>
<arg>name=${SUITE NAME}</arg>
<doc>Creates and returns a dictionary based on the given ``items``.</doc>
<msg timestamp="20240111 16:04:58.899" level="INFO">${selenoid_args} = {'enableVNC': True, 'name': 'robot Assignment.Assignment3.Add Remove Elements'}</msg>
<status status="PASS" starttime="20240111 16:04:58.899" endtime="20240111 16:04:58.899"/>
</kw>
<kw name="Set To Dictionary" library="Collections">
<arg>${dc}</arg>
<arg>selenoid:options</arg>
<arg>${selenoid_args}</arg>
<doc>Adds the given ``key_value_pairs`` and/or ``items`` to the ``dictionary``.</doc>
<status status="PASS" starttime="20240111 16:04:58.900" endtime="20240111 16:04:58.900"/>
</kw>
<kw name="Log" library="BuiltIn">
<arg>${dc}</arg>
<doc>Logs the given message with the given level.</doc>
<msg timestamp="20240111 16:04:58.900" level="INFO">{'browserName': 'chrome', 'pageLoadStrategy': 'normal', 'goog:chromeOptions': {'extensions': [], 'args': ['--enable-notifications', '--window-size=1360,768', '--start-maximized', '--allow-insecure-localhost', '--ignore-certificate-errors', '--no-sandbox', '--disable-dev-shm-usage']}, 'selenoid:options': {'enableVNC': True, 'name': 'robot Assignment.Assignment3.Add Remove Elements'}}</msg>
<status status="PASS" starttime="20240111 16:04:58.900" endtime="20240111 16:04:58.900"/>
</kw>
<kw name="Create Webdriver" library="SeleniumLibrary">
<arg>Remote</arg>
<arg>command_executor=http://${hub_url}:4444/wd/hub</arg>
<arg>desired_capabilities=${dc}</arg>
<doc>Creates an instance of Selenium WebDriver.</doc>
<msg timestamp="20240111 16:04:58.900" level="INFO">Creating an instance of the Remote WebDriver.</msg>
<status status="PASS" starttime="20240111 16:04:58.900" endtime="20240111 16:04:59.829"/>
</kw>
<kw name="Set Selenium Speed" library="SeleniumLibrary">
<arg>0.1</arg>
<doc>Sets the delay that is waited after each Selenium command.</doc>
<status status="PASS" starttime="20240111 16:04:59.829" endtime="20240111 16:04:59.830"/>
</kw>
<kw name="Run Keyword And Ignore Error" library="BuiltIn">
<arg>Maximize Browser Window</arg>
<doc>Runs the given keyword with the given arguments and ignores possible error.</doc>
<kw name="Maximize Browser Window" library="SeleniumLibrary">
<doc>Maximizes current browser window.</doc>
<status status="PASS" starttime="20240111 16:04:59.830" endtime="20240111 16:05:00.038"/>
</kw>
<status status="PASS" starttime="20240111 16:04:59.830" endtime="20240111 16:05:00.038"/>
</kw>
<status status="PASS" starttime="20240111 16:04:58.896" endtime="20240111 16:05:00.038"/>
</kw>
<test id="s1-s3-s1-t1" name="Add Element twice And Assert" line="10">
<kw name="Go To" library="SeleniumLibrary">
<arg>https://the-internet.herokuapp.com/add_remove_elements/</arg>
<doc>Navigates the current browser window to the provided ``url``.</doc>
<msg timestamp="20240111 16:05:00.039" level="INFO">Opening url 'https://the-internet.herokuapp.com/add_remove_elements/'</msg>
<status status="PASS" starttime="20240111 16:05:00.039" endtime="20240111 16:05:05.047"/>
</kw>
<kw name="Set Variable" library="BuiltIn">
<var>${add_button}</var>
<arg>//button[text()='Add Element']</arg>
<doc>Returns the given values which can then be assigned to a variables.</doc>
<msg timestamp="20240111 16:05:05.048" level="INFO">${add_button} = //button[text()='Add Element']</msg>
<status status="PASS" starttime="20240111 16:05:05.048" endtime="20240111 16:05:05.048"/>
</kw>
<for flavor="IN RANGE">
<var>${index}</var>
<value>2</value>
<iter>
<var name="${index}">0</var>
<kw name="Click Button" library="SeleniumLibrary">
<arg>${add_button}</arg>
<doc>Clicks the button identified by ``locator``.</doc>
<msg timestamp="20240111 16:05:05.050" level="INFO">Clicking button '//button[text()='Add Element']'.</msg>
<status status="PASS" starttime="20240111 16:05:05.049" endtime="20240111 16:05:05.667"/>
</kw>
<status status="PASS" starttime="20240111 16:05:05.049" endtime="20240111 16:05:05.667"/>
</iter>
<iter>
<var name="${index}">1</var>
<kw name="Click Button" library="SeleniumLibrary">
<arg>${add_button}</arg>
<doc>Clicks the button identified by ``locator``.</doc>
<msg timestamp="20240111 16:05:05.668" level="INFO">Clicking button '//button[text()='Add Element']'.</msg>
<status status="PASS" starttime="20240111 16:05:05.668" endtime="20240111 16:05:06.240"/>
</kw>
<status status="PASS" starttime="20240111 16:05:05.667" endtime="20240111 16:05:06.240"/>
</iter>
<status status="PASS" starttime="20240111 16:05:05.049" endtime="20240111 16:05:06.240"/>
</for>
<kw name="Get WebElements" library="SeleniumLibrary">
<var>${delete_btn}</var>
<arg>//div[@id='elements']/button</arg>
<doc>Returns a list of WebElement objects matching the ``locator``.</doc>
<msg timestamp="20240111 16:05:06.365" level="INFO">${delete_btn} = [&lt;selenium.webdriver.remote.webelement.WebElement (session="1849604951d0a9757e76d017224c54ed", element="3D520AB85D489AFBD26E1A59303D3078_element_7")&gt;, &lt;selenium.webdriver.remote.webelement.WebElement ...</msg>
<status status="PASS" starttime="20240111 16:05:06.241" endtime="20240111 16:05:06.365"/>
</kw>
<kw name="Get Length" library="BuiltIn">
<var>${del_btn_count}</var>
<arg>${delete_btn}</arg>
<doc>Returns and logs the length of the given item as an integer.</doc>
<msg timestamp="20240111 16:05:06.366" level="INFO">Length is 2</msg>
<msg timestamp="20240111 16:05:06.366" level="INFO">${del_btn_count} = 2</msg>
<status status="PASS" starttime="20240111 16:05:06.365" endtime="20240111 16:05:06.367"/>
</kw>
<kw name="Should Be Equal As Numbers" library="BuiltIn">
<arg>${del_btn_count}</arg>
<arg>2</arg>
<doc>Fails if objects are unequal after converting them to real numbers.</doc>
<msg timestamp="20240111 16:05:06.368" level="INFO">Argument types are:
&lt;class 'int'&gt;
&lt;class 'str'&gt;</msg>
<status status="PASS" starttime="20240111 16:05:06.367" endtime="20240111 16:05:06.368"/>
</kw>
<status status="PASS" starttime="20240111 16:05:00.038" endtime="20240111 16:05:06.368"/>
</test>
<test id="s1-s3-s1-t2" name="Delete button And Assert" line="22">
<kw name="Set Variable" library="BuiltIn">
<var>${del_button}</var>
<arg>//div[@id='elements']/button</arg>
<doc>Returns the given values which can then be assigned to a variables.</doc>
<msg timestamp="20240111 16:05:06.372" level="INFO">${del_button} = //div[@id='elements']/button</msg>
<status status="PASS" starttime="20240111 16:05:06.371" endtime="20240111 16:05:06.372"/>
</kw>
<kw name="Click Button" library="SeleniumLibrary">
<arg>${del_button}</arg>
<doc>Clicks the button identified by ``locator``.</doc>
<msg timestamp="20240111 16:05:06.373" level="INFO">Clicking button '//div[@id='elements']/button'.</msg>
<status status="PASS" starttime="20240111 16:05:06.372" endtime="20240111 16:05:07.148"/>
</kw>
<kw name="Get WebElements" library="SeleniumLibrary">
<var>${delete_btn}</var>
<arg>${del_button}</arg>
<doc>Returns a list of WebElement objects matching the ``locator``.</doc>
<msg timestamp="20240111 16:05:07.259" level="INFO">${delete_btn} = [&lt;selenium.webdriver.remote.webelement.WebElement (session="1849604951d0a9757e76d017224c54ed", element="3D520AB85D489AFBD26E1A59303D3078_element_8")&gt;]</msg>
<status status="PASS" starttime="20240111 16:05:07.148" endtime="20240111 16:05:07.259"/>
</kw>
<kw name="Get Length" library="BuiltIn">
<var>${del_btn_count}</var>
<arg>${delete_btn}</arg>
<doc>Returns and logs the length of the given item as an integer.</doc>
<msg timestamp="20240111 16:05:07.260" level="INFO">Length is 1</msg>
<msg timestamp="20240111 16:05:07.261" level="INFO">${del_btn_count} = 1</msg>
<status status="PASS" starttime="20240111 16:05:07.260" endtime="20240111 16:05:07.261"/>
</kw>
<kw name="Should Be Equal As Numbers" library="BuiltIn">
<arg>${del_btn_count}</arg>
<arg>1</arg>
<doc>Fails if objects are unequal after converting them to real numbers.</doc>
<msg timestamp="20240111 16:05:07.261" level="INFO">Argument types are:
&lt;class 'int'&gt;
&lt;class 'str'&gt;</msg>
<status status="PASS" starttime="20240111 16:05:07.261" endtime="20240111 16:05:07.262"/>
</kw>
<status status="PASS" starttime="20240111 16:05:06.369" endtime="20240111 16:05:07.262"/>
</test>
<kw name="Close Browser" library="SeleniumLibrary" type="TEARDOWN">
<doc>Closes the current browser.</doc>
<status status="PASS" starttime="20240111 16:05:07.263" endtime="20240111 16:05:07.416"/>
</kw>
<status status="PASS" starttime="20240111 16:04:58.891" endtime="20240111 16:05:07.416"/>
</suite>
<suite id="s1-s3-s2" name="Checkboxes" source="/home/lakshman_k/rftest/robot_Assignment/assignment3/Checkboxes.robot">
<kw name="Browser Setup" library="common-function" type="SETUP">
<kw name="Evaluate" library="BuiltIn">
<var>${dc}</var>
<arg>sys.modules['selenium.webdriver'].DesiredCapabilities()</arg>
<arg>sys, selenium.webdriver</arg>
<doc>Evaluates the given expression in Python and returns the result.</doc>
<msg timestamp="20240111 16:05:07.423" level="INFO">${dc} = &lt;selenium.webdriver.common.desired_capabilities.DesiredCapabilities object at 0x7f0afc3189d0&gt;</msg>
<status status="PASS" starttime="20240111 16:05:07.422" endtime="20240111 16:05:07.423"/>
</kw>
<kw name="Evaluate" library="BuiltIn">
<var>${chrome_options}</var>
<arg>sys.modules['selenium.webdriver'].ChromeOptions()</arg>
<arg>sys, selenium.webdriver</arg>
<doc>Evaluates the given expression in Python and returns the result.</doc>
<msg timestamp="20240111 16:05:07.424" level="INFO">${chrome_options} = &lt;selenium.webdriver.chrome.options.Options object at 0x7f0afc318b20&gt;</msg>
<status status="PASS" starttime="20240111 16:05:07.423" endtime="20240111 16:05:07.424"/>
</kw>
<kw name="Call Method" library="BuiltIn">
<arg>${chrome_options}</arg>
<arg>add_argument</arg>
<arg>--enable-notifications</arg>
<doc>Calls the named method of the given object with the provided arguments.</doc>
<status status="PASS" starttime="20240111 16:05:07.424" endtime="20240111 16:05:07.424"/>
</kw>
<kw name="Call Method" library="BuiltIn">
<arg>${chrome_options}</arg>
<arg>add_argument</arg>
<arg>--window-size\=1360,768</arg>
<doc>Calls the named method of the given object with the provided arguments.</doc>
<status status="PASS" starttime="20240111 16:05:07.424" endtime="20240111 16:05:07.424"/>
</kw>
[...]
</kw>
<kw name="Get Text" library="SeleniumLibrary">
<var>${element_rating_text}</var>
<arg>${element_rating} [${element_index}]</arg>
<doc>Returns the text value of the element identified by ``locator``.</doc>
<msg timestamp="20240111 16:06:55.580" level="INFO">${element_rating_text} = 2,62,697 Ratings </msg>
<status status="PASS" starttime="20240111 16:06:55.351" endtime="20240111 16:06:55.580"/>
</kw>
<kw name="Append Rows" library="create_addrows">
<arg>${xls-file}</arg>
<arg>${sheet_name}</arg>
<arg>${element_name_text}</arg>
<arg>${element_price_text}</arg>
<arg>${element_rating_text}</arg>
<status status="PASS" starttime="20240111 16:06:55.581" endtime="20240111 16:06:55.625"/>
</kw>
<status status="PASS" starttime="20240111 16:06:54.887" endtime="20240111 16:06:55.625"/>
</iter>
<iter>
<var name="${element_index}">14</var>
<kw name="Get Text" library="SeleniumLibrary">
<var>${element_name_text}</var>
<arg>${element_name} [${element_index}]</arg>
<doc>Returns the text value of the element identified by ``locator``.</doc>
<msg timestamp="20240111 16:06:55.857" level="INFO">${element_name_text} = APPLE iPhone 14 (Purple, 256 GB)</msg>
<status status="PASS" starttime="20240111 16:06:55.625" endtime="20240111 16:06:55.857"/>
</kw>
<kw name="Get Text" library="SeleniumLibrary">
<var>${element_price_text}</var>
<arg>${element_price} [${element_index}]</arg>
<doc>Returns the text value of the element identified by ``locator``.</doc>
<msg timestamp="20240111 16:06:56.099" level="INFO">${element_price_text} = ₹68,999</msg>
<status status="PASS" starttime="20240111 16:06:55.857" endtime="20240111 16:06:56.099"/>
</kw>
<kw name="Get Text" library="SeleniumLibrary">
<var>${element_rating_text}</var>
<arg>${element_rating} [${element_index}]</arg>
<doc>Returns the text value of the element identified by ``locator``.</doc>
<msg timestamp="20240111 16:06:56.329" level="INFO">${element_rating_text} = 2,62,697 Ratings </msg>
<status status="PASS" starttime="20240111 16:06:56.099" endtime="20240111 16:06:56.329"/>
</kw>
<kw name="Append Rows" library="create_addrows">
<arg>${xls-file}</arg>
<arg>${sheet_name}</arg>
<arg>${element_name_text}</arg>
<arg>${element_price_text}</arg>
<arg>${element_rating_text}</arg>
<status status="PASS" starttime="20240111 16:06:56.329" endtime="20240111 16:06:56.375"/>
</kw>
<status status="PASS" starttime="20240111 16:06:55.625" endtime="20240111 16:06:56.375"/>
</iter>
<iter>
<var name="${element_index}">15</var>
<kw name="Get Text" library="SeleniumLibrary">
<var>${element_name_text}</var>
<arg>${element_name} [${element_index}]</arg>
<doc>Returns the text value of the element identified by ``locator``.</doc>
<msg timestamp="20240111 16:06:56.604" level="INFO">${element_name_text} = APPLE iPhone 14 Plus (Blue, 128 GB)</msg>
<status status="PASS" starttime="20240111 16:06:56.376" endtime="20240111 16:06:56.605"/>
</kw>
<kw name="Get Text" library="SeleniumLibrary">
<var>${element_price_text}</var>
<arg>${element_price} [${element_index}]</arg>
<doc>Returns the text value of the element identified by ``locator``.</doc>
<msg timestamp="20240111 16:06:56.834" level="INFO">${element_price_text} = ₹66,999</msg>
<status status="PASS" starttime="20240111 16:06:56.605" endtime="20240111 16:06:56.834"/>
</kw>
<kw name="Get Text" library="SeleniumLibrary">
<var>${element_rating_text}</var>
<arg>${element_rating} [${element_index}]</arg>
<doc>Returns the text value of the element identified by ``locator``.</doc>
<msg timestamp="20240111 16:06:57.070" level="INFO">${element_rating_text} = 58,852 Ratings </msg>
<status status="PASS" starttime="20240111 16:06:56.834" endtime="20240111 16:06:57.070"/>
</kw>
<kw name="Append Rows" library="create_addrows">
<arg>${xls-file}</arg>
<arg>${sheet_name}</arg>
<arg>${element_name_text}</arg>
<arg>${element_price_text}</arg>
<arg>${element_rating_text}</arg>
<status status="PASS" starttime="20240111 16:06:57.070" endtime="20240111 16:06:57.110"/>
</kw>
<status status="PASS" starttime="20240111 16:06:56.375" endtime="20240111 16:06:57.110"/>
</iter>
<iter>
<var name="${element_index}">16</var>
<kw name="Get Text" library="SeleniumLibrary">
<var>${element_name_text}</var>
<arg>${element_name} [${element_index}]</arg>
<doc>Returns the text value of the element identified by ``locator``.</doc>
<msg timestamp="20240111 16:06:57.340" level="INFO">${element_name_text} = APPLE iPhone 13 (Blue, 128 GB)</msg>
<status status="PASS" starttime="20240111 16:06:57.110" endtime="20240111 16:06:57.340"/>
</kw>
<kw name="Get Text" library="SeleniumLibrary">
<var>${element_price_text}</var>
<arg>${element_price} [${element_index}]</arg>
<doc>Returns the text value of the element identified by ``locator``.</doc>
<msg timestamp="20240111 16:06:57.574" level="INFO">${element_price_text} = ₹52,999</msg>
<status status="PASS" starttime="20240111 16:06:57.340" endtime="20240111 16:06:57.575"/>
</kw>
<kw name="Get Text" library="SeleniumLibrary">
<var>${element_rating_text}</var>
<arg>${element_rating} [${element_index}]</arg>
<doc>Returns the text value of the element identified by ``locator``.</doc>
<msg timestamp="20240111 16:06:57.807" level="INFO">${element_rating_text} = 2,75,959 Ratings </msg>
<status status="PASS" starttime="20240111 16:06:57.575" endtime="20240111 16:06:57.808"/>
</kw>
<kw name="Append Rows" library="create_addrows">
<arg>${xls-file}</arg>
<arg>${sheet_name}</arg>
<arg>${element_name_text}</arg>
<arg>${element_price_text}</arg>
<arg>${element_rating_text}</arg>
<status status="PASS" starttime="20240111 16:06:57.808" endtime="20240111 16:06:57.859"/>
</kw>
<status status="PASS" starttime="20240111 16:06:57.110" endtime="20240111 16:06:57.860"/>
</iter>
<iter>
<var name="${element_index}">17</var>
<kw name="Get Text" library="SeleniumLibrary">
<var>${element_name_text}</var>
<arg>${element_name} [${element_index}]</arg>
<doc>Returns the text value of the element identified by ``locator``.</doc>
<msg timestamp="20240111 16:06:58.090" level="INFO">${element_name_text} = APPLE iPhone 13 (Midnight, 128 GB)</msg>
<status status="PASS" starttime="20240111 16:06:57.860" endtime="20240111 16:06:58.090"/>
</kw>
<kw name="Get Text" library="SeleniumLibrary">
<var>${element_price_text}</var>
<arg>${element_price} [${element_index}]</arg>
<doc>Returns the text value of the element identified by ``locator``.</doc>
<msg timestamp="20240111 16:06:58.321" level="INFO">${element_price_text} = ₹52,999</msg>
<status status="PASS" starttime="20240111 16:06:58.090" endtime="20240111 16:06:58.321"/>
</kw>
<kw name="Get Text" library="SeleniumLibrary">
<var>${element_rating_text}</var>
<arg>${element_rating} [${element_index}]</arg>
<doc>Returns the text value of the element identified by ``locator``.</doc>
<msg timestamp="20240111 16:06:58.556" level="INFO">${element_rating_text} = 2,75,959 Ratings </msg>
<status status="PASS" starttime="20240111 16:06:58.321" endtime="20240111 16:06:58.556"/>
</kw>
<kw name="Append Rows" library="create_addrows">
<arg>${xls-file}</arg>
<arg>${sheet_name}</arg>
<arg>${element_name_text}</arg>
<arg>${element_price_text}</arg>
<arg>${element_rating_text}</arg>
<status status="PASS" starttime="20240111 16:06:58.556" endtime="20240111 16:06:58.610"/>
</kw>
<status status="PASS" starttime="20240111 16:06:57.860" endtime="20240111 16:06:58.610"/>
</iter>
<iter>
<var name="${element_index}">18</var>
<kw name="Get Text" library="SeleniumLibrary">
<var>${element_name_text}</var>
<arg>${element_name} [${element_index}]</arg>
<doc>Returns the text value of the element identified by ``locator``.</doc>
<msg timestamp="20240111 16:06:58.842" level="INFO">${element_name_text} = APPLE iPhone 12 (Blue, 64 GB)</msg>
<status status="PASS" starttime="20240111 16:06:58.610" endtime="20240111 16:06:58.842"/>
</kw>
<kw name="Get Text" library="SeleniumLibrary">
<var>${element_price_text}</var>
<arg>${element_price} [${element_index}]</arg>
<doc>Returns the text value of the element identified by ``locator``.</doc>
<msg timestamp="20240111 16:06:59.091" level="INFO">${element_price_text} = ₹42,999</msg>
<status status="PASS" starttime="20240111 16:06:58.842" endtime="20240111 16:06:59.091"/>
</kw>
<kw name="Get Text" library="SeleniumLibrary">
<var>${element_rating_text}</var>
<arg>${element_rating} [${element_index}]</arg>
<doc>Returns the text value of the element identified by ``locator``.</doc>
<msg timestamp="20240111 16:06:59.338" level="INFO">${element_rating_text} = 2,07,028 Ratings </msg>
<status status="PASS" starttime="20240111 16:06:59.092" endtime="20240111 16:06:59.338"/>
</kw>
<kw name="Append Rows" library="create_addrows">
<arg>${xls-file}</arg>
<arg>${sheet_name}</arg>
<arg>${element_name_text}</arg>
<arg>${element_price_text}</arg>
<arg>${element_rating_text}</arg>
<status status="PASS" starttime="20240111 16:06:59.338" endtime="20240111 16:06:59.388"/>
</kw>
<status status="PASS" starttime="20240111 16:06:58.610" endtime="20240111 16:06:59.388"/>
</iter>
<iter>
<var name="${element_index}">19</var>
<kw name="Get Text" library="SeleniumLibrary">
<var>${element_name_text}</var>
<arg>${element_name} [${element_index}]</arg>
<doc>Returns the text value of the element identified by ``locator``.</doc>
<msg timestamp="20240111 16:06:59.618" level="INFO">${element_name_text} = APPLE iPhone 14 Plus (Starlight, 128 GB)</msg>
<status status="PASS" starttime="20240111 16:06:59.388" endtime="20240111 16:06:59.618"/>
</kw>
<kw name="Get Text" library="SeleniumLibrary">
<var>${element_price_text}</var>
<arg>${element_price} [${element_index}]</arg>
<doc>Returns the text value of the element identified by ``locator``.</doc>
<msg timestamp="20240111 16:06:59.855" level="INFO">${element_price_text} = ₹66,999</msg>
<status status="PASS" starttime="20240111 16:06:59.618" endtime="20240111 16:06:59.855"/>
</kw>
<kw name="Get Text" library="SeleniumLibrary">
<var>${element_rating_text}</var>
<arg>${element_rating} [${element_index}]</arg>
<doc>Returns the text value of the element identified by ``locator``.</doc>
<msg timestamp="20240111 16:07:00.097" level="INFO">${element_rating_text} = 58,852 Ratings </msg>
<status status="PASS" starttime="20240111 16:06:59.856" endtime="20240111 16:07:00.097"/>
</kw>
<kw name="Append Rows" library="create_addrows">
<arg>${xls-file}</arg>
<arg>${sheet_name}</arg>
<arg>${element_name_text}</arg>
<arg>${element_price_text}</arg>
<arg>${element_rating_text}</arg>
<status status="PASS" starttime="20240111 16:07:00.097" endtime="20240111 16:07:00.152"/>
</kw>
<status status="PASS" starttime="20240111 16:06:59.388" endtime="20240111 16:07:00.152"/>
</iter>
<iter>
<var name="${element_index}">20</var>
<kw name="Get Text" library="SeleniumLibrary">
<var>${element_name_text}</var>
<arg>${element_name} [${element_index}]</arg>
<doc>Returns the text value of the element identified by ``locator``.</doc>
<msg timestamp="20240111 16:07:00.386" level="INFO">${element_name_text} = APPLE iPhone 14 (Starlight, 256 GB)</msg>
<status status="PASS" starttime="20240111 16:07:00.152" endtime="20240111 16:07:00.386"/>
</kw>
<kw name="Get Text" library="SeleniumLibrary">
<var>${element_price_text}</var>
<arg>${element_price} [${element_index}]</arg>
<doc>Returns the text value of the element identified by ``locator``.</doc>
<msg timestamp="20240111 16:07:00.618" level="INFO">${element_price_text} = ₹68,999</msg>
<status status="PASS" starttime="20240111 16:07:00.387" endtime="20240111 16:07:00.619"/>
</kw>
<kw name="Get Text" library="SeleniumLibrary">
<var>${element_rating_text}</var>
<arg>${element_rating} [${element_index}]</arg>
<doc>Returns the text value of the element identified by ``locator``.</doc>
<msg timestamp="20240111 16:07:00.853" level="INFO">${element_rating_text} = 2,62,697 Ratings </msg>
<status status="PASS" starttime="20240111 16:07:00.619" endtime="20240111 16:07:00.853"/>
</kw>
<kw name="Append Rows" library="create_addrows">
<arg>${xls-file}</arg>
<arg>${sheet_name}</arg>
<arg>${element_name_text}</arg>
<arg>${element_price_text}</arg>
<arg>${element_rating_text}</arg>
<status status="PASS" starttime="20240111 16:07:00.853" endtime="20240111 16:07:00.908"/>
</kw>
<status status="PASS" starttime="20240111 16:07:00.152" endtime="20240111 16:07:00.908"/>
</iter>
<iter>
<var name="${element_index}">21</var>
<kw name="Get Text" library="SeleniumLibrary">
<var>${element_name_text}</var>
<arg>${element_name} [${element_index}]</arg>
<doc>Returns the text value of the element identified by ``locator``.</doc>
<msg timestamp="20240111 16:07:01.134" level="INFO">${element_name_text} = APPLE iPhone 15 Plus (Green, 128 GB)</msg>
<status status="PASS" starttime="20240111 16:07:00.908" endtime="20240111 16:07:01.134"/>
</kw>
<kw name="Get Text" library="SeleniumLibrary">
<var>${element_price_text}</var>
<arg>${element_price} [${element_index}]</arg>
<doc>Returns the text value of the element identified by ``locator``.</doc>
<msg timestamp="20240111 16:07:01.359" level="INFO">${element_price_text} = ₹82,990</msg>
<status status="PASS" starttime="20240111 16:07:01.134" endtime="20240111 16:07:01.359"/>
</kw>
<kw name="Get Text" library="SeleniumLibrary">
<var>${element_rating_text}</var>
<arg>${element_rating} [${element_index}]</arg>
<doc>Returns the text value of the element identified by ``locator``.</doc>
<msg timestamp="20240111 16:07:01.583" level="INFO">${element_rating_text} = 1,265 Ratings </msg>
<status status="PASS" starttime="20240111 16:07:01.360" endtime="20240111 16:07:01.583"/>
</kw>
<kw name="Append Rows" library="create_addrows">
<arg>${xls-file}</arg>
<arg>${sheet_name}</arg>
<arg>${element_name_text}</arg>
<arg>${element_price_text}</arg>
<arg>${element_rating_text}</arg>
<status status="PASS" starttime="20240111 16:07:01.583" endtime="20240111 16:07:01.627"/>
</kw>
<status status="PASS" starttime="20240111 16:07:00.908" endtime="20240111 16:07:01.627"/>
</iter>
<iter>
<var name="${element_index}">22</var>
<kw name="Get Text" library="SeleniumLibrary">
<var>${element_name_text}</var>
<arg>${element_name} [${element_index}]</arg>
<doc>Returns the text value of the element identified by ``locator``.</doc>
<msg timestamp="20240111 16:07:01.862" level="INFO">${element_name_text} = APPLE iPhone 14 Plus (Midnight, 128 GB)</msg>
<status status="PASS" starttime="20240111 16:07:01.628" endtime="20240111 16:07:01.862"/>
</kw>
<kw name="Get Text" library="SeleniumLibrary">
<var>${element_price_text}</var>
<arg>${element_price} [${element_index}]</arg>
<doc>Returns the text value of the element identified by ``locator``.</doc>
<msg timestamp="20240111 16:07:02.087" level="INFO">${element_price_text} = ₹66,999</msg>
<status status="PASS" starttime="20240111 16:07:01.862" endtime="20240111 16:07:02.087"/>
</kw>
<kw name="Get Text" library="SeleniumLibrary">
<var>${element_rating_text}</var>
<arg>${element_rating} [${element_index}]</arg>
<doc>Returns the text value of the element identified by ``locator``.</doc>
<msg timestamp="20240111 16:07:02.313" level="INFO">${element_rating_text} = 58,852 Ratings </msg>
<status status="PASS" starttime="20240111 16:07:02.087" endtime="20240111 16:07:02.313"/>
</kw>
<kw name="Append Rows" library="create_addrows">
<arg>${xls-file}</arg>
<arg>${sheet_name}</arg>
<arg>${element_name_text}</arg>
<arg>${element_price_text}</arg>
<arg>${element_rating_text}</arg>
<status status="PASS" starttime="20240111 16:07:02.313" endtime="20240111 16:07:02.360"/>
</kw>
<status status="PASS" starttime="20240111 16:07:01.628" endtime="20240111 16:07:02.361"/>
</iter>
<iter>
<var name="${element_index}">23</var>
<kw name="Get Text" library="SeleniumLibrary">
<var>${element_name_text}</var>
<arg>${element_name} [${element_index}]</arg>
<doc>Returns the text value of the element identified by ``locator``.</doc>
<msg timestamp="20240111 16:07:02.586" level="INFO">${element_name_text} = APPLE iPhone 14 (Blue, 256 GB)</msg>
<status status="PASS" starttime="20240111 16:07:02.361" endtime="20240111 16:07:02.587"/>
</kw>
<kw name="Get Text" library="SeleniumLibrary">
<var>${element_price_text}</var>
<arg>${element_price} [${element_index}]</arg>
<doc>Returns the text value of the element identified by ``locator``.</doc>
<msg timestamp="20240111 16:07:02.815" level="INFO">${element_price_text} = ₹68,999</msg>
<status status="PASS" starttime="20240111 16:07:02.587" endtime="20240111 16:07:02.815"/>
</kw>
<kw name="Get Text" library="SeleniumLibrary">
<var>${element_rating_text}</var>
<arg>${element_rating} [${element_index}]</arg>
<doc>Returns the text value of the element identified by ``locator``.</doc>
<msg timestamp="20240111 16:07:03.044" level="INFO">${element_rating_text} = 2,62,697 Ratings </msg>
<status status="PASS" starttime="20240111 16:07:02.815" endtime="20240111 16:07:03.044"/>
</kw>
<kw name="Append Rows" library="create_addrows">
<arg>${xls-file}</arg>
<arg>${sheet_name}</arg>
<arg>${element_name_text}</arg>
<arg>${element_price_text}</arg>
<arg>${element_rating_text}</arg>
<status status="PASS" starttime="20240111 16:07:03.044" endtime="20240111 16:07:03.100"/>
</kw>
<status status="PASS" starttime="20240111 16:07:02.361" endtime="20240111 16:07:03.100"/>
</iter>
<status status="PASS" starttime="20240111 16:06:46.004" endtime="20240111 16:07:03.100"/>
</for>
<status status="PASS" starttime="20240111 16:06:44.871" endtime="20240111 16:07:03.101"/>
</test>
<kw name="Close Browser" library="SeleniumLibrary" type="TEARDOWN">
<doc>Closes the current browser.</doc>
<status status="PASS" starttime="20240111 16:07:03.101" endtime="20240111 16:07:03.255"/>
</kw>
<status status="PASS" starttime="20240111 16:06:33.909" endtime="20240111 16:07:03.255"/>
</suite>
<status status="PASS" starttime="20240111 16:05:59.870" endtime="20240111 16:07:03.257"/>
</suite>
<status status="PASS" starttime="20240111 16:04:08.345" endtime="20240111 16:07:03.259"/>
</suite>
<statistics>
<total>
<stat pass="18" fail="0" skip="0">All Tests</stat>
</total>
<tag>
</tag>
<suite>
<stat pass="18" fail="0" skip="0" id="s1" name="robot Assignment">robot Assignment</stat>
<stat pass="1" fail="0" skip="0" id="s1-s1" name="Assignment1">robot Assignment.Assignment1</stat>
<stat pass="1" fail="0" skip="0" id="s1-s1-s1" name="Click On First Link">robot Assignment.Assignment1.Click On First Link</stat>
<stat pass="1" fail="0" skip="0" id="s1-s2" name="Assignment2">robot Assignment.Assignment2</stat>
<stat pass="1" fail="0" skip="0" id="s1-s2-s1" name="Read And Populate From Xls">robot Assignment.Assignment2.Read And Populate From Xls</stat>
<stat pass="12" fail="0" skip="0" id="s1-s3" name="Assignment3">robot Assignment.Assignment3</stat>
<stat pass="2" fail="0" skip="0" id="s1-s3-s1" name="Add Remove Elements">robot Assignment.Assignment3.Add Remove Elements</stat>
<stat pass="2" fail="0" skip="0" id="s1-s3-s2" name="Checkboxes">robot Assignment.Assignment3.Checkboxes</stat>
<stat pass="1" fail="0" skip="0" id="s1-s3-s3" name="Context Menu">robot Assignment.Assignment3.Context Menu</stat>
<stat pass="1" fail="0" skip="0" id="s1-s3-s4" name="Drag and Drop">robot Assignment.Assignment3.Drag and Drop</stat>
<stat pass="1" fail="0" skip="0" id="s1-s3-s5" name="DropdownList">robot Assignment.Assignment3.DropdownList</stat>
<stat pass="1" fail="0" skip="0" id="s1-s3-s6" name="Hovers">robot Assignment.Assignment3.Hovers</stat>
<stat pass="1" fail="0" skip="0" id="s1-s3-s7" name="Key Presses">robot Assignment.Assignment3.Key Presses</stat>
<stat pass="3" fail="0" skip="0" id="s1-s3-s8" name="Login Page">robot Assignment.Assignment3.Login Page</stat>
<stat pass="4" fail="0" skip="0" id="s1-s4" name="Assignment4">robot Assignment.Assignment4</stat>
<stat pass="2" fail="0" skip="0" id="s1-s4-s1" name="Amazon">robot Assignment.Assignment4.Amazon</stat>
<stat pass="2" fail="0" skip="0" id="s1-s4-s2" name="Flipkart">robot Assignment.Assignment4.Flipkart</stat>
</suite>
</statistics>
<errors>
</errors>
</robot>
