<?xml version="1.0" encoding="UTF-8"?>
<robot generator="Robot 6.1.1 (Python 3.10.12 on linux)" generated="20240109 15:42:39.427" rpa="false" schemaversion="4">
<suite id="s1" name="Assignment4" source="/home/lakshman_k/rftest/robot_Assignment/assignment4">
<suite id="s1-s1" name="Amazon" source="/home/lakshman_k/rftest/robot_Assignment/assignment4/amazon.robot">
<kw name="Open Browser" library="SeleniumLibrary" type="SETUP">
<arg>https://www.amazon.in/</arg>
<arg>Chrome</arg>
<doc>Opens a new browser instance to the optional ``url``.</doc>
<msg timestamp="20240109 15:42:39.602" level="INFO">Opening browser 'Chrome' to base url 'https://www.amazon.in/'.</msg>
<status status="PASS" starttime="20240109 15:42:39.601" endtime="20240109 15:42:43.809"/>
</kw>
<test id="s1-s1-t1" name="Search For Iphone with 20000" line="16">
<kw name="Click Element" library="SeleniumLibrary">
<arg>xpath=//a[contains(@href,'/mobile-phones')]</arg>
<doc>Click the element identified by ``locator``.</doc>
<msg timestamp="20240109 15:42:43.812" level="INFO">Clicking element 'xpath=//a[contains(@href,'/mobile-phones')]'.</msg>
<status status="PASS" starttime="20240109 15:42:43.812" endtime="20240109 15:42:46.305"/>
</kw>
<kw name="Click Element" library="SeleniumLibrary">
<arg>xpath=//li//span[text()='Over ₹20,000']</arg>
<doc>Click the element identified by ``locator``.</doc>
<msg timestamp="20240109 15:42:46.306" level="INFO">Clicking element 'xpath=//li//span[text()='Over ₹20,000']'.</msg>
<status status="PASS" starttime="20240109 15:42:46.306" endtime="20240109 15:42:48.919"/>
</kw>
<kw name="Click Element" library="SeleniumLibrary">
<arg>xpath=//li[@aria-label='Apple']//div</arg>
<doc>Click the element identified by ``locator``.</doc>
<msg timestamp="20240109 15:42:48.920" level="INFO">Clicking element 'xpath=//li[@aria-label='Apple']//div'.</msg>
<status status="PASS" starttime="20240109 15:42:48.920" endtime="20240109 15:42:50.322"/>
</kw>
<status status="PASS" starttime="20240109 15:42:43.810" endtime="20240109 15:42:50.322"/>
</test>
<test id="s1-s1-t2" name="Get Name Price Ratings" line="22">
<kw name="Sleep" library="BuiltIn">
<arg>1</arg>
<doc>Pauses the test executed for the given time.</doc>
<msg timestamp="20240109 15:42:51.323" level="INFO">Slept 1 second</msg>
<status status="PASS" starttime="20240109 15:42:50.322" endtime="20240109 15:42:51.323"/>
</kw>
<kw name="Get WebElements" library="SeleniumLibrary">
<var>${element_size}</var>
<arg>xpath=(//span[@class = 'a-size-base-plus a-color-base a-text-normal'])</arg>
<doc>Returns a list of WebElement objects matching the ``locator``.</doc>
<msg timestamp="20240109 15:42:51.342" level="INFO">${element_size} = [&lt;selenium.webdriver.remote.webelement.WebElement (session="4f09e2f15642de2d14b3768e9bcbe645", element="71419F63A0C1F5CCC528843281DE9A20_element_213")&gt;, &lt;selenium.webdriver.remote.webelement.WebElemen...</msg>
<status status="PASS" starttime="20240109 15:42:51.323" endtime="20240109 15:42:51.342"/>
</kw>
<kw name="Evaluate" library="BuiltIn">
<var>${elements_length}</var>
<arg>len($element_size)</arg>
<doc>Evaluates the given expression in Python and returns the result.</doc>
<msg timestamp="20240109 15:42:51.344" level="INFO">${elements_length} = 24</msg>
<status status="PASS" starttime="20240109 15:42:51.342" endtime="20240109 15:42:51.345"/>
</kw>
<for flavor="IN RANGE">
<var>${element_index}</var>
<value>1</value>
<value>${elements_length}</value>
<iter>
<var name="${element_index}">1</var>
<kw name="Get Text" library="SeleniumLibrary">
<var>${element_name_text}</var>
<arg>${element_name} [${element_index}]</arg>
<doc>Returns the text value of the element identified by ``locator``.</doc>
<msg timestamp="20240109 15:42:51.364" level="INFO">${element_name_text} = iPhone 13 (128GB) - Pink</msg>
<status status="PASS" starttime="20240109 15:42:51.345" endtime="20240109 15:42:51.364"/>
</kw>
<kw name="Get Text" library="SeleniumLibrary">
<var>${element_price_text}</var>
<arg>${element_price} [${element_index}]</arg>
<doc>Returns the text value of the element identified by ``locator``.</doc>
<msg timestamp="20240109 15:42:51.385" level="INFO">${element_price_text} = 52,999</msg>
<status status="PASS" starttime="20240109 15:42:51.364" endtime="20240109 15:42:51.385"/>
</kw>
<kw name="Get Text" library="SeleniumLibrary">
<var>${element_rating_text}</var>
<arg>${element_rating} [${element_index}]</arg>
<doc>Returns the text value of the element identified by ``locator``.</doc>
<msg timestamp="20240109 15:42:51.401" level="INFO">${element_rating_text} = 2,215</msg>
<status status="PASS" starttime="20240109 15:42:51.385" endtime="20240109 15:42:51.401"/>
</kw>
<kw name="Append Rows" library="create_addrows">
<arg>${xls-file}</arg>
<arg>${sheet_name}</arg>
<arg>${element_name_text}</arg>
<arg>${element_price_text}</arg>
<arg>${element_rating_text}</arg>
<status status="PASS" starttime="20240109 15:42:51.401" endtime="20240109 15:42:51.418"/>
</kw>
<status status="PASS" starttime="20240109 15:42:51.345" endtime="20240109 15:42:51.418"/>
</iter>
<iter>
<var name="${element_index}">2</var>
<kw name="Get Text" library="SeleniumLibrary">
<var>${element_name_text}</var>
<arg>${element_name} [${element_index}]</arg>
<doc>Returns the text value of the element identified by ``locator``.</doc>
<msg timestamp="20240109 15:42:51.434" level="INFO">${element_name_text} = iPhone 14 (128 GB) - Midnight</msg>
<status status="PASS" starttime="20240109 15:42:51.418" endtime="20240109 15:42:51.434"/>
</kw>
<kw name="Get Text" library="SeleniumLibrary">
<var>${element_price_text}</var>
<arg>${element_price} [${element_index}]</arg>
<doc>Returns the text value of the element identified by ``locator``.</doc>
<msg timestamp="20240109 15:42:51.447" level="INFO">${element_price_text} = 58,999</msg>
<status status="PASS" starttime="20240109 15:42:51.434" endtime="20240109 15:42:51.447"/>
</kw>
<kw name="Get Text" library="SeleniumLibrary">
<var>${element_rating_text}</var>
<arg>${element_rating} [${element_index}]</arg>
<doc>Returns the text value of the element identified by ``locator``.</doc>
<msg timestamp="20240109 15:42:51.463" level="INFO">${element_rating_text} = 4,376</msg>
<status status="PASS" starttime="20240109 15:42:51.447" endtime="20240109 15:42:51.463"/>
</kw>
<kw name="Append Rows" library="create_addrows">
<arg>${xls-file}</arg>
<arg>${sheet_name}</arg>
<arg>${element_name_text}</arg>
<arg>${element_price_text}</arg>
<arg>${element_rating_text}</arg>
<status status="PASS" starttime="20240109 15:42:51.463" endtime="20240109 15:42:51.490"/>
</kw>
<status status="PASS" starttime="20240109 15:42:51.418" endtime="20240109 15:42:51.490"/>
</iter>
<iter>
<var name="${element_index}">3</var>
<kw name="Get Text" library="SeleniumLibrary">
<var>${element_name_text}</var>
<arg>${element_name} [${element_index}]</arg>
<doc>Returns the text value of the element identified by ``locator``.</doc>
<msg timestamp="20240109 15:42:51.513" level="INFO">${element_name_text} = iPhone 15 (128 GB) - Blue</msg>
<status status="PASS" starttime="20240109 15:42:51.491" endtime="20240109 15:42:51.513"/>
</kw>
<kw name="Get Text" library="SeleniumLibrary">
<var>${element_price_text}</var>
<arg>${element_price} [${element_index}]</arg>
<doc>Returns the text value of the element identified by ``locator``.</doc>
<msg timestamp="20240109 15:42:51.527" level="INFO">${element_price_text} = 72,990</msg>
<status status="PASS" starttime="20240109 15:42:51.513" endtime="20240109 15:42:51.527"/>
</kw>
<kw name="Get Text" library="SeleniumLibrary">
<var>${element_rating_text}</var>
<arg>${element_rating} [${element_index}]</arg>
<doc>Returns the text value of the element identified by ``locator``.</doc>
<msg timestamp="20240109 15:42:51.542" level="INFO">${element_rating_text} = 474</msg>
<status status="PASS" starttime="20240109 15:42:51.527" endtime="20240109 15:42:51.542"/>
</kw>
<kw name="Append Rows" library="create_addrows">
<arg>${xls-file}</arg>
<arg>${sheet_name}</arg>
<arg>${element_name_text}</arg>
<arg>${element_price_text}</arg>
<arg>${element_rating_text}</arg>
<status status="PASS" starttime="20240109 15:42:51.542" endtime="20240109 15:42:51.557"/>
</kw>
<status status="PASS" starttime="20240109 15:42:51.491" endtime="20240109 15:42:51.557"/>
</iter>
<iter>
<var name="${element_index}">4</var>
<kw name="Get Text" library="SeleniumLibrary">
<var>${element_name_text}</var>
<arg>${element_name} [${element_index}]</arg>
<doc>Returns the text value of the element identified by ``locator``.</doc>
<msg timestamp="20240109 15:42:51.569" level="INFO">${element_name_text} = iPhone 14 (128 GB) - Purple</msg>
<status status="PASS" starttime="20240109 15:42:51.557" endtime="20240109 15:42:51.570"/>
</kw>
<kw name="Get Text" library="SeleniumLibrary">
<var>${element_price_text}</var>
<arg>${element_price} [${element_index}]</arg>
<doc>Returns the text value of the element identified by ``locator``.</doc>
<msg timestamp="20240109 15:42:51.581" level="INFO">${element_price_text} = 58,999</msg>
<status status="PASS" starttime="20240109 15:42:51.570" endtime="20240109 15:42:51.581"/>
</kw>
<kw name="Get Text" library="SeleniumLibrary">
<var>${element_rating_text}</var>
<arg>${element_rating} [${element_index}]</arg>
<doc>Returns the text value of the element identified by ``locator``.</doc>
<msg timestamp="20240109 15:42:51.592" level="INFO">${element_rating_text} = 4,376</msg>
<status status="PASS" starttime="20240109 15:42:51.581" endtime="20240109 15:42:51.592"/>
</kw>
<kw name="Append Rows" library="create_addrows">
<arg>${xls-file}</arg>
<arg>${sheet_name}</arg>
<arg>${element_name_text}</arg>
<arg>${element_price_text}</arg>
<arg>${element_rating_text}</arg>
<status status="PASS" starttime="20240109 15:42:51.592" endtime="20240109 15:42:51.608"/>
</kw>
<status status="PASS" starttime="20240109 15:42:51.557" endtime="20240109 15:42:51.608"/>
</iter>
<iter>
<var name="${element_index}">5</var>
<kw name="Get Text" library="SeleniumLibrary">
<var>${element_name_text}</var>
<arg>${element_name} [${element_index}]</arg>
<doc>Returns the text value of the element identified by ``locator``.</doc>
<msg timestamp="20240109 15:42:51.621" level="INFO">${element_name_text} = iPhone 13 (128GB) - (Product) RED</msg>
<status status="PASS" starttime="20240109 15:42:51.608" endtime="20240109 15:42:51.621"/>
</kw>
<kw name="Get Text" library="SeleniumLibrary">
<var>${element_price_text}</var>
<arg>${element_price} [${element_index}]</arg>
<doc>Returns the text value of the element identified by ``locator``.</doc>
<msg timestamp="20240109 15:42:51.633" level="INFO">${element_price_text} = 52,999</msg>
<status status="PASS" starttime="20240109 15:42:51.621" endtime="20240109 15:42:51.633"/>
</kw>
<kw name="Get Text" library="SeleniumLibrary">
<var>${element_rating_text}</var>
<arg>${element_rating} [${element_index}]</arg>
<doc>Returns the text value of the element identified by ``locator``.</doc>
<msg timestamp="20240109 15:42:51.646" level="INFO">${element_rating_text} = 1,561</msg>
<status status="PASS" starttime="20240109 15:42:51.633" endtime="20240109 15:42:51.646"/>
</kw>
<kw name="Append Rows" library="create_addrows">
<arg>${xls-file}</arg>
<arg>${sheet_name}</arg>
<arg>${element_name_text}</arg>
<arg>${element_price_text}</arg>
<arg>${element_rating_text}</arg>
<status status="PASS" starttime="20240109 15:42:51.646" endtime="20240109 15:42:51.660"/>
</kw>
<status status="PASS" starttime="20240109 15:42:51.608" endtime="20240109 15:42:51.660"/>
</iter>
<iter>
<var name="${element_index}">6</var>
<kw name="Get Text" library="SeleniumLibrary">
<var>${element_name_text}</var>
<arg>${element_name} [${element_index}]</arg>
<doc>Returns the text value of the element identified by ``locator``.</doc>
<msg timestamp="20240109 15:42:51.673" level="INFO">${element_name_text} = iPhone 15 (128 GB) - Black</msg>
<status status="PASS" starttime="20240109 15:42:51.660" endtime="20240109 15:42:51.673"/>
</kw>
<kw name="Get Text" library="SeleniumLibrary">
<var>${element_price_text}</var>
<arg>${element_price} [${element_index}]</arg>
<doc>Returns the text value of the element identified by ``locator``.</doc>
<msg timestamp="20240109 15:42:51.684" level="INFO">${element_price_text} = 72,990</msg>
<status status="PASS" starttime="20240109 15:42:51.673" endtime="20240109 15:42:51.684"/>
</kw>
<kw name="Get Text" library="SeleniumLibrary">
<var>${element_rating_text}</var>
<arg>${element_rating} [${element_index}]</arg>
<doc>Returns the text value of the element identified by ``locator``.</doc>
<msg timestamp="20240109 15:42:51.695" level="INFO">${element_rating_text} = 474</msg>
<status status="PASS" starttime="20240109 15:42:51.684" endtime="20240109 15:42:51.695"/>
</kw>
<kw name="Append Rows" library="create_addrows">
<arg>${xls-file}</arg>
<arg>${sheet_name}</arg>
<arg>${element_name_text}</arg>
<arg>${element_price_text}</arg>
<arg>${element_rating_text}</arg>
<status status="PASS" starttime="20240109 15:42:51.695" endtime="20240109 15:42:51.710"/>
</kw>
<status status="PASS" starttime="20240109 15:42:51.660" endtime="20240109 15:42:51.710"/>
</iter>
<iter>
<var name="${element_index}">7</var>
<kw name="Get Text" library="SeleniumLibrary">
<var>${element_name_text}</var>
<arg>${element_name} [${element_index}]</arg>
<doc>Returns the text value of the element identified by ``locator``.</doc>
<msg timestamp="20240109 15:42:51.722" level="INFO">${element_name_text} = iPhone 14 (128 GB) - Blue</msg>
<status status="PASS" starttime="20240109 15:42:51.710" endtime="20240109 15:42:51.722"/>
</kw>
<kw name="Get Text" library="SeleniumLibrary">
<var>${element_price_text}</var>
<arg>${element_price} [${element_index}]</arg>
<doc>Returns the text value of the element identified by ``locator``.</doc>
<msg timestamp="20240109 15:42:51.734" level="INFO">${element_price_text} = 58,999</msg>
<status status="PASS" starttime="20240109 15:42:51.722" endtime="20240109 15:42:51.734"/>
</kw>
<kw name="Get Text" library="SeleniumLibrary">
<var>${element_rating_text}</var>
<arg>${element_rating} [${element_index}]</arg>
<doc>Returns the text value of the element identified by ``locator``.</doc>
<msg timestamp="20240109 15:42:51.745" level="INFO">${element_rating_text} = 4,376</msg>
<status status="PASS" starttime="20240109 15:42:51.734" endtime="20240109 15:42:51.745"/>
</kw>
<kw name="Append Rows" library="create_addrows">
<arg>${xls-file}</arg>
<arg>${sheet_name}</arg>
<arg>${element_name_text}</arg>
<arg>${element_price_text}</arg>
<arg>${element_rating_text}</arg>
<status status="PASS" starttime="20240109 15:42:51.745" endtime="20240109 15:42:51.760"/>
</kw>
<status status="PASS" starttime="20240109 15:42:51.710" endtime="20240109 15:42:51.760"/>
</iter>
<iter>
<var name="${element_index}">8</var>
<kw name="Get Text" library="SeleniumLibrary">
<var>${element_name_text}</var>
<arg>${element_name} [${element_index}]</arg>
<doc>Returns the text value of the element identified by ``locator``.</doc>
<msg timestamp="20240109 15:42:51.773" level="INFO">${element_name_text} = iPhone 15 (128 GB) - Pink</msg>
<status status="PASS" starttime="20240109 15:42:51.761" endtime="20240109 15:42:51.773"/>
</kw>
<kw name="Get Text" library="SeleniumLibrary">
<var>${element_price_text}</var>
<arg>${element_price} [${element_index}]</arg>
<doc>Returns the text value of the element identified by ``locator``.</doc>
<msg timestamp="20240109 15:42:51.785" level="INFO">${element_price_text} = 72,990</msg>
<status status="PASS" starttime="20240109 15:42:51.773" endtime="20240109 15:42:51.785"/>
</kw>
<kw name="Get Text" library="SeleniumLibrary">
<var>${element_rating_text}</var>
<arg>${element_rating} [${element_index}]</arg>
<doc>Returns the text value of the element identified by ``locator``.</doc>
<msg timestamp="20240109 15:42:51.796" level="INFO">${element_rating_text} = 474</msg>
<status status="PASS" starttime="20240109 15:42:51.785" endtime="20240109 15:42:51.796"/>
</kw>
<kw name="Append Rows" library="create_addrows">
<arg>${xls-file}</arg>
<arg>${sheet_name}</arg>
<arg>${element_name_text}</arg>
<arg>${element_price_text}</arg>
<arg>${element_rating_text}</arg>
<status status="PASS" starttime="20240109 15:42:51.797" endtime="20240109 15:42:51.812"/>
</kw>
<status status="PASS" starttime="20240109 15:42:51.760" endtime="20240109 15:42:51.812"/>
</iter>
<iter>
<var name="${element_index}">9</var>
<kw name="Get Text" library="SeleniumLibrary">
<var>${element_name_text}</var>
<arg>${element_name} [${element_index}]</arg>
<doc>Returns the text value of the element identified by ``locator``.</doc>
<msg timestamp="20240109 15:42:51.825" level="INFO">${element_name_text} = iPhone 15 (256 GB) - Black</msg>
<status status="PASS" starttime="20240109 15:42:51.812" endtime="20240109 15:42:51.825"/>
</kw>
<kw name="Get Text" library="SeleniumLibrary">
<var>${element_price_text}</var>
<arg>${element_price} [${element_index}]</arg>
<doc>Returns the text value of the element identified by ``locator``.</doc>
<msg timestamp="20240109 15:42:51.836" level="INFO">${element_price_text} = 83,999</msg>
<status status="PASS" starttime="20240109 15:42:51.825" endtime="20240109 15:42:51.836"/>
</kw>
<kw name="Get Text" library="SeleniumLibrary">
<var>${element_rating_text}</var>
<arg>${element_rating} [${element_index}]</arg>
<doc>Returns the text value of the element identified by ``locator``.</doc>
<msg timestamp="20240109 15:42:51.847" level="INFO">${element_rating_text} = 474</msg>
<status status="PASS" starttime="20240109 15:42:51.836" endtime="20240109 15:42:51.847"/>
</kw>
<kw name="Append Rows" library="create_addrows">
<arg>${xls-file}</arg>
<arg>${sheet_name}</arg>
<arg>${element_name_text}</arg>
<arg>${element_price_text}</arg>
<arg>${element_rating_text}</arg>
<status status="PASS" starttime="20240109 15:42:51.847" endtime="20240109 15:42:51.866"/>
</kw>
<status status="PASS" starttime="20240109 15:42:51.812" endtime="20240109 15:42:51.866"/>
</iter>
<iter>
<var name="${element_index}">10</var>
<kw name="Get Text" library="SeleniumLibrary">
<var>${element_name_text}</var>
<arg>${element_name} [${element_index}]</arg>
<doc>Returns the text value of the element identified by ``locator``.</doc>
<msg timestamp="20240109 15:42:51.890" level="INFO">${element_name_text} = iPhone 15 (128 GB) - Green</msg>
<status status="PASS" starttime="20240109 15:42:51.866" endtime="20240109 15:42:51.890"/>
</kw>
<kw name="Get Text" library="SeleniumLibrary">
<var>${element_price_text}</var>
<arg>${element_price} [${element_index}]</arg>
<doc>Returns the text value of the element identified by ``locator``.</doc>
<msg timestamp="20240109 15:42:51.939" level="INFO">${element_price_text} = 72,990</msg>
<status status="PASS" starttime="20240109 15:42:51.890" endtime="20240109 15:42:51.939"/>
</kw>
<kw name="Get Text" library="SeleniumLibrary">
<var>${element_rating_text}</var>
<arg>${element_rating} [${element_index}]</arg>
<doc>Returns the text value of the element identified by ``locator``.</doc>
<msg timestamp="20240109 15:42:51.951" level="INFO">${element_rating_text} = 474</msg>
<status status="PASS" starttime="20240109 15:42:51.939" endtime="20240109 15:42:51.951"/>
</kw>
<kw name="Append Rows" library="create_addrows">
<arg>${xls-file}</arg>
<arg>${sheet_name}</arg>
<arg>${element_name_text}</arg>
<arg>${element_price_text}</arg>
<arg>${element_rating_text}</arg>
<status status="PASS" starttime="20240109 15:42:51.951" endtime="20240109 15:42:51.968"/>
</kw>
<status status="PASS" starttime="20240109 15:42:51.866" endtime="20240109 15:42:51.968"/>
</iter>
<iter>
<var name="${element_index}">11</var>
<kw name="Get Text" library="SeleniumLibrary">
<var>${element_name_text}</var>
<arg>${element_name} [${element_index}]</arg>
<doc>Returns the text value of the element identified by ``locator``.</doc>
<msg timestamp="20240109 15:42:51.981" level="INFO">${element_name_text} = iPhone 14 Plus (128 GB) - Purple</msg>
<status status="PASS" starttime="20240109 15:42:51.968" endtime="20240109 15:42:51.981"/>
</kw>
<kw name="Get Text" library="SeleniumLibrary">
<var>${element_price_text}</var>
<arg>${element_price} [${element_index}]</arg>
<doc>Returns the text value of the element identified by ``locator``.</doc>
<msg timestamp="20240109 15:42:51.995" level="INFO">${element_price_text} = 66,999</msg>
<status status="PASS" starttime="20240109 15:42:51.981" endtime="20240109 15:42:51.995"/>
</kw>
<kw name="Get Text" library="SeleniumLibrary">
<var>${element_rating_text}</var>
<arg>${element_rating} [${element_index}]</arg>
<doc>Returns the text value of the element identified by ``locator``.</doc>
<msg timestamp="20240109 15:42:52.008" level="INFO">${element_rating_text} = 1,571</msg>
<status status="PASS" starttime="20240109 15:42:51.995" endtime="20240109 15:42:52.008"/>
</kw>
<kw name="Append Rows" library="create_addrows">
<arg>${xls-file}</arg>
<arg>${sheet_name}</arg>
<arg>${element_name_text}</arg>
<arg>${element_price_text}</arg>
<arg>${element_rating_text}</arg>
<status status="PASS" starttime="20240109 15:42:52.008" endtime="20240109 15:42:52.025"/>
</kw>
<status status="PASS" starttime="20240109 15:42:51.968" endtime="20240109 15:42:52.025"/>
</iter>
<iter>
<var name="${element_index}">12</var>
<kw name="Get Text" library="SeleniumLibrary">
<var>${element_name_text}</var>
<arg>${element_name} [${element_index}]</arg>
<doc>Returns the text value of the element identified by ``locator``.</doc>
<msg timestamp="20240109 15:42:52.038" level="INFO">${element_name_text} = iPhone 15 Plus (128 GB) - Blue</msg>
<status status="PASS" starttime="20240109 15:42:52.026" endtime="20240109 15:42:52.038"/>
</kw>
<kw name="Get Text" library="SeleniumLibrary">
<var>${element_price_text}</var>
<arg>${element_price} [${element_index}]</arg>
<doc>Returns the text value of the element identified by ``locator``.</doc>
<msg timestamp="20240109 15:42:52.050" level="INFO">${element_price_text} = 82,990</msg>
<status status="PASS" starttime="20240109 15:42:52.038" endtime="20240109 15:42:52.050"/>
</kw>
<kw name="Get Text" library="SeleniumLibrary">
<var>${element_rating_text}</var>
<arg>${element_rating} [${element_index}]</arg>
<doc>Returns the text value of the element identified by ``locator``.</doc>
<msg timestamp="20240109 15:42:52.061" level="INFO">${element_rating_text} = 243</msg>
<status status="PASS" starttime="20240109 15:42:52.050" endtime="20240109 15:42:52.061"/>
</kw>
<kw name="Append Rows" library="create_addrows">
<arg>${xls-file}</arg>
<arg>${sheet_name}</arg>
<arg>${element_name_text}</arg>
<arg>${element_price_text}</arg>
<arg>${element_rating_text}</arg>
<status status="PASS" starttime="20240109 15:42:52.061" endtime="20240109 15:42:52.076"/>
</kw>
<status status="PASS" starttime="20240109 15:42:52.025" endtime="20240109 15:42:52.076"/>
</iter>
<iter>
<var name="${element_index}">13</var>
<kw name="Get Text" library="SeleniumLibrary">
<var>${element_name_text}</var>
<arg>${element_name} [${element_index}]</arg>
<doc>Returns the text value of the element identified by ``locator``.</doc>
<msg timestamp="20240109 15:42:52.089" level="INFO">${element_name_text} = iPhone 15 Plus (128 GB) - Black</msg>
<status status="PASS" starttime="20240109 15:42:52.076" endtime="20240109 15:42:52.089"/>
</kw>
<kw name="Get Text" library="SeleniumLibrary">
<var>${element_price_text}</var>
<arg>${element_price} [${element_index}]</arg>
<doc>Returns the text value of the element identified by ``locator``.</doc>
<msg timestamp="20240109 15:42:52.100" level="INFO">${element_price_text} = 82,990</msg>
<status status="PASS" starttime="20240109 15:42:52.089" endtime="20240109 15:42:52.100"/>
</kw>
<kw name="Get Text" library="SeleniumLibrary">
<var>${element_rating_text}</var>
<arg>${element_rating} [${element_index}]</arg>
<doc>Returns the text value of the element identified by ``locator``.</doc>
<msg timestamp="20240109 15:42:52.112" level="INFO">${element_rating_text} = 243</msg>
<status status="PASS" starttime="20240109 15:42:52.100" endtime="20240109 15:42:52.112"/>
</kw>
<kw name="Append Rows" library="create_addrows">
<arg>${xls-file}</arg>
<arg>${sheet_name}</arg>
<arg>${element_name_text}</arg>
<arg>${element_price_text}</arg>
<arg>${element_rating_text}</arg>
<status status="PASS" starttime="20240109 15:42:52.112" endtime="20240109 15:42:52.128"/>
</kw>
<status status="PASS" starttime="20240109 15:42:52.076" endtime="20240109 15:42:52.128"/>
</iter>
<iter>
<var name="${element_index}">14</var>
<kw name="Get Text" library="SeleniumLibrary">
<var>${element_name_text}</var>
<arg>${element_name} [${element_index}]</arg>
<doc>Returns the text value of the element identified by ``locator``.</doc>
<msg timestamp="20240109 15:42:52.143" level="INFO">${element_name_text} = iPhone 14 Plus (128 GB) - Midnight</msg>
<status status="PASS" starttime="20240109 15:42:52.128" endtime="20240109 15:42:52.143"/>
</kw>
<kw name="Get Text" library="SeleniumLibrary">
<var>${element_price_text}</var>
<arg>${element_price} [${element_index}]</arg>
<doc>Returns the text value of the element identified by ``locator``.</doc>
<msg timestamp="20240109 15:42:52.155" level="INFO">${element_price_text} = 66,999</msg>
<status status="PASS" starttime="20240109 15:42:52.143" endtime="20240109 15:42:52.155"/>
</kw>
<kw name="Get Text" library="SeleniumLibrary">
<var>${element_rating_text}</var>
<arg>${element_rating} [${element_index}]</arg>
<doc>Returns the text value of the element identified by ``locator``.</doc>
<msg timestamp="20240109 15:42:52.167" level="INFO">${element_rating_text} = 1,571</msg>
<status status="PASS" starttime="20240109 15:42:52.155" endtime="20240109 15:42:52.167"/>
</kw>
<kw name="Append Rows" library="create_addrows">
<arg>${xls-file}</arg>
<arg>${sheet_name}</arg>
<arg>${element_name_text}</arg>
<arg>${element_price_text}</arg>
<arg>${element_rating_text}</arg>
<status status="PASS" starttime="20240109 15:42:52.167" endtime="20240109 15:42:52.182"/>
</kw>
<status status="PASS" starttime="20240109 15:42:52.128" endtime="20240109 15:42:52.182"/>
</iter>
<iter>
<var name="${element_index}">15</var>
<kw name="Get Text" library="SeleniumLibrary">
<var>${element_name_text}</var>
<arg>${element_name} [${element_index}]</arg>
<doc>Returns the text value of the element identified by ``locator``.</doc>
<msg timestamp="20240109 15:42:52.198" level="INFO">${element_name_text} = iPhone 14 Plus (128 GB) - Starlight</msg>
<status status="PASS" starttime="20240109 15:42:52.182" endtime="20240109 15:42:52.198"/>
</kw>
<kw name="Get Text" library="SeleniumLibrary">
<var>${element_price_text}</var>
<arg>${element_price} [${element_index}]</arg>
<doc>Returns the text value of the element identified by ``locator``.</doc>
<msg timestamp="20240109 15:42:52.211" level="INFO">${element_price_text} = 66,999</msg>
<status status="PASS" starttime="20240109 15:42:52.198" endtime="20240109 15:42:52.212"/>
</kw>
<kw name="Get Text" library="SeleniumLibrary">
<var>${element_rating_text}</var>
<arg>${element_rating} [${element_index}]</arg>
<doc>Returns the text value of the element identified by ``locator``.</doc>
<msg timestamp="20240109 15:42:52.236" level="INFO">${element_rating_text} = 1,571</msg>
<status status="PASS" starttime="20240109 15:42:52.212" endtime="20240109 15:42:52.236"/>
</kw>
<kw name="Append Rows" library="create_addrows">
<arg>${xls-file}</arg>
<arg>${sheet_name}</arg>
<arg>${element_name_text}</arg>
<arg>${element_price_text}</arg>
<arg>${element_rating_text}</arg>
<status status="PASS" starttime="20240109 15:42:52.236" endtime="20240109 15:42:52.252"/>
</kw>
<status status="PASS" starttime="20240109 15:42:52.182" endtime="20240109 15:42:52.252"/>
</iter>
<iter>
<var name="${element_index}">16</var>
<kw name="Get Text" library="SeleniumLibrary">
<var>${element_name_text}</var>
<arg>${element_name} [${element_index}]</arg>
<doc>Returns the text value of the element identified by ``locator``.</doc>
<msg timestamp="20240109 15:42:52.264" level="INFO">${element_name_text} = iPhone 15 (256 GB) - Blue</msg>
<status status="PASS" starttime="20240109 15:42:52.252" endtime="20240109 15:42:52.264"/>
</kw>
<kw name="Get Text" library="SeleniumLibrary">
<var>${element_price_text}</var>
<arg>${element_price} [${element_index}]</arg>
<doc>Returns the text value of the element identified by ``locator``.</doc>
<msg timestamp="20240109 15:42:52.276" level="INFO">${element_price_text} = 83,999</msg>
<status status="PASS" starttime="20240109 15:42:52.264" endtime="20240109 15:42:52.276"/>
</kw>
<kw name="Get Text" library="SeleniumLibrary">
<var>${element_rating_text}</var>
<arg>${element_rating} [${element_index}]</arg>
<doc>Returns the text value of the element identified by ``locator``.</doc>
<msg timestamp="20240109 15:42:52.288" level="INFO">${element_rating_text} = 474</msg>
<status status="PASS" starttime="20240109 15:42:52.276" endtime="20240109 15:42:52.288"/>
</kw>
<kw name="Append Rows" library="create_addrows">
<arg>${xls-file}</arg>
<arg>${sheet_name}</arg>
<arg>${element_name_text}</arg>
<arg>${element_price_text}</arg>
<arg>${element_rating_text}</arg>
<status status="PASS" starttime="20240109 15:42:52.288" endtime="20240109 15:42:52.303"/>
</kw>
<status status="PASS" starttime="20240109 15:42:52.252" endtime="20240109 15:42:52.303"/>
</iter>
<iter>
<var name="${element_index}">17</var>
<kw name="Get Text" library="SeleniumLibrary">
<var>${element_name_text}</var>
<arg>${element_name} [${element_index}]</arg>
<doc>Returns the text value of the element identified by ``locator``.</doc>
<msg timestamp="20240109 15:42:52.317" level="INFO">${element_name_text} = iPhone 14 (256 GB) - Starlight</msg>
<status status="PASS" starttime="20240109 15:42:52.303" endtime="20240109 15:42:52.317"/>
</kw>
<kw name="Get Text" library="SeleniumLibrary">
<var>${element_price_text}</var>
<arg>${element_price} [${element_index}]</arg>
<doc>Returns the text value of the element identified by ``locator``.</doc>
<msg timestamp="20240109 15:42:52.328" level="INFO">${element_price_text} = 68,999</msg>
<status status="PASS" starttime="20240109 15:42:52.317" endtime="20240109 15:42:52.328"/>
</kw>
<kw name="Get Text" library="SeleniumLibrary">
<var>${element_rating_text}</var>
<arg>${element_rating} [${element_index}]</arg>
<doc>Returns the text value of the element identified by ``locator``.</doc>
<msg timestamp="20240109 15:42:52.340" level="INFO">${element_rating_text} = 4,376</msg>
<status status="PASS" starttime="20240109 15:42:52.329" endtime="20240109 15:42:52.340"/>
</kw>
<kw name="Append Rows" library="create_addrows">
<arg>${xls-file}</arg>
<arg>${sheet_name}</arg>
<arg>${element_name_text}</arg>
<arg>${element_price_text}</arg>
<arg>${element_rating_text}</arg>
<status status="PASS" starttime="20240109 15:42:52.340" endtime="20240109 15:42:52.356"/>
</kw>
<status status="PASS" starttime="20240109 15:42:52.303" endtime="20240109 15:42:52.356"/>
</iter>
<iter>
<var name="${element_index}">18</var>
<kw name="Get Text" library="SeleniumLibrary">
<var>${element_name_text}</var>
<arg>${element_name} [${element_index}]</arg>
<doc>Returns the text value of the element identified by ``locator``.</doc>
<msg timestamp="20240109 15:42:52.369" level="INFO">${element_name_text} = iPhone 15 Pro Max (256 GB) - Blue Titanium</msg>
<status status="PASS" starttime="20240109 15:42:52.356" endtime="20240109 15:42:52.369"/>
</kw>
<kw name="Get Text" library="SeleniumLibrary">
<var>${element_price_text}</var>
<arg>${element_price} [${element_index}]</arg>
<doc>Returns the text value of the element identified by ``locator``.</doc>
<msg timestamp="20240109 15:42:52.381" level="INFO">${element_price_text} = 1,56,900</msg>
<status status="PASS" starttime="20240109 15:42:52.369" endtime="20240109 15:42:52.381"/>
</kw>
<kw name="Get Text" library="SeleniumLibrary">
<var>${element_rating_text}</var>
<arg>${element_rating} [${element_index}]</arg>
<doc>Returns the text value of the element identified by ``locator``.</doc>
<msg timestamp="20240109 15:42:52.393" level="INFO">${element_rating_text} = 104</msg>
<status status="PASS" starttime="20240109 15:42:52.381" endtime="20240109 15:42:52.393"/>
</kw>
<kw name="Append Rows" library="create_addrows">
<arg>${xls-file}</arg>
<arg>${sheet_name}</arg>
<arg>${element_name_text}</arg>
<arg>${element_price_text}</arg>
<arg>${element_rating_text}</arg>
<status status="PASS" starttime="20240109 15:42:52.393" endtime="20240109 15:42:52.408"/>
</kw>
<status status="PASS" starttime="20240109 15:42:52.356" endtime="20240109 15:42:52.408"/>
</iter>
<iter>
<var name="${element_index}">19</var>
<kw name="Get Text" library="SeleniumLibrary">
<var>${element_name_text}</var>
<arg>${element_name} [${element_index}]</arg>
<doc>Returns the text value of the element identified by ``locator``.</doc>
<msg timestamp="20240109 15:42:52.421" level="INFO">${element_name_text} = Watch SE (2nd Gen) [GPS 40 mm] Smart Watch w/Midnight Aluminium Case &amp; Midnight Sport Band. Fitness &amp; Sleep Tracker, Crash Detection, Heart Rate Monitor, Retina Display, Water Resistant</msg>
<status status="PASS" starttime="20240109 15:42:52.409" endtime="20240109 15:42:52.421"/>
</kw>
<kw name="Get Text" library="SeleniumLibrary">
<var>${element_price_text}</var>
<arg>${element_price} [${element_index}]</arg>
<doc>Returns the text value of the element identified by ``locator``.</doc>
<msg timestamp="20240109 15:42:52.433" level="INFO">${element_price_text} = 26,999</msg>
<status status="PASS" starttime="20240109 15:42:52.421" endtime="20240109 15:42:52.433"/>
</kw>
<kw name="Get Text" library="SeleniumLibrary">
<var>${element_rating_text}</var>
<arg>${element_rating} [${element_index}]</arg>
<doc>Returns the text value of the element identified by ``locator``.</doc>
<msg timestamp="20240109 15:42:52.445" level="INFO">${element_rating_text} = 2,193</msg>
<status status="PASS" starttime="20240109 15:42:52.433" endtime="20240109 15:42:52.445"/>
</kw>
<kw name="Append Rows" library="create_addrows">
<arg>${xls-file}</arg>
<arg>${sheet_name}</arg>
<arg>${element_name_text}</arg>
<arg>${element_price_text}</arg>
<arg>${element_rating_text}</arg>
<status status="PASS" starttime="20240109 15:42:52.445" endtime="20240109 15:42:52.460"/>
</kw>
<status status="PASS" starttime="20240109 15:42:52.408" endtime="20240109 15:42:52.460"/>
</iter>
<iter>
<var name="${element_index}">20</var>
<kw name="Get Text" library="SeleniumLibrary">
<var>${element_name_text}</var>
<arg>${element_name} [${element_index}]</arg>
<doc>Returns the text value of the element identified by ``locator``.</doc>
<msg timestamp="20240109 15:42:52.474" level="INFO">${element_name_text} = iPhone 15 Plus (256 GB) - Black</msg>
<status status="PASS" starttime="20240109 15:42:52.461" endtime="20240109 15:42:52.474"/>
</kw>
<kw name="Get Text" library="SeleniumLibrary">
<var>${element_price_text}</var>
<arg>${element_price} [${element_index}]</arg>
<doc>Returns the text value of the element identified by ``locator``.</doc>
<msg timestamp="20240109 15:42:52.486" level="INFO">${element_price_text} = 92,999</msg>
<status status="PASS" starttime="20240109 15:42:52.474" endtime="20240109 15:42:52.486"/>
</kw>
<kw name="Get Text" library="SeleniumLibrary">
<var>${element_rating_text}</var>
<arg>${element_rating} [${element_index}]</arg>
<doc>Returns the text value of the element identified by ``locator``.</doc>
<msg timestamp="20240109 15:42:52.498" level="INFO">${element_rating_text} = 243</msg>
<status status="PASS" starttime="20240109 15:42:52.486" endtime="20240109 15:42:52.498"/>
</kw>
<kw name="Append Rows" library="create_addrows">
<arg>${xls-file}</arg>
<arg>${sheet_name}</arg>
<arg>${element_name_text}</arg>
<arg>${element_price_text}</arg>
<arg>${element_rating_text}</arg>
<status status="PASS" starttime="20240109 15:42:52.498" endtime="20240109 15:42:52.514"/>
</kw>
<status status="PASS" starttime="20240109 15:42:52.461" endtime="20240109 15:42:52.514"/>
</iter>
<iter>
<var name="${element_index}">21</var>
<kw name="Get Text" library="SeleniumLibrary">
<var>${element_name_text}</var>
<arg>${element_name} [${element_index}]</arg>
<doc>Returns the text value of the element identified by ``locator``.</doc>
<msg timestamp="20240109 15:42:52.526" level="INFO">${element_name_text} = iPhone 15 Plus (256 GB) - Blue</msg>
<status status="PASS" starttime="20240109 15:42:52.514" endtime="20240109 15:42:52.526"/>
</kw>
<kw name="Get Text" library="SeleniumLibrary">
<var>${element_price_text}</var>
<arg>${element_price} [${element_index}]</arg>
<doc>Returns the text value of the element identified by ``locator``.</doc>
<msg timestamp="20240109 15:42:52.539" level="INFO">${element_price_text} = 92,999</msg>
<status status="PASS" starttime="20240109 15:42:52.527" endtime="20240109 15:42:52.539"/>
</kw>
<kw name="Get Text" library="SeleniumLibrary">
<var>${element_rating_text}</var>
<arg>${element_rating} [${element_index}]</arg>
<doc>Returns the text value of the element identified by ``locator``.</doc>
<msg timestamp="20240109 15:42:52.550" level="INFO">${element_rating_text} = 243</msg>
<status status="PASS" starttime="20240109 15:42:52.539" endtime="20240109 15:42:52.550"/>
</kw>
<kw name="Append Rows" library="create_addrows">
<arg>${xls-file}</arg>
<arg>${sheet_name}</arg>
<arg>${element_name_text}</arg>
<arg>${element_price_text}</arg>
<arg>${element_rating_text}</arg>
<status status="PASS" starttime="20240109 15:42:52.551" endtime="20240109 15:42:52.566"/>
</kw>
<status status="PASS" starttime="20240109 15:42:52.514" endtime="20240109 15:42:52.566"/>
</iter>
<iter>
<var name="${element_index}">22</var>
<kw name="Get Text" library="SeleniumLibrary">
<var>${element_name_text}</var>
<arg>${element_name} [${element_index}]</arg>
<doc>Returns the text value of the element identified by ``locator``.</doc>
<msg timestamp="20240109 15:42:52.579" level="INFO">${element_name_text} = iPhone 15 Pro (128 GB) - Blue Titanium</msg>
<status status="PASS" starttime="20240109 15:42:52.566" endtime="20240109 15:42:52.580"/>
</kw>
<kw name="Get Text" library="SeleniumLibrary">
<var>${element_price_text}</var>
<arg>${element_price} [${element_index}]</arg>
<doc>Returns the text value of the element identified by ``locator``.</doc>
<msg timestamp="20240109 15:42:52.592" level="INFO">${element_price_text} = 1,30,990</msg>
<status status="PASS" starttime="20240109 15:42:52.580" endtime="20240109 15:42:52.592"/>
</kw>
<kw name="Get Text" library="SeleniumLibrary">
<var>${element_rating_text}</var>
<arg>${element_rating} [${element_index}]</arg>
<doc>Returns the text value of the element identified by ``locator``.</doc>
<msg timestamp="20240109 15:42:52.604" level="INFO">${element_rating_text} = 86</msg>
<status status="PASS" starttime="20240109 15:42:52.592" endtime="20240109 15:42:52.604"/>
</kw>
<kw name="Append Rows" library="create_addrows">
<arg>${xls-file}</arg>
<arg>${sheet_name}</arg>
<arg>${element_name_text}</arg>
<arg>${element_price_text}</arg>
<arg>${element_rating_text}</arg>
<status status="PASS" starttime="20240109 15:42:52.604" endtime="20240109 15:42:52.620"/>
</kw>
<status status="PASS" starttime="20240109 15:42:52.566" endtime="20240109 15:42:52.620"/>
</iter>
<iter>
<var name="${element_index}">23</var>
<kw name="Get Text" library="SeleniumLibrary">
<var>${element_name_text}</var>
<arg>${element_name} [${element_index}]</arg>
<doc>Returns the text value of the element identified by ``locator``.</doc>
<msg timestamp="20240109 15:42:52.633" level="INFO">${element_name_text} = iPhone 14 (256 GB) - Blue</msg>
<status status="PASS" starttime="20240109 15:42:52.620" endtime="20240109 15:42:52.633"/>
</kw>
<kw name="Get Text" library="SeleniumLibrary">
<var>${element_price_text}</var>
<arg>${element_price} [${element_index}]</arg>
<doc>Returns the text value of the element identified by ``locator``.</doc>
<msg timestamp="20240109 15:42:52.645" level="INFO">${element_price_text} = 68,999</msg>
<status status="PASS" starttime="20240109 15:42:52.633" endtime="20240109 15:42:52.645"/>
</kw>
<kw name="Get Text" library="SeleniumLibrary">
<var>${element_rating_text}</var>
<arg>${element_rating} [${element_index}]</arg>
<doc>Returns the text value of the element identified by ``locator``.</doc>
<msg timestamp="20240109 15:42:52.657" level="INFO">${element_rating_text} = 4,376</msg>
<status status="PASS" starttime="20240109 15:42:52.645" endtime="20240109 15:42:52.657"/>
</kw>
<kw name="Append Rows" library="create_addrows">
<arg>${xls-file}</arg>
<arg>${sheet_name}</arg>
<arg>${element_name_text}</arg>
<arg>${element_price_text}</arg>
<arg>${element_rating_text}</arg>
<status status="PASS" starttime="20240109 15:42:52.657" endtime="20240109 15:42:52.672"/>
</kw>
<status status="PASS" starttime="20240109 15:42:52.620" endtime="20240109 15:42:52.672"/>
</iter>
<status status="PASS" starttime="20240109 15:42:51.345" endtime="20240109 15:42:52.673"/>
</for>
<status status="PASS" starttime="20240109 15:42:50.322" endtime="20240109 15:42:52.673"/>
</test>
<kw name="Close Browser" library="SeleniumLibrary" type="TEARDOWN">
<doc>Closes the current browser.</doc>
<status status="PASS" starttime="20240109 15:42:52.673" endtime="20240109 15:42:52.739"/>
</kw>
<status status="PASS" starttime="20240109 15:42:39.438" endtime="20240109 15:42:52.739"/>
</suite>
<suite id="s1-s2" name="Flipkart" source="/home/lakshman_k/rftest/robot_Assignment/assignment4/flipkart.robot">
<kw name="Open Browser" library="SeleniumLibrary" type="SETUP">
<arg>https://www.flipkart.com/</arg>
<arg>Chrome</arg>
<doc>Opens a new browser instance to the optional ``url``.</doc>
<msg timestamp="20240109 15:42:52.742" level="INFO">Opening browser 'Chrome' to base url 'https://www.flipkart.com/'.</msg>
<status status="PASS" starttime="20240109 15:42:52.742" endtime="20240109 15:42:56.172"/>
</kw>
<test id="s1-s2-t1" name="Search For Iphone with 20000" line="16">
<kw name="Click Element" library="SeleniumLibrary">
<arg>xpath=//span[text()='Mobiles']</arg>
<doc>Click the element identified by ``locator``.</doc>
<msg timestamp="20240109 15:42:56.173" level="INFO">Clicking element 'xpath=//span[text()='Mobiles']'.</msg>
<status status="PASS" starttime="20240109 15:42:56.173" endtime="20240109 15:42:57.214"/>
</kw>
<kw name="Select From List By Value" library="SeleniumLibrary">
<arg>(//select[@class ='_2YxCDZ'])[1]</arg>
<arg>20000</arg>
<doc>Selects options from selection list ``locator`` by ``values``.</doc>
<msg timestamp="20240109 15:42:57.215" level="INFO">Selecting options from selection list '(//select[@class ='_2YxCDZ'])[1]' by value 20000.</msg>
<status status="PASS" starttime="20240109 15:42:57.214" endtime="20240109 15:42:57.300"/>
</kw>
<kw name="Click Element" library="SeleniumLibrary">
<arg>//div[text()='APPLE']</arg>
<doc>Click the element identified by ``locator``.</doc>
<msg timestamp="20240109 15:42:57.301" level="INFO">Clicking element '//div[text()='APPLE']'.</msg>
<status status="PASS" starttime="20240109 15:42:57.301" endtime="20240109 15:42:57.350"/>
</kw>
<status status="PASS" starttime="20240109 15:42:56.172" endtime="20240109 15:42:57.350"/>
</test>
<test id="s1-s2-t2" name="Get Name Price Ratings" line="22">
<kw name="Sleep" library="BuiltIn">
<arg>1</arg>
<doc>Pauses the test executed for the given time.</doc>
<msg timestamp="20240109 15:42:58.351" level="INFO">Slept 1 second</msg>
<status status="PASS" starttime="20240109 15:42:57.350" endtime="20240109 15:42:58.351"/>
</kw>
<kw name="Get WebElements" library="SeleniumLibrary">
<var>${element_size}</var>
<arg>xpath=(//div[@class='_4rR01T'])</arg>
<doc>Returns a list of WebElement objects matching the ``locator``.</doc>
<msg timestamp="20240109 15:42:58.377" level="INFO">${element_size} = [&lt;selenium.webdriver.remote.webelement.WebElement (session="81f20f8cd91305f7883d7d12a0494163", element="865F44A49F5E28D51F775A2DE55D6E63_element_338")&gt;, &lt;selenium.webdriver.remote.webelement.WebElemen...</msg>
<status status="PASS" starttime="20240109 15:42:58.351" endtime="20240109 15:42:58.377"/>
</kw>
<kw name="Evaluate" library="BuiltIn">
<var>${elements_length}</var>
<arg>len($element_size)</arg>
<doc>Evaluates the given expression in Python and returns the result.</doc>
<msg timestamp="20240109 15:42:58.377" level="INFO">${elements_length} = 24</msg>
<status status="PASS" starttime="20240109 15:42:58.377" endtime="20240109 15:42:58.377"/>
</kw>
<for flavor="IN RANGE">
<var>${element_index}</var>
<value>1</value>
<value>${elements_length}</value>
<iter>
<var name="${element_index}">1</var>
<kw name="Get Text" library="SeleniumLibrary">
<var>${element_name_text}</var>
<arg>${element_name} [${element_index}]</arg>
<doc>Returns the text value of the element identified by ``locator``.</doc>
<msg timestamp="20240109 15:42:58.412" level="INFO">${element_name_text} = APPLE iPhone 15 (Black, 128 GB)</msg>
<status status="PASS" starttime="20240109 15:42:58.378" endtime="20240109 15:42:58.412"/>
</kw>
<kw name="Get Text" library="SeleniumLibrary">
<var>${element_price_text}</var>
<arg>${element_price} [${element_index}]</arg>
<doc>Returns the text value of the element identified by ``locator``.</doc>
<msg timestamp="20240109 15:42:58.435" level="INFO">${element_price_text} = ₹73,999</msg>
<status status="PASS" starttime="20240109 15:42:58.412" endtime="20240109 15:42:58.435"/>
</kw>
<kw name="Get Text" library="SeleniumLibrary">
<var>${element_rating_text}</var>
<arg>${element_rating} [${element_index}]</arg>
<doc>Returns the text value of the element identified by ``locator``.</doc>
<msg timestamp="20240109 15:42:58.459" level="INFO">${element_rating_text} = 2,815 Ratings </msg>
<status status="PASS" starttime="20240109 15:42:58.435" endtime="20240109 15:42:58.459"/>
</kw>
<kw name="Append Rows" library="create_addrows">
<arg>${xls-file}</arg>
<arg>${sheet_name}</arg>
<arg>${element_name_text}</arg>
<arg>${element_price_text}</arg>
<arg>${element_rating_text}</arg>
<status status="PASS" starttime="20240109 15:42:58.459" endtime="20240109 15:42:58.483"/>
</kw>
<status status="PASS" starttime="20240109 15:42:58.378" endtime="20240109 15:42:58.483"/>
</iter>
<iter>
<var name="${element_index}">2</var>
<kw name="Get Text" library="SeleniumLibrary">
<var>${element_name_text}</var>
<arg>${element_name} [${element_index}]</arg>
<doc>Returns the text value of the element identified by ``locator``.</doc>
<msg timestamp="20240109 15:42:58.509" level="INFO">${element_name_text} = APPLE iPhone 15 (Green, 128 GB)</msg>
<status status="PASS" starttime="20240109 15:42:58.483" endtime="20240109 15:42:58.509"/>
</kw>
<kw name="Get Text" library="SeleniumLibrary">
<var>${element_price_text}</var>
<arg>${element_price} [${element_index}]</arg>
<doc>Returns the text value of the element identified by ``locator``.</doc>
<msg timestamp="20240109 15:42:58.531" level="INFO">${element_price_text} = ₹73,999</msg>
<status status="PASS" starttime="20240109 15:42:58.509" endtime="20240109 15:42:58.531"/>
</kw>
<kw name="Get Text" library="SeleniumLibrary">
<var>${element_rating_text}</var>
<arg>${element_rating} [${element_index}]</arg>
<doc>Returns the text value of the element identified by ``locator``.</doc>
<msg timestamp="20240109 15:42:58.558" level="INFO">${element_rating_text} = 2,815 Ratings </msg>
<status status="PASS" starttime="20240109 15:42:58.531" endtime="20240109 15:42:58.558"/>
</kw>
<kw name="Append Rows" library="create_addrows">
<arg>${xls-file}</arg>
<arg>${sheet_name}</arg>
<arg>${element_name_text}</arg>
<arg>${element_price_text}</arg>
<arg>${element_rating_text}</arg>
<status status="PASS" starttime="20240109 15:42:58.558" endtime="20240109 15:42:58.574"/>
</kw>
<status status="PASS" starttime="20240109 15:42:58.483" endtime="20240109 15:42:58.574"/>
</iter>
<iter>
<var name="${element_index}">3</var>
<kw name="Get Text" library="SeleniumLibrary">
<var>${element_name_text}</var>
<arg>${element_name} [${element_index}]</arg>
<doc>Returns the text value of the element identified by ``locator``.</doc>
<msg timestamp="20240109 15:42:58.596" level="INFO">${element_name_text} = APPLE iPhone 15 (Pink, 128 GB)</msg>
<status status="PASS" starttime="20240109 15:42:58.574" endtime="20240109 15:42:58.596"/>
</kw>
<kw name="Get Text" library="SeleniumLibrary">
<var>${element_price_text}</var>
<arg>${element_price} [${element_index}]</arg>
<doc>Returns the text value of the element identified by ``locator``.</doc>
<msg timestamp="20240109 15:42:58.618" level="INFO">${element_price_text} = ₹73,999</msg>
<status status="PASS" starttime="20240109 15:42:58.596" endtime="20240109 15:42:58.618"/>
</kw>
<kw name="Get Text" library="SeleniumLibrary">
<var>${element_rating_text}</var>
<arg>${element_rating} [${element_index}]</arg>
<doc>Returns the text value of the element identified by ``locator``.</doc>
<msg timestamp="20240109 15:42:58.643" level="INFO">${element_rating_text} = 2,815 Ratings </msg>
<status status="PASS" starttime="20240109 15:42:58.618" endtime="20240109 15:42:58.643"/>
</kw>
<kw name="Append Rows" library="create_addrows">
<arg>${xls-file}</arg>
<arg>${sheet_name}</arg>
<arg>${element_name_text}</arg>
<arg>${element_price_text}</arg>
<arg>${element_rating_text}</arg>
<status status="PASS" starttime="20240109 15:42:58.643" endtime="20240109 15:42:58.661"/>
</kw>
<status status="PASS" starttime="20240109 15:42:58.574" endtime="20240109 15:42:58.661"/>
</iter>
<iter>
<var name="${element_index}">4</var>
<kw name="Get Text" library="SeleniumLibrary">
<var>${element_name_text}</var>
<arg>${element_name} [${element_index}]</arg>
<doc>Returns the text value of the element identified by ``locator``.</doc>
<msg timestamp="20240109 15:42:58.682" level="INFO">${element_name_text} = APPLE iPhone 15 (Blue, 128 GB)</msg>
<status status="PASS" starttime="20240109 15:42:58.661" endtime="20240109 15:42:58.682"/>
</kw>
<kw name="Get Text" library="SeleniumLibrary">
<var>${element_price_text}</var>
<arg>${element_price} [${element_index}]</arg>
<doc>Returns the text value of the element identified by ``locator``.</doc>
<msg timestamp="20240109 15:42:58.709" level="INFO">${element_price_text} = ₹73,999</msg>
<status status="PASS" starttime="20240109 15:42:58.683" endtime="20240109 15:42:58.709"/>
</kw>
<kw name="Get Text" library="SeleniumLibrary">
<var>${element_rating_text}</var>
<arg>${element_rating} [${element_index}]</arg>
<doc>Returns the text value of the element identified by ``locator``.</doc>
<msg timestamp="20240109 15:42:58.730" level="INFO">${element_rating_text} = 2,815 Ratings </msg>
<status status="PASS" starttime="20240109 15:42:58.709" endtime="20240109 15:42:58.730"/>
</kw>
<kw name="Append Rows" library="create_addrows">
<arg>${xls-file}</arg>
<arg>${sheet_name}</arg>
<arg>${element_name_text}</arg>
<arg>${element_price_text}</arg>
<arg>${element_rating_text}</arg>
<status status="PASS" starttime="20240109 15:42:58.730" endtime="20240109 15:42:58.746"/>
</kw>
<status status="PASS" starttime="20240109 15:42:58.661" endtime="20240109 15:42:58.746"/>
</iter>
<iter>
<var name="${element_index}">5</var>
<kw name="Get Text" library="SeleniumLibrary">
<var>${element_name_text}</var>
<arg>${element_name} [${element_index}]</arg>
<doc>Returns the text value of the element identified by ``locator``.</doc>
<msg timestamp="20240109 15:42:58.775" level="INFO">${element_name_text} = APPLE iPhone 14 (Midnight, 128 GB)</msg>
<status status="PASS" starttime="20240109 15:42:58.747" endtime="20240109 15:42:58.775"/>
</kw>
<kw name="Get Text" library="SeleniumLibrary">
<var>${element_price_text}</var>
<arg>${element_price} [${element_index}]</arg>
<doc>Returns the text value of the element identified by ``locator``.</doc>
<msg timestamp="20240109 15:42:58.798" level="INFO">${element_price_text} = ₹59,999</msg>
<status status="PASS" starttime="20240109 15:42:58.775" endtime="20240109 15:42:58.798"/>
</kw>
<kw name="Get Text" library="SeleniumLibrary">
<var>${element_rating_text}</var>
<arg>${element_rating} [${element_index}]</arg>
<doc>Returns the text value of the element identified by ``locator``.</doc>
<msg timestamp="20240109 15:42:58.820" level="INFO">${element_rating_text} = 2,61,856 Ratings </msg>
<status status="PASS" starttime="20240109 15:42:58.798" endtime="20240109 15:42:58.820"/>
</kw>
<kw name="Append Rows" library="create_addrows">
<arg>${xls-file}</arg>
<arg>${sheet_name}</arg>
<arg>${element_name_text}</arg>
<arg>${element_price_text}</arg>
<arg>${element_rating_text}</arg>
<status status="PASS" starttime="20240109 15:42:58.820" endtime="20240109 15:42:58.836"/>
</kw>
<status status="PASS" starttime="20240109 15:42:58.747" endtime="20240109 15:42:58.836"/>
</iter>
<iter>
<var name="${element_index}">6</var>
<kw name="Get Text" library="SeleniumLibrary">
<var>${element_name_text}</var>
<arg>${element_name} [${element_index}]</arg>
<doc>Returns the text value of the element identified by ``locator``.</doc>
<msg timestamp="20240109 15:42:58.863" level="INFO">${element_name_text} = APPLE iPhone 14 (Starlight, 128 GB)</msg>
<status status="PASS" starttime="20240109 15:42:58.836" endtime="20240109 15:42:58.863"/>
</kw>
<kw name="Get Text" library="SeleniumLibrary">
<var>${element_price_text}</var>
<arg>${element_price} [${element_index}]</arg>
<doc>Returns the text value of the element identified by ``locator``.</doc>
<msg timestamp="20240109 15:42:58.885" level="INFO">${element_price_text} = ₹59,999</msg>
<status status="PASS" starttime="20240109 15:42:58.863" endtime="20240109 15:42:58.885"/>
</kw>
<kw name="Get Text" library="SeleniumLibrary">
<var>${element_rating_text}</var>
<arg>${element_rating} [${element_index}]</arg>
<doc>Returns the text value of the element identified by ``locator``.</doc>
<msg timestamp="20240109 15:42:58.910" level="INFO">${element_rating_text} = 2,61,856 Ratings </msg>
<status status="PASS" starttime="20240109 15:42:58.885" endtime="20240109 15:42:58.910"/>
</kw>
<kw name="Append Rows" library="create_addrows">
<arg>${xls-file}</arg>
<arg>${sheet_name}</arg>
<arg>${element_name_text}</arg>
<arg>${element_price_text}</arg>
<arg>${element_rating_text}</arg>
<status status="PASS" starttime="20240109 15:42:58.910" endtime="20240109 15:42:58.927"/>
</kw>
<status status="PASS" starttime="20240109 15:42:58.836" endtime="20240109 15:42:58.927"/>
</iter>
<iter>
<var name="${element_index}">7</var>
<kw name="Get Text" library="SeleniumLibrary">
<var>${element_name_text}</var>
<arg>${element_name} [${element_index}]</arg>
<doc>Returns the text value of the element identified by ``locator``.</doc>
<msg timestamp="20240109 15:42:58.950" level="INFO">${element_name_text} = APPLE iPhone 14 (Blue, 128 GB)</msg>
<status status="PASS" starttime="20240109 15:42:58.927" endtime="20240109 15:42:58.951"/>
</kw>
<kw name="Get Text" library="SeleniumLibrary">
<var>${element_price_text}</var>
<arg>${element_price} [${element_index}]</arg>
<doc>Returns the text value of the element identified by ``locator``.</doc>
<msg timestamp="20240109 15:42:58.978" level="INFO">${element_price_text} = ₹59,999</msg>
<status status="PASS" starttime="20240109 15:42:58.951" endtime="20240109 15:42:58.978"/>
</kw>
<kw name="Get Text" library="SeleniumLibrary">
<var>${element_rating_text}</var>
<arg>${element_rating} [${element_index}]</arg>
<doc>Returns the text value of the element identified by ``locator``.</doc>
<msg timestamp="20240109 15:42:58.999" level="INFO">${element_rating_text} = 2,61,856 Ratings </msg>
<status status="PASS" starttime="20240109 15:42:58.978" endtime="20240109 15:42:58.999"/>
</kw>
<kw name="Append Rows" library="create_addrows">
<arg>${xls-file}</arg>
<arg>${sheet_name}</arg>
<arg>${element_name_text}</arg>
<arg>${element_price_text}</arg>
<arg>${element_rating_text}</arg>
<status status="PASS" starttime="20240109 15:42:58.999" endtime="20240109 15:42:59.016"/>
</kw>
<status status="PASS" starttime="20240109 15:42:58.927" endtime="20240109 15:42:59.016"/>
</iter>
<iter>
<var name="${element_index}">8</var>
<kw name="Get Text" library="SeleniumLibrary">
<var>${element_name_text}</var>
<arg>${element_name} [${element_index}]</arg>
<doc>Returns the text value of the element identified by ``locator``.</doc>
<msg timestamp="20240109 15:42:59.044" level="INFO">${element_name_text} = APPLE iPhone 15 Plus (Black, 128 GB)</msg>
<status status="PASS" starttime="20240109 15:42:59.016" endtime="20240109 15:42:59.044"/>
</kw>
<kw name="Get Text" library="SeleniumLibrary">
<var>${element_price_text}</var>
<arg>${element_price} [${element_index}]</arg>
<doc>Returns the text value of the element identified by ``locator``.</doc>
<msg timestamp="20240109 15:42:59.068" level="INFO">${element_price_text} = ₹82,990</msg>
<status status="PASS" starttime="20240109 15:42:59.044" endtime="20240109 15:42:59.068"/>
</kw>
<kw name="Get Text" library="SeleniumLibrary">
<var>${element_rating_text}</var>
<arg>${element_rating} [${element_index}]</arg>
<doc>Returns the text value of the element identified by ``locator``.</doc>
<msg timestamp="20240109 15:42:59.095" level="INFO">${element_rating_text} = 1,241 Ratings </msg>
<status status="PASS" starttime="20240109 15:42:59.068" endtime="20240109 15:42:59.095"/>
</kw>
<kw name="Append Rows" library="create_addrows">
<arg>${xls-file}</arg>
<arg>${sheet_name}</arg>
<arg>${element_name_text}</arg>
<arg>${element_price_text}</arg>
<arg>${element_rating_text}</arg>
<status status="PASS" starttime="20240109 15:42:59.095" endtime="20240109 15:42:59.111"/>
</kw>
<status status="PASS" starttime="20240109 15:42:59.016" endtime="20240109 15:42:59.111"/>
</iter>
<iter>
<var name="${element_index}">9</var>
<kw name="Get Text" library="SeleniumLibrary">
<var>${element_name_text}</var>
<arg>${element_name} [${element_index}]</arg>
<doc>Returns the text value of the element identified by ``locator``.</doc>
<msg timestamp="20240109 15:42:59.136" level="INFO">${element_name_text} = APPLE iPhone 15 Plus (Blue, 128 GB)</msg>
<status status="PASS" starttime="20240109 15:42:59.111" endtime="20240109 15:42:59.136"/>
</kw>
<kw name="Get Text" library="SeleniumLibrary">
<var>${element_price_text}</var>
<arg>${element_price} [${element_index}]</arg>
<doc>Returns the text value of the element identified by ``locator``.</doc>
<msg timestamp="20240109 15:42:59.161" level="INFO">${element_price_text} = ₹82,990</msg>
<status status="PASS" starttime="20240109 15:42:59.136" endtime="20240109 15:42:59.161"/>
</kw>
<kw name="Get Text" library="SeleniumLibrary">
<var>${element_rating_text}</var>
<arg>${element_rating} [${element_index}]</arg>
<doc>Returns the text value of the element identified by ``locator``.</doc>
<msg timestamp="20240109 15:42:59.182" level="INFO">${element_rating_text} = 1,241 Ratings </msg>
<status status="PASS" starttime="20240109 15:42:59.161" endtime="20240109 15:42:59.182"/>
</kw>
<kw name="Append Rows" library="create_addrows">
<arg>${xls-file}</arg>
<arg>${sheet_name}</arg>
<arg>${element_name_text}</arg>
<arg>${element_price_text}</arg>
<arg>${element_rating_text}</arg>
<status status="PASS" starttime="20240109 15:42:59.182" endtime="20240109 15:42:59.199"/>
</kw>
<status status="PASS" starttime="20240109 15:42:59.111" endtime="20240109 15:42:59.199"/>
</iter>
<iter>
<var name="${element_index}">10</var>
<kw name="Get Text" library="SeleniumLibrary">
<var>${element_name_text}</var>
<arg>${element_name} [${element_index}]</arg>
<doc>Returns the text value of the element identified by ``locator``.</doc>
<msg timestamp="20240109 15:42:59.221" level="INFO">${element_name_text} = APPLE iPhone 14 (Purple, 128 GB)</msg>
<status status="PASS" starttime="20240109 15:42:59.199" endtime="20240109 15:42:59.221"/>
</kw>
<kw name="Get Text" library="SeleniumLibrary">
<var>${element_price_text}</var>
<arg>${element_price} [${element_index}]</arg>
<doc>Returns the text value of the element identified by ``locator``.</doc>
<msg timestamp="20240109 15:42:59.248" level="INFO">${element_price_text} = ₹59,999</msg>
<status status="PASS" starttime="20240109 15:42:59.222" endtime="20240109 15:42:59.248"/>
</kw>
<kw name="Get Text" library="SeleniumLibrary">
<var>${element_rating_text}</var>
<arg>${element_rating} [${element_index}]</arg>
<doc>Returns the text value of the element identified by ``locator``.</doc>
<msg timestamp="20240109 15:42:59.270" level="INFO">${element_rating_text} = 2,61,856 Ratings </msg>
<status status="PASS" starttime="20240109 15:42:59.249" endtime="20240109 15:42:59.270"/>
</kw>
<kw name="Append Rows" library="create_addrows">
<arg>${xls-file}</arg>
<arg>${sheet_name}</arg>
<arg>${element_name_text}</arg>
<arg>${element_price_text}</arg>
<arg>${element_rating_text}</arg>
<status status="PASS" starttime="20240109 15:42:59.270" endtime="20240109 15:42:59.287"/>
</kw>
<status status="PASS" starttime="20240109 15:42:59.199" endtime="20240109 15:42:59.287"/>
</iter>
<iter>
<var name="${element_index}">11</var>
<kw name="Get Text" library="SeleniumLibrary">
<var>${element_name_text}</var>
<arg>${element_name} [${element_index}]</arg>
<doc>Returns the text value of the element identified by ``locator``.</doc>
<msg timestamp="20240109 15:42:59.317" level="INFO">${element_name_text} = APPLE iPhone 14 Plus (Blue, 128 GB)</msg>
<status status="PASS" starttime="20240109 15:42:59.287" endtime="20240109 15:42:59.317"/>
</kw>
<kw name="Get Text" library="SeleniumLibrary">
<var>${element_price_text}</var>
<arg>${element_price} [${element_index}]</arg>
<doc>Returns the text value of the element identified by ``locator``.</doc>
<msg timestamp="20240109 15:42:59.339" level="INFO">${element_price_text} = ₹66,999</msg>
<status status="PASS" starttime="20240109 15:42:59.317" endtime="20240109 15:42:59.339"/>
</kw>
<kw name="Get Text" library="SeleniumLibrary">
<var>${element_rating_text}</var>
<arg>${element_rating} [${element_index}]</arg>
<doc>Returns the text value of the element identified by ``locator``.</doc>
<msg timestamp="20240109 15:42:59.366" level="INFO">${element_rating_text} = 58,517 Ratings </msg>
<status status="PASS" starttime="20240109 15:42:59.339" endtime="20240109 15:42:59.366"/>
</kw>
<kw name="Append Rows" library="create_addrows">
<arg>${xls-file}</arg>
<arg>${sheet_name}</arg>
<arg>${element_name_text}</arg>
<arg>${element_price_text}</arg>
<arg>${element_rating_text}</arg>
<status status="PASS" starttime="20240109 15:42:59.366" endtime="20240109 15:42:59.384"/>
</kw>
<status status="PASS" starttime="20240109 15:42:59.287" endtime="20240109 15:42:59.384"/>
</iter>
<iter>
<var name="${element_index}">12</var>
<kw name="Get Text" library="SeleniumLibrary">
<var>${element_name_text}</var>
<arg>${element_name} [${element_index}]</arg>
<doc>Returns the text value of the element identified by ``locator``.</doc>
<msg timestamp="20240109 15:42:59.411" level="INFO">${element_name_text} = APPLE iPhone 15 Plus (Green, 128 GB)</msg>
<status status="PASS" starttime="20240109 15:42:59.384" endtime="20240109 15:42:59.411"/>
</kw>
<kw name="Get Text" library="SeleniumLibrary">
<var>${element_price_text}</var>
<arg>${element_price} [${element_index}]</arg>
<doc>Returns the text value of the element identified by ``locator``.</doc>
<msg timestamp="20240109 15:42:59.434" level="INFO">${element_price_text} = ₹82,990</msg>
<status status="PASS" starttime="20240109 15:42:59.411" endtime="20240109 15:42:59.434"/>
</kw>
<kw name="Get Text" library="SeleniumLibrary">
<var>${element_rating_text}</var>
<arg>${element_rating} [${element_index}]</arg>
<doc>Returns the text value of the element identified by ``locator``.</doc>
<msg timestamp="20240109 15:42:59.455" level="INFO">${element_rating_text} = 1,241 Ratings </msg>
<status status="PASS" starttime="20240109 15:42:59.434" endtime="20240109 15:42:59.455"/>
</kw>
<kw name="Append Rows" library="create_addrows">
<arg>${xls-file}</arg>
<arg>${sheet_name}</arg>
<arg>${element_name_text}</arg>
<arg>${element_price_text}</arg>
<arg>${element_rating_text}</arg>
<status status="PASS" starttime="20240109 15:42:59.455" endtime="20240109 15:42:59.473"/>
</kw>
<status status="PASS" starttime="20240109 15:42:59.384" endtime="20240109 15:42:59.473"/>
</iter>
<iter>
<var name="${element_index}">13</var>
<kw name="Get Text" library="SeleniumLibrary">
<var>${element_name_text}</var>
<arg>${element_name} [${element_index}]</arg>
<doc>Returns the text value of the element identified by ``locator``.</doc>
<msg timestamp="20240109 15:42:59.491" level="INFO">${element_name_text} = APPLE iPhone 14 Plus (Starlight, 128 GB)</msg>
<status status="PASS" starttime="20240109 15:42:59.473" endtime="20240109 15:42:59.491"/>
</kw>
<kw name="Get Text" library="SeleniumLibrary">
<var>${element_price_text}</var>
<arg>${element_price} [${element_index}]</arg>
<doc>Returns the text value of the element identified by ``locator``.</doc>
<msg timestamp="20240109 15:42:59.506" level="INFO">${element_price_text} = ₹66,999</msg>
<status status="PASS" starttime="20240109 15:42:59.491" endtime="20240109 15:42:59.507"/>
</kw>
<kw name="Get Text" library="SeleniumLibrary">
<var>${element_rating_text}</var>
<arg>${element_rating} [${element_index}]</arg>
<doc>Returns the text value of the element identified by ``locator``.</doc>
<msg timestamp="20240109 15:42:59.523" level="INFO">${element_rating_text} = 58,517 Ratings </msg>
<status status="PASS" starttime="20240109 15:42:59.507" endtime="20240109 15:42:59.523"/>
</kw>
<kw name="Append Rows" library="create_addrows">
<arg>${xls-file}</arg>
<arg>${sheet_name}</arg>
<arg>${element_name_text}</arg>
<arg>${element_price_text}</arg>
<arg>${element_rating_text}</arg>
<status status="PASS" starttime="20240109 15:42:59.523" endtime="20240109 15:42:59.539"/>
</kw>
<status status="PASS" starttime="20240109 15:42:59.473" endtime="20240109 15:42:59.539"/>
</iter>
<iter>
<var name="${element_index}">14</var>
<kw name="Get Text" library="SeleniumLibrary">
<var>${element_name_text}</var>
<arg>${element_name} [${element_index}]</arg>
<doc>Returns the text value of the element identified by ``locator``.</doc>
<msg timestamp="20240109 15:42:59.558" level="INFO">${element_name_text} = APPLE iPhone 12 (Blue, 64 GB)</msg>
<status status="PASS" starttime="20240109 15:42:59.539" endtime="20240109 15:42:59.558"/>
</kw>
<kw name="Get Text" library="SeleniumLibrary">
<var>${element_price_text}</var>
<arg>${element_price} [${element_index}]</arg>
<doc>Returns the text value of the element identified by ``locator``.</doc>
<msg timestamp="20240109 15:42:59.574" level="INFO">${element_price_text} = ₹42,999</msg>
<status status="PASS" starttime="20240109 15:42:59.558" endtime="20240109 15:42:59.574"/>
</kw>
<kw name="Get Text" library="SeleniumLibrary">
<var>${element_rating_text}</var>
<arg>${element_rating} [${element_index}]</arg>
<doc>Returns the text value of the element identified by ``locator``.</doc>
<msg timestamp="20240109 15:42:59.590" level="INFO">${element_rating_text} = 2,06,937 Ratings </msg>
<status status="PASS" starttime="20240109 15:42:59.574" endtime="20240109 15:42:59.591"/>
</kw>
<kw name="Append Rows" library="create_addrows">
<arg>${xls-file}</arg>
<arg>${sheet_name}</arg>
<arg>${element_name_text}</arg>
<arg>${element_price_text}</arg>
<arg>${element_rating_text}</arg>
<status status="PASS" starttime="20240109 15:42:59.591" endtime="20240109 15:42:59.607"/>
</kw>
<status status="PASS" starttime="20240109 15:42:59.539" endtime="20240109 15:42:59.607"/>
</iter>
<iter>
<var name="${element_index}">15</var>
<kw name="Get Text" library="SeleniumLibrary">
<var>${element_name_text}</var>
<arg>${element_name} [${element_index}]</arg>
<doc>Returns the text value of the element identified by ``locator``.</doc>
<msg timestamp="20240109 15:42:59.624" level="INFO">${element_name_text} = APPLE iPhone 14 Plus (Midnight, 128 GB)</msg>
<status status="PASS" starttime="20240109 15:42:59.607" endtime="20240109 15:42:59.624"/>
</kw>
<kw name="Get Text" library="SeleniumLibrary">
<var>${element_price_text}</var>
<arg>${element_price} [${element_index}]</arg>
<doc>Returns the text value of the element identified by ``locator``.</doc>
<msg timestamp="20240109 15:42:59.640" level="INFO">${element_price_text} = ₹66,999</msg>
<status status="PASS" starttime="20240109 15:42:59.624" endtime="20240109 15:42:59.640"/>
</kw>
<kw name="Get Text" library="SeleniumLibrary">
<var>${element_rating_text}</var>
<arg>${element_rating} [${element_index}]</arg>
<doc>Returns the text value of the element identified by ``locator``.</doc>
<msg timestamp="20240109 15:42:59.657" level="INFO">${element_rating_text} = 58,517 Ratings </msg>
<status status="PASS" starttime="20240109 15:42:59.641" endtime="20240109 15:42:59.657"/>
</kw>
<kw name="Append Rows" library="create_addrows">
<arg>${xls-file}</arg>
<arg>${sheet_name}</arg>
<arg>${element_name_text}</arg>
<arg>${element_price_text}</arg>
<arg>${element_rating_text}</arg>
<status status="PASS" starttime="20240109 15:42:59.657" endtime="20240109 15:42:59.675"/>
</kw>
<status status="PASS" starttime="20240109 15:42:59.607" endtime="20240109 15:42:59.675"/>
</iter>
<iter>
<var name="${element_index}">16</var>
<kw name="Get Text" library="SeleniumLibrary">
<var>${element_name_text}</var>
<arg>${element_name} [${element_index}]</arg>
<doc>Returns the text value of the element identified by ``locator``.</doc>
<msg timestamp="20240109 15:42:59.692" level="INFO">${element_name_text} = APPLE iPhone 12 (White, 64 GB)</msg>
<status status="PASS" starttime="20240109 15:42:59.675" endtime="20240109 15:42:59.692"/>
</kw>
<kw name="Get Text" library="SeleniumLibrary">
<var>${element_price_text}</var>
<arg>${element_price} [${element_index}]</arg>
<doc>Returns the text value of the element identified by ``locator``.</doc>
<msg timestamp="20240109 15:42:59.708" level="INFO">${element_price_text} = ₹42,999</msg>
<status status="PASS" starttime="20240109 15:42:59.692" endtime="20240109 15:42:59.708"/>
</kw>
<kw name="Get Text" library="SeleniumLibrary">
<var>${element_rating_text}</var>
<arg>${element_rating} [${element_index}]</arg>
<doc>Returns the text value of the element identified by ``locator``.</doc>
<msg timestamp="20240109 15:42:59.724" level="INFO">${element_rating_text} = 2,06,937 Ratings </msg>
<status status="PASS" starttime="20240109 15:42:59.708" endtime="20240109 15:42:59.724"/>
</kw>
<kw name="Append Rows" library="create_addrows">
<arg>${xls-file}</arg>
<arg>${sheet_name}</arg>
<arg>${element_name_text}</arg>
<arg>${element_price_text}</arg>
<arg>${element_rating_text}</arg>
<status status="PASS" starttime="20240109 15:42:59.724" endtime="20240109 15:42:59.741"/>
</kw>
<status status="PASS" starttime="20240109 15:42:59.675" endtime="20240109 15:42:59.741"/>
</iter>
<iter>
<var name="${element_index}">17</var>
<kw name="Get Text" library="SeleniumLibrary">
<var>${element_name_text}</var>
<arg>${element_name} [${element_index}]</arg>
<doc>Returns the text value of the element identified by ``locator``.</doc>
<msg timestamp="20240109 15:42:59.758" level="INFO">${element_name_text} = APPLE iPhone 14 Plus (Purple, 128 GB)</msg>
<status status="PASS" starttime="20240109 15:42:59.741" endtime="20240109 15:42:59.758"/>
</kw>
<kw name="Get Text" library="SeleniumLibrary">
<var>${element_price_text}</var>
<arg>${element_price} [${element_index}]</arg>
<doc>Returns the text value of the element identified by ``locator``.</doc>
<msg timestamp="20240109 15:42:59.774" level="INFO">${element_price_text} = ₹66,999</msg>
<status status="PASS" starttime="20240109 15:42:59.758" endtime="20240109 15:42:59.774"/>
</kw>
<kw name="Get Text" library="SeleniumLibrary">
<var>${element_rating_text}</var>
<arg>${element_rating} [${element_index}]</arg>
<doc>Returns the text value of the element identified by ``locator``.</doc>
<msg timestamp="20240109 15:42:59.790" level="INFO">${element_rating_text} = 58,517 Ratings </msg>
<status status="PASS" starttime="20240109 15:42:59.774" endtime="20240109 15:42:59.790"/>
</kw>
<kw name="Append Rows" library="create_addrows">
<arg>${xls-file}</arg>
<arg>${sheet_name}</arg>
<arg>${element_name_text}</arg>
<arg>${element_price_text}</arg>
<arg>${element_rating_text}</arg>
<status status="PASS" starttime="20240109 15:42:59.790" endtime="20240109 15:42:59.822"/>
</kw>
<status status="PASS" starttime="20240109 15:42:59.741" endtime="20240109 15:42:59.822"/>
</iter>
<iter>
<var name="${element_index}">18</var>
<kw name="Get Text" library="SeleniumLibrary">
<var>${element_name_text}</var>
<arg>${element_name} [${element_index}]</arg>
<doc>Returns the text value of the element identified by ``locator``.</doc>
<msg timestamp="20240109 15:42:59.839" level="INFO">${element_name_text} = APPLE iPhone 15 Plus (Pink, 128 GB)</msg>
<status status="PASS" starttime="20240109 15:42:59.822" endtime="20240109 15:42:59.839"/>
</kw>
<kw name="Get Text" library="SeleniumLibrary">
<var>${element_price_text}</var>
<arg>${element_price} [${element_index}]</arg>
<doc>Returns the text value of the element identified by ``locator``.</doc>
<msg timestamp="20240109 15:42:59.855" level="INFO">${element_price_text} = ₹82,990</msg>
<status status="PASS" starttime="20240109 15:42:59.839" endtime="20240109 15:42:59.855"/>
</kw>
<kw name="Get Text" library="SeleniumLibrary">
<var>${element_rating_text}</var>
<arg>${element_rating} [${element_index}]</arg>
<doc>Returns the text value of the element identified by ``locator``.</doc>
<msg timestamp="20240109 15:42:59.870" level="INFO">${element_rating_text} = 1,241 Ratings </msg>
<status status="PASS" starttime="20240109 15:42:59.855" endtime="20240109 15:42:59.870"/>
</kw>
<kw name="Append Rows" library="create_addrows">
<arg>${xls-file}</arg>
<arg>${sheet_name}</arg>
<arg>${element_name_text}</arg>
<arg>${element_price_text}</arg>
<arg>${element_rating_text}</arg>
<status status="PASS" starttime="20240109 15:42:59.870" endtime="20240109 15:42:59.887"/>
</kw>
<status status="PASS" starttime="20240109 15:42:59.822" endtime="20240109 15:42:59.887"/>
</iter>
<iter>
<var name="${element_index}">19</var>
<kw name="Get Text" library="SeleniumLibrary">
<var>${element_name_text}</var>
<arg>${element_name} [${element_index}]</arg>
<doc>Returns the text value of the element identified by ``locator``.</doc>
<msg timestamp="20240109 15:42:59.904" level="INFO">${element_name_text} = APPLE iPhone 14 (Yellow, 128 GB)</msg>
<status status="PASS" starttime="20240109 15:42:59.887" endtime="20240109 15:42:59.904"/>
</kw>
<kw name="Get Text" library="SeleniumLibrary">
<var>${element_price_text}</var>
<arg>${element_price} [${element_index}]</arg>
<doc>Returns the text value of the element identified by ``locator``.</doc>
<msg timestamp="20240109 15:42:59.920" level="INFO">${element_price_text} = ₹59,999</msg>
<status status="PASS" starttime="20240109 15:42:59.904" endtime="20240109 15:42:59.920"/>
</kw>
<kw name="Get Text" library="SeleniumLibrary">
<var>${element_rating_text}</var>
<arg>${element_rating} [${element_index}]</arg>
<doc>Returns the text value of the element identified by ``locator``.</doc>
<msg timestamp="20240109 15:42:59.937" level="INFO">${element_rating_text} = 2,61,856 Ratings </msg>
<status status="PASS" starttime="20240109 15:42:59.920" endtime="20240109 15:42:59.937"/>
</kw>
<kw name="Append Rows" library="create_addrows">
<arg>${xls-file}</arg>
<arg>${sheet_name}</arg>
<arg>${element_name_text}</arg>
<arg>${element_price_text}</arg>
<arg>${element_rating_text}</arg>
<status status="PASS" starttime="20240109 15:42:59.937" endtime="20240109 15:42:59.953"/>
</kw>
<status status="PASS" starttime="20240109 15:42:59.887" endtime="20240109 15:42:59.953"/>
</iter>
<iter>
<var name="${element_index}">20</var>
<kw name="Get Text" library="SeleniumLibrary">
<var>${element_name_text}</var>
<arg>${element_name} [${element_index}]</arg>
<doc>Returns the text value of the element identified by ``locator``.</doc>
<msg timestamp="20240109 15:42:59.971" level="INFO">${element_name_text} = APPLE iPhone 12 (Black, 64 GB)</msg>
<status status="PASS" starttime="20240109 15:42:59.954" endtime="20240109 15:42:59.971"/>
</kw>
<kw name="Get Text" library="SeleniumLibrary">
<var>${element_price_text}</var>
<arg>${element_price} [${element_index}]</arg>
<doc>Returns the text value of the element identified by ``locator``.</doc>
<msg timestamp="20240109 15:42:59.990" level="INFO">${element_price_text} = ₹42,999</msg>
<status status="PASS" starttime="20240109 15:42:59.971" endtime="20240109 15:42:59.990"/>
</kw>
<kw name="Get Text" library="SeleniumLibrary">
<var>${element_rating_text}</var>
<arg>${element_rating} [${element_index}]</arg>
<doc>Returns the text value of the element identified by ``locator``.</doc>
<msg timestamp="20240109 15:43:00.006" level="INFO">${element_rating_text} = 2,06,937 Ratings </msg>
<status status="PASS" starttime="20240109 15:42:59.990" endtime="20240109 15:43:00.006"/>
</kw>
<kw name="Append Rows" library="create_addrows">
<arg>${xls-file}</arg>
<arg>${sheet_name}</arg>
<arg>${element_name_text}</arg>
<arg>${element_price_text}</arg>
<arg>${element_rating_text}</arg>
<status status="PASS" starttime="20240109 15:43:00.006" endtime="20240109 15:43:00.025"/>
</kw>
<status status="PASS" starttime="20240109 15:42:59.954" endtime="20240109 15:43:00.025"/>
</iter>
<iter>
<var name="${element_index}">21</var>
<kw name="Get Text" library="SeleniumLibrary">
<var>${element_name_text}</var>
<arg>${element_name} [${element_index}]</arg>
<doc>Returns the text value of the element identified by ``locator``.</doc>
<msg timestamp="20240109 15:43:00.042" level="INFO">${element_name_text} = APPLE iPhone 15 (Yellow, 128 GB)</msg>
<status status="PASS" starttime="20240109 15:43:00.025" endtime="20240109 15:43:00.042"/>
</kw>
<kw name="Get Text" library="SeleniumLibrary">
<var>${element_price_text}</var>
<arg>${element_price} [${element_index}]</arg>
<doc>Returns the text value of the element identified by ``locator``.</doc>
<msg timestamp="20240109 15:43:00.060" level="INFO">${element_price_text} = ₹73,999</msg>
<status status="PASS" starttime="20240109 15:43:00.042" endtime="20240109 15:43:00.060"/>
</kw>
<kw name="Get Text" library="SeleniumLibrary">
<var>${element_rating_text}</var>
<arg>${element_rating} [${element_index}]</arg>
<doc>Returns the text value of the element identified by ``locator``.</doc>
<msg timestamp="20240109 15:43:00.076" level="INFO">${element_rating_text} = 2,815 Ratings </msg>
<status status="PASS" starttime="20240109 15:43:00.060" endtime="20240109 15:43:00.076"/>
</kw>
<kw name="Append Rows" library="create_addrows">
<arg>${xls-file}</arg>
<arg>${sheet_name}</arg>
<arg>${element_name_text}</arg>
<arg>${element_price_text}</arg>
<arg>${element_rating_text}</arg>
<status status="PASS" starttime="20240109 15:43:00.077" endtime="20240109 15:43:00.094"/>
</kw>
<status status="PASS" starttime="20240109 15:43:00.025" endtime="20240109 15:43:00.094"/>
</iter>
<iter>
<var name="${element_index}">22</var>
<kw name="Get Text" library="SeleniumLibrary">
<var>${element_name_text}</var>
<arg>${element_name} [${element_index}]</arg>
<doc>Returns the text value of the element identified by ``locator``.</doc>
<msg timestamp="20240109 15:43:00.111" level="INFO">${element_name_text} = APPLE iPhone 12 (Blue, 128 GB)</msg>
<status status="PASS" starttime="20240109 15:43:00.095" endtime="20240109 15:43:00.112"/>
</kw>
<kw name="Get Text" library="SeleniumLibrary">
<var>${element_price_text}</var>
<arg>${element_price} [${element_index}]</arg>
<doc>Returns the text value of the element identified by ``locator``.</doc>
<msg timestamp="20240109 15:43:00.130" level="INFO">${element_price_text} = ₹48,999</msg>
<status status="PASS" starttime="20240109 15:43:00.112" endtime="20240109 15:43:00.130"/>
</kw>
<kw name="Get Text" library="SeleniumLibrary">
<var>${element_rating_text}</var>
<arg>${element_rating} [${element_index}]</arg>
<doc>Returns the text value of the element identified by ``locator``.</doc>
<msg timestamp="20240109 15:43:00.146" level="INFO">${element_rating_text} = 2,06,937 Ratings </msg>
<status status="PASS" starttime="20240109 15:43:00.130" endtime="20240109 15:43:00.146"/>
</kw>
<kw name="Append Rows" library="create_addrows">
<arg>${xls-file}</arg>
<arg>${sheet_name}</arg>
<arg>${element_name_text}</arg>
<arg>${element_price_text}</arg>
<arg>${element_rating_text}</arg>
<status status="PASS" starttime="20240109 15:43:00.146" endtime="20240109 15:43:00.164"/>
</kw>
<status status="PASS" starttime="20240109 15:43:00.094" endtime="20240109 15:43:00.164"/>
</iter>
<iter>
<var name="${element_index}">23</var>
<kw name="Get Text" library="SeleniumLibrary">
<var>${element_name_text}</var>
<arg>${element_name} [${element_index}]</arg>
<doc>Returns the text value of the element identified by ``locator``.</doc>
<msg timestamp="20240109 15:43:00.182" level="INFO">${element_name_text} = APPLE iPhone 14 (Blue, 256 GB)</msg>
<status status="PASS" starttime="20240109 15:43:00.165" endtime="20240109 15:43:00.182"/>
</kw>
<kw name="Get Text" library="SeleniumLibrary">
<var>${element_price_text}</var>
<arg>${element_price} [${element_index}]</arg>
<doc>Returns the text value of the element identified by ``locator``.</doc>
<msg timestamp="20240109 15:43:00.198" level="INFO">${element_price_text} = ₹68,999</msg>
<status status="PASS" starttime="20240109 15:43:00.182" endtime="20240109 15:43:00.198"/>
</kw>
<kw name="Get Text" library="SeleniumLibrary">
<var>${element_rating_text}</var>
<arg>${element_rating} [${element_index}]</arg>
<doc>Returns the text value of the element identified by ``locator``.</doc>
<msg timestamp="20240109 15:43:00.214" level="INFO">${element_rating_text} = 2,61,856 Ratings </msg>
<status status="PASS" starttime="20240109 15:43:00.198" endtime="20240109 15:43:00.214"/>
</kw>
<kw name="Append Rows" library="create_addrows">
<arg>${xls-file}</arg>
<arg>${sheet_name}</arg>
<arg>${element_name_text}</arg>
<arg>${element_price_text}</arg>
<arg>${element_rating_text}</arg>
<status status="PASS" starttime="20240109 15:43:00.214" endtime="20240109 15:43:00.231"/>
</kw>
<status status="PASS" starttime="20240109 15:43:00.165" endtime="20240109 15:43:00.231"/>
</iter>
<status status="PASS" starttime="20240109 15:42:58.377" endtime="20240109 15:43:00.231"/>
</for>
<status status="PASS" starttime="20240109 15:42:57.350" endtime="20240109 15:43:00.232"/>
</test>
<kw name="Close Browser" library="SeleniumLibrary" type="TEARDOWN">
<doc>Closes the current browser.</doc>
<status status="PASS" starttime="20240109 15:43:00.232" endtime="20240109 15:43:00.295"/>
</kw>
<status status="PASS" starttime="20240109 15:42:52.739" endtime="20240109 15:43:00.295"/>
</suite>
<status status="PASS" starttime="20240109 15:42:39.428" endtime="20240109 15:43:00.296"/>
</suite>
<statistics>
<total>
<stat pass="4" fail="0" skip="0">All Tests</stat>
</total>
<tag>
</tag>
<suite>
<stat pass="4" fail="0" skip="0" id="s1" name="Assignment4">Assignment4</stat>
<stat pass="2" fail="0" skip="0" id="s1-s1" name="Amazon">Assignment4.Amazon</stat>
<stat pass="2" fail="0" skip="0" id="s1-s2" name="Flipkart">Assignment4.Flipkart</stat>
</suite>
</statistics>
<errors>
</errors>
</robot>
