<?xml version="1.0" encoding="UTF-8"?>
<robot generator="Robot 6.1.1 (Python 3.10.12 on linux)" generated="20240105 15:27:31.351" rpa="false" schemaversion="4">
<suite id="s1" name="Add Remove Elements &amp; Checkboxes &amp; Context Menu &amp; Drag and Drop &amp; DropdownList &amp; Hovers &amp; Key Presses &amp; Login Page">
<suite id="s1-s1" name="Add Remove Elements" source="/home/lakshman_k/rftest/robot_Assignment/assignment3/Add_Remove_Elements.robot">
<kw name="Open Browser" library="SeleniumLibrary" type="SETUP">
<arg>https://the-internet.herokuapp.com/add_remove_elements/</arg>
<arg>Chrome</arg>
<doc>Opens a new browser instance to the optional ``url``.</doc>
<msg timestamp="20240105 15:27:31.476" level="INFO">Opening browser 'Chrome' to base url 'https://the-internet.herokuapp.com/add_remove_elements/'.</msg>
<status status="PASS" starttime="20240105 15:27:31.475" endtime="20240105 15:27:35.606"/>
</kw>
<test id="s1-s1-t1" name="Add Element twice And Assert" line="9">
<kw name="Set Variable" library="BuiltIn">
<var>${add_button}</var>
<arg>//button[text()='Add Element']</arg>
<doc>Returns the given values which can then be assigned to a variables.</doc>
<msg timestamp="20240105 15:27:35.607" level="INFO">${add_button} = //button[text()='Add Element']</msg>
<status status="PASS" starttime="20240105 15:27:35.607" endtime="20240105 15:27:35.607"/>
</kw>
<for flavor="IN RANGE">
<var>${index}</var>
<value>2</value>
<iter>
<var name="${index}">0</var>
<kw name="Click Button" library="SeleniumLibrary">
<arg>${add_button}</arg>
<doc>Clicks the button identified by ``locator``.</doc>
<msg timestamp="20240105 15:27:35.609" level="INFO">Clicking button '//button[text()='Add Element']'.</msg>
<status status="PASS" starttime="20240105 15:27:35.608" endtime="20240105 15:27:35.681"/>
</kw>
<status status="PASS" starttime="20240105 15:27:35.608" endtime="20240105 15:27:35.681"/>
</iter>
<iter>
<var name="${index}">1</var>
<kw name="Click Button" library="SeleniumLibrary">
<arg>${add_button}</arg>
<doc>Clicks the button identified by ``locator``.</doc>
<msg timestamp="20240105 15:27:35.682" level="INFO">Clicking button '//button[text()='Add Element']'.</msg>
<status status="PASS" starttime="20240105 15:27:35.681" endtime="20240105 15:27:35.728"/>
</kw>
<status status="PASS" starttime="20240105 15:27:35.681" endtime="20240105 15:27:35.728"/>
</iter>
<status status="PASS" starttime="20240105 15:27:35.608" endtime="20240105 15:27:35.728"/>
</for>
<kw name="Get WebElements" library="SeleniumLibrary">
<var>${delete_btn}</var>
<arg>//div[@id='elements']/button</arg>
<doc>Returns a list of WebElement objects matching the ``locator``.</doc>
<msg timestamp="20240105 15:27:35.741" level="INFO">${delete_btn} = [&lt;selenium.webdriver.remote.webelement.WebElement (session="351188e51abcbb86280d9791ff677ae9", element="01A0693CAAEC283E0960C8D6FC316629_element_7")&gt;, &lt;selenium.webdriver.remote.webelement.WebElement ...</msg>
<status status="PASS" starttime="20240105 15:27:35.728" endtime="20240105 15:27:35.741"/>
</kw>
<kw name="Get Length" library="BuiltIn">
<var>${del_btn_count}</var>
<arg>${delete_btn}</arg>
<doc>Returns and logs the length of the given item as an integer.</doc>
<msg timestamp="20240105 15:27:35.742" level="INFO">Length is 2</msg>
<msg timestamp="20240105 15:27:35.742" level="INFO">${del_btn_count} = 2</msg>
<status status="PASS" starttime="20240105 15:27:35.741" endtime="20240105 15:27:35.742"/>
</kw>
<kw name="Should Be Equal As Numbers" library="BuiltIn">
<arg>${del_btn_count}</arg>
<arg>2</arg>
<doc>Fails if objects are unequal after converting them to real numbers.</doc>
<msg timestamp="20240105 15:27:35.742" level="INFO">Argument types are:
&lt;class 'int'&gt;
&lt;class 'str'&gt;</msg>
<status status="PASS" starttime="20240105 15:27:35.742" endtime="20240105 15:27:35.742"/>
</kw>
<status status="PASS" starttime="20240105 15:27:35.606" endtime="20240105 15:27:35.742"/>
</test>
<test id="s1-s1-t2" name="Delete button And Assert" line="20">
<kw name="Set Variable" library="BuiltIn">
<var>${del_button}</var>
<arg>//div[@id='elements']/button</arg>
<doc>Returns the given values which can then be assigned to a variables.</doc>
<msg timestamp="20240105 15:27:35.744" level="INFO">${del_button} = //div[@id='elements']/button</msg>
<status status="PASS" starttime="20240105 15:27:35.744" endtime="20240105 15:27:35.744"/>
</kw>
<kw name="Click Button" library="SeleniumLibrary">
<arg>${del_button}</arg>
<doc>Clicks the button identified by ``locator``.</doc>
<msg timestamp="20240105 15:27:35.744" level="INFO">Clicking button '//div[@id='elements']/button'.</msg>
<status status="PASS" starttime="20240105 15:27:35.744" endtime="20240105 15:27:35.805"/>
</kw>
<kw name="Get WebElements" library="SeleniumLibrary">
<var>${delete_btn}</var>
<arg>${del_button}</arg>
<doc>Returns a list of WebElement objects matching the ``locator``.</doc>
<msg timestamp="20240105 15:27:35.813" level="INFO">${delete_btn} = [&lt;selenium.webdriver.remote.webelement.WebElement (session="351188e51abcbb86280d9791ff677ae9", element="01A0693CAAEC283E0960C8D6FC316629_element_8")&gt;]</msg>
<status status="PASS" starttime="20240105 15:27:35.805" endtime="20240105 15:27:35.813"/>
</kw>
<kw name="Get Length" library="BuiltIn">
<var>${del_btn_count}</var>
<arg>${delete_btn}</arg>
<doc>Returns and logs the length of the given item as an integer.</doc>
<msg timestamp="20240105 15:27:35.814" level="INFO">Length is 1</msg>
<msg timestamp="20240105 15:27:35.814" level="INFO">${del_btn_count} = 1</msg>
<status status="PASS" starttime="20240105 15:27:35.813" endtime="20240105 15:27:35.814"/>
</kw>
<kw name="Should Be Equal As Numbers" library="BuiltIn">
<arg>${del_btn_count}</arg>
<arg>1</arg>
<doc>Fails if objects are unequal after converting them to real numbers.</doc>
<msg timestamp="20240105 15:27:35.814" level="INFO">Argument types are:
&lt;class 'int'&gt;
&lt;class 'str'&gt;</msg>
<status status="PASS" starttime="20240105 15:27:35.814" endtime="20240105 15:27:35.814"/>
</kw>
<status status="PASS" starttime="20240105 15:27:35.743" endtime="20240105 15:27:35.814"/>
</test>
<kw name="Close Browser" library="SeleniumLibrary" type="TEARDOWN">
<doc>Closes the current browser.</doc>
<status status="PASS" starttime="20240105 15:27:35.815" endtime="20240105 15:27:35.879"/>
</kw>
<status status="PASS" starttime="20240105 15:27:31.365" endtime="20240105 15:27:35.879"/>
</suite>
<suite id="s1-s2" name="Checkboxes" source="/home/lakshman_k/rftest/robot_Assignment/assignment3/Checkboxes.robot">
<kw name="Open Browser" library="SeleniumLibrary" type="SETUP">
<arg>https://the-internet.herokuapp.com/checkboxes</arg>
<arg>Chrome</arg>
<doc>Opens a new browser instance to the optional ``url``.</doc>
<msg timestamp="20240105 15:27:35.891" level="INFO">Opening browser 'Chrome' to base url 'https://the-internet.herokuapp.com/checkboxes'.</msg>
<status status="PASS" starttime="20240105 15:27:35.889" endtime="20240105 15:27:40.313"/>
</kw>
<test id="s1-s2-t1" name="Verify Checkbox Is Checked" line="8">
<kw name="Set Variable" library="BuiltIn">
<var>${checkbox1}</var>
<arg>xpath=//input[@type='checkbox'][1]</arg>
<doc>Returns the given values which can then be assigned to a variables.</doc>
<msg timestamp="20240105 15:27:40.314" level="INFO">${checkbox1} = xpath=//input[@type='checkbox'][1]</msg>
<status status="PASS" starttime="20240105 15:27:40.314" endtime="20240105 15:27:40.314"/>
</kw>
<kw name="Click Element" library="SeleniumLibrary">
<arg>${checkbox1}</arg>
<doc>Click the element identified by ``locator``.</doc>
<msg timestamp="20240105 15:27:40.315" level="INFO">Clicking element 'xpath=//input[@type='checkbox'][1]'.</msg>
<status status="PASS" starttime="20240105 15:27:40.315" endtime="20240105 15:27:40.381"/>
</kw>
<kw name="Checkbox Should Be Selected" library="SeleniumLibrary">
<arg>${checkbox1}</arg>
<doc>Verifies checkbox ``locator`` is selected/checked.</doc>
<msg timestamp="20240105 15:27:40.382" level="INFO">Verifying checkbox 'xpath=//input[@type='checkbox'][1]' is selected.</msg>
<status status="PASS" starttime="20240105 15:27:40.381" endtime="20240105 15:27:40.417"/>
</kw>
<status status="PASS" starttime="20240105 15:27:40.313" endtime="20240105 15:27:40.417"/>
</test>
<test id="s1-s2-t2" name="Verify Checkbox Is Unchecked" line="13">
<kw name="Set Variable" library="BuiltIn">
<var>${checkbox2}</var>
<arg>xpath=//input[@type='checkbox'][2]</arg>
<doc>Returns the given values which can then be assigned to a variables.</doc>
<msg timestamp="20240105 15:27:40.418" level="INFO">${checkbox2} = xpath=//input[@type='checkbox'][2]</msg>
<status status="PASS" starttime="20240105 15:27:40.418" endtime="20240105 15:27:40.418"/>
</kw>
<kw name="Click Element" library="SeleniumLibrary">
<arg>${checkbox2}</arg>
<doc>Click the element identified by ``locator``.</doc>
<msg timestamp="20240105 15:27:40.419" level="INFO">Clicking element 'xpath=//input[@type='checkbox'][2]'.</msg>
<status status="PASS" starttime="20240105 15:27:40.418" endtime="20240105 15:27:40.464"/>
</kw>
<kw name="Checkbox Should Not Be Selected" library="SeleniumLibrary">
<arg>${checkbox2}</arg>
<doc>Verifies checkbox ``locator`` is not selected/checked.</doc>
<msg timestamp="20240105 15:27:40.465" level="INFO">Verifying checkbox 'xpath=//input[@type='checkbox'][2]' is not selected.</msg>
<status status="PASS" starttime="20240105 15:27:40.464" endtime="20240105 15:27:40.496"/>
</kw>
<status status="PASS" starttime="20240105 15:27:40.417" endtime="20240105 15:27:40.496"/>
</test>
<kw name="Close Browser" library="SeleniumLibrary" type="TEARDOWN">
<doc>Closes the current browser.</doc>
<status status="PASS" starttime="20240105 15:27:40.496" endtime="20240105 15:27:40.557"/>
</kw>
<status status="PASS" starttime="20240105 15:27:35.881" endtime="20240105 15:27:40.557"/>
</suite>
<suite id="s1-s3" name="Context Menu" source="/home/lakshman_k/rftest/robot_Assignment/assignment3/Context_Menu.robot">
<kw name="Open Browser" library="SeleniumLibrary" type="SETUP">
<arg>https://the-internet.herokuapp.com/context_menu</arg>
<arg>Chrome</arg>
<doc>Opens a new browser instance to the optional ``url``.</doc>
<msg timestamp="20240105 15:27:40.562" level="INFO">Opening browser 'Chrome' to base url 'https://the-internet.herokuapp.com/context_menu'.</msg>
<status status="PASS" starttime="20240105 15:27:40.562" endtime="20240105 15:27:44.528"/>
</kw>
<test id="s1-s3-t1" name="Right Click And Assert Text In Prompt" line="8">
<kw name="Set Variable" library="BuiltIn">
<var>${element_box}</var>
<arg>xpath=//div[@id='hot-spot']</arg>
<doc>Returns the given values which can then be assigned to a variables.</doc>
<msg timestamp="20240105 15:27:44.529" level="INFO">${element_box} = xpath=//div[@id='hot-spot']</msg>
<status status="PASS" starttime="20240105 15:27:44.528" endtime="20240105 15:27:44.529"/>
</kw>
<kw name="Wait Until Element Is Visible" library="SeleniumLibrary">
<arg>${element_box}</arg>
<doc>Waits until the element ``locator`` is visible.</doc>
<status status="PASS" starttime="20240105 15:27:44.529" endtime="20240105 15:27:44.557"/>
</kw>
<kw name="Open Context Menu" library="SeleniumLibrary">
<arg>${element_box}</arg>
<doc>Opens the context menu on the element identified by ``locator``.</doc>
<status status="PASS" starttime="20240105 15:27:44.558" endtime="20240105 15:27:44.842"/>
</kw>
<kw name="Sleep" library="BuiltIn">
<arg>1</arg>
<doc>Pauses the test executed for the given time.</doc>
<msg timestamp="20240105 15:27:45.843" level="INFO">Slept 1 second</msg>
<status status="PASS" starttime="20240105 15:27:44.842" endtime="20240105 15:27:45.843"/>
</kw>
<kw name="Handle Alert" library="SeleniumLibrary">
<var>${alert_prompt_txt}</var>
<doc>Handles the current alert and returns its message.</doc>
<msg timestamp="20240105 15:27:45.844" level="INFO">HANDLE::&lt;class 'NoneType'&gt;::None</msg>
<msg timestamp="20240105 15:27:45.858" level="INFO">${alert_prompt_txt} = You selected a context menu</msg>
<status status="PASS" starttime="20240105 15:27:45.843" endtime="20240105 15:27:45.858"/>
</kw>
<kw name="Should Be Equal" library="BuiltIn">
<arg>${alert_prompt_txt}</arg>
<arg>You selected a context menu</arg>
<doc>Fails if the given objects are unequal.</doc>
<status status="PASS" starttime="20240105 15:27:45.859" endtime="20240105 15:27:45.860"/>
</kw>
<status status="PASS" starttime="20240105 15:27:44.528" endtime="20240105 15:27:45.860"/>
</test>
<kw name="Close Browser" library="SeleniumLibrary" type="TEARDOWN">
<doc>Closes the current browser.</doc>
<status status="PASS" starttime="20240105 15:27:45.861" endtime="20240105 15:27:45.924"/>
</kw>
<status status="PASS" starttime="20240105 15:27:40.559" endtime="20240105 15:27:45.924"/>
</suite>
<suite id="s1-s4" name="Drag and Drop" source="/home/lakshman_k/rftest/robot_Assignment/assignment3/Drag_and_Drop.robot">
<kw name="Open Browser" library="SeleniumLibrary" type="SETUP">
<arg>https://the-internet.herokuapp.com/drag_and_drop</arg>
<arg>Chrome</arg>
<doc>Opens a new browser instance to the optional ``url``.</doc>
<msg timestamp="20240105 15:27:45.929" level="INFO">Opening browser 'Chrome' to base url 'https://the-internet.herokuapp.com/drag_and_drop'.</msg>
<status status="PASS" starttime="20240105 15:27:45.929" endtime="20240105 15:27:49.860"/>
</kw>
<test id="s1-s4-t1" name="Swap Boxs and Take Screenshot" line="9">
<kw name="Drag And Drop" library="SeleniumLibrary">
<arg>id=column-a</arg>
<arg>id=column-b</arg>
<doc>Drags the element identified by ``locator`` into the ``target`` element.</doc>
<status status="PASS" starttime="20240105 15:27:49.861" endtime="20240105 15:27:50.416"/>
</kw>
<kw name="Capture Page Screenshot" library="SeleniumLibrary">
<arg>screenshot.png</arg>
<doc>Takes a screenshot of the current page and embeds it into a log file.</doc>
<msg timestamp="20240105 15:27:50.499" level="INFO" html="true">&lt;/td&gt;&lt;/tr&gt;&lt;tr&gt;&lt;td colspan="3"&gt;&lt;a href="screenshot.png"&gt;&lt;img src="screenshot.png" width="800px"&gt;&lt;/a&gt;</msg>
<status status="PASS" starttime="20240105 15:27:50.416" endtime="20240105 15:27:50.499"/>
</kw>
<status status="PASS" starttime="20240105 15:27:49.860" endtime="20240105 15:27:50.499"/>
</test>
<kw name="Close Browser" library="SeleniumLibrary" type="TEARDOWN">
<doc>Closes the current browser.</doc>
<status status="PASS" starttime="20240105 15:27:50.500" endtime="20240105 15:27:50.560"/>
</kw>
<status status="PASS" starttime="20240105 15:27:45.925" endtime="20240105 15:27:50.560"/>
</suite>
<suite id="s1-s5" name="DropdownList" source="/home/lakshman_k/rftest/robot_Assignment/assignment3/DropdownList.robot">
<kw name="Open Browser" library="SeleniumLibrary" type="SETUP">
<arg>https://the-internet.herokuapp.com/dropdown</arg>
<arg>Chrome</arg>
<doc>Opens a new browser instance to the optional ``url``.</doc>
<msg timestamp="20240105 15:27:50.565" level="INFO">Opening browser 'Chrome' to base url 'https://the-internet.herokuapp.com/dropdown'.</msg>
<status status="PASS" starttime="20240105 15:27:50.564" endtime="20240105 15:27:54.648"/>
</kw>
<test id="s1-s5-t1" name="Select Option2 from dropdown" line="8">
<kw name="Set Variable" library="BuiltIn">
<var>${dropdown_locator}</var>
<arg>id=dropdown</arg>
<doc>Returns the given values which can then be assigned to a variables.</doc>
<msg timestamp="20240105 15:27:54.649" level="INFO">${dropdown_locator} = id=dropdown</msg>
<status status="PASS" starttime="20240105 15:27:54.649" endtime="20240105 15:27:54.649"/>
</kw>
<kw name="Select From List By Index" library="SeleniumLibrary">
<arg>${dropdown_locator}</arg>
<arg>2</arg>
<doc>Selects options from selection list ``locator`` by ``indexes``.</doc>
<msg timestamp="20240105 15:27:54.650" level="INFO">Selecting options from selection list 'id=dropdown' by index 2.</msg>
<status status="PASS" starttime="20240105 15:27:54.649" endtime="20240105 15:27:54.770"/>
</kw>
<status status="PASS" starttime="20240105 15:27:54.648" endtime="20240105 15:27:54.770"/>
</test>
<kw name="Close Browser" library="SeleniumLibrary" type="TEARDOWN">
<doc>Closes the current browser.</doc>
<status status="PASS" starttime="20240105 15:27:54.771" endtime="20240105 15:27:54.833"/>
</kw>
<status status="PASS" starttime="20240105 15:27:50.562" endtime="20240105 15:27:54.834"/>
</suite>
<suite id="s1-s6" name="Hovers" source="/home/lakshman_k/rftest/robot_Assignment/assignment3/Hovers.robot">
<kw name="Open Browser" library="SeleniumLibrary" type="SETUP">
<arg>https://the-internet.herokuapp.com/hovers</arg>
<arg>Chrome</arg>
<doc>Opens a new browser instance to the optional ``url``.</doc>
<msg timestamp="20240105 15:27:54.839" level="INFO">Opening browser 'Chrome' to base url 'https://the-internet.herokuapp.com/hovers'.</msg>
<status status="PASS" starttime="20240105 15:27:54.838" endtime="20240105 15:27:58.819"/>
</kw>
<test id="s1-s6-t1" name="Hover And Assert first User" line="9">
<kw name="Mouse Over" library="SeleniumLibrary">
<arg>xpath=//div[@class='figure'][1]</arg>
<doc>Simulates hovering the mouse over the element ``locator``.</doc>
<msg timestamp="20240105 15:27:58.820" level="INFO">Simulating Mouse Over on element 'xpath=//div[@class='figure'][1]'.</msg>
<status status="PASS" starttime="20240105 15:27:58.819" endtime="20240105 15:27:59.096"/>
</kw>
<kw name="Get Text" library="SeleniumLibrary">
<var>${hover_text}</var>
<arg>xpath=(//div[@class='figcaption']//h5)[1]</arg>
<doc>Returns the text value of the element identified by ``locator``.</doc>
<msg timestamp="20240105 15:27:59.134" level="INFO">${hover_text} = name: user1</msg>
<status status="PASS" starttime="20240105 15:27:59.096" endtime="20240105 15:27:59.134"/>
</kw>
<kw name="Should Be Equal" library="BuiltIn">
<arg>${hover_text}</arg>
<arg>name: user1</arg>
<doc>Fails if the given objects are unequal.</doc>
<status status="PASS" starttime="20240105 15:27:59.134" endtime="20240105 15:27:59.134"/>
</kw>
<status status="PASS" starttime="20240105 15:27:58.819" endtime="20240105 15:27:59.135"/>
</test>
<kw name="Close Browser" library="SeleniumLibrary" type="TEARDOWN">
<doc>Closes the current browser.</doc>
<status status="PASS" starttime="20240105 15:27:59.135" endtime="20240105 15:27:59.208"/>
</kw>
<status status="PASS" starttime="20240105 15:27:54.834" endtime="20240105 15:27:59.209"/>
</suite>
<suite id="s1-s7" name="Key Presses" source="/home/lakshman_k/rftest/robot_Assignment/assignment3/Key_Presses.robot">
<kw name="Open Browser" library="SeleniumLibrary" type="SETUP">
<arg>https://the-internet.herokuapp.com/key_presses</arg>
<arg>Chrome</arg>
<doc>Opens a new browser instance to the optional ``url``.</doc>
<msg timestamp="20240105 15:27:59.216" level="INFO">Opening browser 'Chrome' to base url 'https://the-internet.herokuapp.com/key_presses'.</msg>
<status status="PASS" starttime="20240105 15:27:59.215" endtime="20240105 15:28:03.292"/>
</kw>
<test id="s1-s7-t1" name="Press Tab key" line="9">
<kw name="Press Keys" library="SeleniumLibrary">
<arg>id=target</arg>
<arg>TAB</arg>
<doc>Simulates the user pressing key(s) to an element or on the active browser.</doc>
<msg timestamp="20240105 15:28:03.294" level="INFO">Sending key(s) ('TAB',) to id=target element.</msg>
<msg timestamp="20240105 15:28:03.588" level="INFO">Pressing special key TAB to element.</msg>
<msg timestamp="20240105 15:28:03.588" level="INFO">Releasing special key TAB.</msg>
<status status="PASS" starttime="20240105 15:28:03.293" endtime="20240105 15:28:03.597"/>
</kw>
<kw name="Get Text" library="SeleniumLibrary">
<var>${enter_tab_text}</var>
<arg>xpath=//p[@id='result']</arg>
<doc>Returns the text value of the element identified by ``locator``.</doc>
<msg timestamp="20240105 15:28:03.626" level="INFO">${enter_tab_text} = You entered: TAB</msg>
<status status="PASS" starttime="20240105 15:28:03.597" endtime="20240105 15:28:03.626"/>
</kw>
<kw name="Should Be Equal" library="BuiltIn">
<arg>${enter_tab_text}</arg>
<arg>You entered: TAB</arg>
<doc>Fails if the given objects are unequal.</doc>
<status status="PASS" starttime="20240105 15:28:03.626" endtime="20240105 15:28:03.627"/>
</kw>
<status status="PASS" starttime="20240105 15:28:03.292" endtime="20240105 15:28:03.627"/>
</test>
<kw name="Close Browser" library="SeleniumLibrary" type="TEARDOWN">
<doc>Closes the current browser.</doc>
<status status="PASS" starttime="20240105 15:28:03.627" endtime="20240105 15:28:03.689"/>
</kw>
<status status="PASS" starttime="20240105 15:27:59.210" endtime="20240105 15:28:03.689"/>
</suite>
<suite id="s1-s8" name="Login Page" source="/home/lakshman_k/rftest/robot_Assignment/assignment3/Login_Page.robot">
<kw name="Open Browser" library="SeleniumLibrary" type="SETUP">
<arg>https://the-internet.herokuapp.com/login</arg>
<arg>Chrome</arg>
<doc>Opens a new browser instance to the optional ``url``.</doc>
<msg timestamp="20240105 15:28:03.695" level="INFO">Opening browser 'Chrome' to base url 'https://the-internet.herokuapp.com/login'.</msg>
<status status="PASS" starttime="20240105 15:28:03.694" endtime="20240105 15:28:08.132"/>
</kw>
<test id="s1-s8-t1" name="Login Page" line="9">
<kw name="Input Text" library="SeleniumLibrary">
<arg>id=username</arg>
<arg>tomsmith</arg>
<doc>Types the given ``text`` into the text field identified by ``locator``.</doc>
<msg timestamp="20240105 15:28:08.134" level="INFO">Typing text 'tomsmith' into text field 'id=username'.</msg>
<status status="PASS" starttime="20240105 15:28:08.133" endtime="20240105 15:28:08.234"/>
</kw>
<kw name="Input Text" library="SeleniumLibrary">
<arg>id=password</arg>
<arg>SuperSecretPassword!</arg>
<doc>Types the given ``text`` into the text field identified by ``locator``.</doc>
<msg timestamp="20240105 15:28:08.235" level="INFO">Typing text 'SuperSecretPassword!' into text field 'id=password'.</msg>
<status status="PASS" starttime="20240105 15:28:08.234" endtime="20240105 15:28:08.314"/>
</kw>
<kw name="Click Button" library="SeleniumLibrary">
<arg>xpath=//button[@type='submit']</arg>
<doc>Clicks the button identified by ``locator``.</doc>
<msg timestamp="20240105 15:28:08.314" level="INFO">Clicking button 'xpath=//button[@type='submit']'.</msg>
<status status="PASS" starttime="20240105 15:28:08.314" endtime="20240105 15:28:08.997"/>
</kw>
<status status="PASS" starttime="20240105 15:28:08.133" endtime="20240105 15:28:08.997"/>
</test>
<test id="s1-s8-t2" name="Assert Login" line="14">
<kw name="Get Text" library="SeleniumLibrary">
<var>${login_text}</var>
<arg>//div[@id='flash']</arg>
<doc>Returns the text value of the element identified by ``locator``.</doc>
<msg timestamp="20240105 15:28:09.029" level="INFO">${login_text} = You logged into a secure area!
×</msg>
<status status="PASS" starttime="20240105 15:28:08.998" endtime="20240105 15:28:09.029"/>
</kw>
<kw name="Should Contain" library="BuiltIn">
<arg>${login_text}</arg>
<arg>You logged into a secure area!</arg>
<doc>Fails if ``container`` does not contain ``item`` one or more times.</doc>
<status status="PASS" starttime="20240105 15:28:09.030" endtime="20240105 15:28:09.030"/>
</kw>
<status status="PASS" starttime="20240105 15:28:08.998" endtime="20240105 15:28:09.030"/>
</test>
<test id="s1-s8-t3" name="Logout And Assert" line="18">
<kw name="Click Element" library="SeleniumLibrary">
<arg>xpath=//a[contains(@href ,'logout')]</arg>
<doc>Click the element identified by ``locator``.</doc>
<msg timestamp="20240105 15:28:09.032" level="INFO">Clicking element 'xpath=//a[contains(@href ,'logout')]'.</msg>
<status status="PASS" starttime="20240105 15:28:09.031" endtime="20240105 15:28:09.626"/>
</kw>
<kw name="Get Text" library="SeleniumLibrary">
<var>${login_out}</var>
<arg>//div[@id='flash']</arg>
<doc>Returns the text value of the element identified by ``locator``.</doc>
<msg timestamp="20240105 15:28:09.649" level="INFO">${login_out} = You logged out of the secure area!
×</msg>
<status status="PASS" starttime="20240105 15:28:09.626" endtime="20240105 15:28:09.649"/>
</kw>
<kw name="Should Contain" library="BuiltIn">
<arg>${login_out}</arg>
<arg>You logged out of the secure area</arg>
<doc>Fails if ``container`` does not contain ``item`` one or more times.</doc>
<status status="PASS" starttime="20240105 15:28:09.649" endtime="20240105 15:28:09.650"/>
</kw>
<status status="PASS" starttime="20240105 15:28:09.031" endtime="20240105 15:28:09.650"/>
</test>
<kw name="Close Browser" library="SeleniumLibrary" type="TEARDOWN">
<doc>Closes the current browser.</doc>
<status status="PASS" starttime="20240105 15:28:09.651" endtime="20240105 15:28:09.714"/>
</kw>
<status status="PASS" starttime="20240105 15:28:03.690" endtime="20240105 15:28:09.715"/>
</suite>
<status status="PASS" starttime="20240105 15:27:31.352" endtime="20240105 15:28:09.717"/>
</suite>
<statistics>
<total>
<stat pass="12" fail="0" skip="0">All Tests</stat>
</total>
<tag>
</tag>
<suite>
<stat pass="12" fail="0" skip="0" id="s1" name="Add Remove Elements &amp; Checkboxes &amp; Context Menu &amp; Drag and Drop &amp; DropdownList &amp; Hovers &amp; Key Presses &amp; Login Page">Add Remove Elements &amp; Checkboxes &amp; Context Menu &amp; Drag and Drop &amp; DropdownList &amp; Hovers &amp; Key Presses &amp; Login Page</stat>
<stat pass="2" fail="0" skip="0" id="s1-s1" name="Add Remove Elements">Add Remove Elements &amp; Checkboxes &amp; Context Menu &amp; Drag and Drop &amp; DropdownList &amp; Hovers &amp; Key Presses &amp; Login Page.Add Remove Elements</stat>
<stat pass="2" fail="0" skip="0" id="s1-s2" name="Checkboxes">Add Remove Elements &amp; Checkboxes &amp; Context Menu &amp; Drag and Drop &amp; DropdownList &amp; Hovers &amp; Key Presses &amp; Login Page.Checkboxes</stat>
<stat pass="1" fail="0" skip="0" id="s1-s3" name="Context Menu">Add Remove Elements &amp; Checkboxes &amp; Context Menu &amp; Drag and Drop &amp; DropdownList &amp; Hovers &amp; Key Presses &amp; Login Page.Context Menu</stat>
<stat pass="1" fail="0" skip="0" id="s1-s4" name="Drag and Drop">Add Remove Elements &amp; Checkboxes &amp; Context Menu &amp; Drag and Drop &amp; DropdownList &amp; Hovers &amp; Key Presses &amp; Login Page.Drag and Drop</stat>
<stat pass="1" fail="0" skip="0" id="s1-s5" name="DropdownList">Add Remove Elements &amp; Checkboxes &amp; Context Menu &amp; Drag and Drop &amp; DropdownList &amp; Hovers &amp; Key Presses &amp; Login Page.DropdownList</stat>
<stat pass="1" fail="0" skip="0" id="s1-s6" name="Hovers">Add Remove Elements &amp; Checkboxes &amp; Context Menu &amp; Drag and Drop &amp; DropdownList &amp; Hovers &amp; Key Presses &amp; Login Page.Hovers</stat>
<stat pass="1" fail="0" skip="0" id="s1-s7" name="Key Presses">Add Remove Elements &amp; Checkboxes &amp; Context Menu &amp; Drag and Drop &amp; DropdownList &amp; Hovers &amp; Key Presses &amp; Login Page.Key Presses</stat>
<stat pass="3" fail="0" skip="0" id="s1-s8" name="Login Page">Add Remove Elements &amp; Checkboxes &amp; Context Menu &amp; Drag and Drop &amp; DropdownList &amp; Hovers &amp; Key Presses &amp; Login Page.Login Page</stat>
</suite>
</statistics>
<errors>
</errors>
</robot>
